Added Component: Designator=C1(CAP_0603)
Added Component: Designator=C2(CAP_0603)
Added Component: Designator=C3(CAP_0603)
Added Component: Designator=C4(CAP_0603)
Added Component: Designator=C5(CAPE_TH_5.0_13)
Added Component: Designator=C6(CAP_0603)
Added Component: Designator=C7(CAP_0603)
Added Component: Designator=C8(CAP_0603)
Added Component: Designator=C9(CAP_0603)
Added Component: Designator=D1(LED_0603_B)
Added Component: Designator=D2(LED_0603_B)
Added Component: Designator=D3(LED_0603_B)
Added Component: Designator=D4(LED_0603_B)
Added Component: Designator=D5(LED_0603_B)
Added Component: Designator=F1(F1206)
Added Component: Designator=J1(Header 2.54X8)
Added Component: Designator=JP1(FPC_1.0_8P)
Added Component: Designator=JP2(FPC_1.0_8P)
Added Component: Designator=P1(KF_2P-5.08)
Added Component: Designator=P2(KF_2P-5.08)
Added Component: Designator=P3(KF_2P-5.08)
Added Component: Designator=P4(KF_2P-5.08)
Added Component: Designator=Q1(TO-252-2)
Added Component: Designator=R1(RES_0603)
Added Component: Designator=R2(RES_0603)
Added Component: Designator=R3(RES_0603)
Added Component: Designator=R4(RES_0603)
Added Component: Designator=R5(RES_0603)
Added Component: Designator=R6(RES_0603)
Added Component: Designator=R7(RES_0603)
Added Component: Designator=R8(RES_0603)
Added Component: Designator=R9(RES_0603)
Added Component: Designator=R10(RES_0603)
Added Component: Designator=R11(RES_0603)
Added Component: Designator=R12(RES_0603)
Added Component: Designator=R13(RES_0603)
Added Component: Designator=R14(RES_0603)
Added Component: Designator=R15(RES_0603)
Added Component: Designator=R16(RES_0603)
Added Component: Designator=R17(RES_0603)
Added Component: Designator=R18(RES_0603)
Added Component: Designator=R19(RES_0603)
Added Component: Designator=R20(RES_0603)
Added Component: Designator=R21(RES_0603)
Added Component: Designator=R22(RES_0603)
Added Component: Designator=R23(RES_0603)
Added Component: Designator=R24(RES_0603)
Added Component: Designator=R25(RES_0603)
Added Component: Designator=R26(RES_0603)
Added Component: Designator=R27(RES_0603)
Added Component: Designator=R28(RES_0603)
Added Component: Designator=R29(RES_0603)
Added Component: Designator=R30(RES_0603)
Added Component: Designator=R31(RES_0603)
Added Component: Designator=R32(RES_0805)
Added Component: Designator=SW1(SW-TH_K3-1260D-K1)
Added Component: Designator=U1(SOP8_2_54)
Added Component: Designator=U2(SOP8_2_54)
Added Component: Designator=U3(TO263_7)
Added Component: Designator=U4(TO263_7)
Added Component: Designator=U5(TO263_7)
Added Component: Designator=U6(TO263_7)
Added Component: Designator=U7(SOT-223_3)
Added Component: Designator=U8(SOT-223_3)
Added Pin To Net: NetName=7.2V Pin=C6-1
Added Pin To Net: NetName=7.2V Pin=C8-1
Added Pin To Net: NetName=7.2V Pin=F1-1
Added Pin To Net: NetName=7.2V Pin=R23-1
Added Pin To Net: NetName=7.2V Pin=U3-7
Added Pin To Net: NetName=7.2V Pin=U4-7
Added Pin To Net: NetName=7.2V Pin=U5-7
Added Pin To Net: NetName=7.2V Pin=U6-7
Added Pin To Net: NetName=7.2V Pin=U7-3
Added Pin To Net: NetName=7.2V Pin=U8-3
Added Net: Name=7.2V
Added Pin To Net: NetName=ADC1 Pin=J1-1
Added Pin To Net: NetName=ADC1 Pin=JP1-1
Added Pin To Net: NetName=ADC1 Pin=JP2-8
Added Pin To Net: NetName=ADC1 Pin=R16-2
Added Pin To Net: NetName=ADC1 Pin=U3-6
Added Pin To Net: NetName=ADC1 Pin=U4-6
Added Net: Name=ADC1
Added Pin To Net: NetName=ADC2 Pin=J1-2
Added Pin To Net: NetName=ADC2 Pin=JP1-2
Added Pin To Net: NetName=ADC2 Pin=JP2-7
Added Pin To Net: NetName=ADC2 Pin=R26-2
Added Pin To Net: NetName=ADC2 Pin=U5-6
Added Pin To Net: NetName=ADC2 Pin=U6-6
Added Net: Name=ADC2
Added Pin To Net: NetName=GND Pin=C5-2
Added Pin To Net: NetName=GND Pin=C6-2
Added Pin To Net: NetName=GND Pin=C7-2
Added Pin To Net: NetName=GND Pin=C8-2
Added Pin To Net: NetName=GND Pin=C9-2
Added Pin To Net: NetName=GND Pin=D3-C
Added Pin To Net: NetName=GND Pin=J1-8
Added Pin To Net: NetName=GND Pin=JP1-8
Added Pin To Net: NetName=GND Pin=JP2-1
Added Pin To Net: NetName=GND Pin=P2-2
Added Pin To Net: NetName=GND Pin=Q1-3
Added Pin To Net: NetName=GND Pin=R5-1
Added Pin To Net: NetName=GND Pin=R6-1
Added Pin To Net: NetName=GND Pin=R11-1
Added Pin To Net: NetName=GND Pin=R12-1
Added Pin To Net: NetName=GND Pin=R32-1
Added Pin To Net: NetName=GND Pin=U1-5
Added Pin To Net: NetName=GND Pin=U2-5
Added Pin To Net: NetName=GND Pin=U7-1
Added Pin To Net: NetName=GND Pin=U8-1
Added Net: Name=GND
Added Pin To Net: NetName=NetC1_2 Pin=C1-2
Added Pin To Net: NetName=NetC1_2 Pin=R15-1
Added Pin To Net: NetName=NetC1_2 Pin=U3-5
Added Net: Name=NetC1_2
Added Pin To Net: NetName=NetC2_2 Pin=C2-2
Added Pin To Net: NetName=NetC2_2 Pin=R21-1
Added Pin To Net: NetName=NetC2_2 Pin=U4-5
Added Net: Name=NetC2_2
Added Pin To Net: NetName=NetC3_2 Pin=C3-2
Added Pin To Net: NetName=NetC3_2 Pin=R25-1
Added Pin To Net: NetName=NetC3_2 Pin=U5-5
Added Net: Name=NetC3_2
Added Pin To Net: NetName=NetC4_2 Pin=C4-2
Added Pin To Net: NetName=NetC4_2 Pin=R31-1
Added Pin To Net: NetName=NetC4_2 Pin=U6-5
Added Net: Name=NetC4_2
Added Pin To Net: NetName=NetC5_1 Pin=C5-1
Added Pin To Net: NetName=NetC5_1 Pin=F1-2
Added Pin To Net: NetName=NetC5_1 Pin=R32-2
Added Pin To Net: NetName=NetC5_1 Pin=SW1-2
Added Net: Name=NetC5_1
Added Pin To Net: NetName=NetD1_A Pin=D1-A
Added Pin To Net: NetName=NetD1_A Pin=R18-2
Added Net: Name=NetD1_A
Added Pin To Net: NetName=NetD1_C Pin=D1-C
Added Pin To Net: NetName=NetD1_C Pin=P1-1
Added Pin To Net: NetName=NetD1_C Pin=R17-1
Added Pin To Net: NetName=NetD1_C Pin=U3-4
Added Pin To Net: NetName=NetD1_C Pin=U3-8
Added Net: Name=NetD1_C
Added Pin To Net: NetName=NetD2_A Pin=D2-A
Added Pin To Net: NetName=NetD2_A Pin=R17-2
Added Net: Name=NetD2_A
Added Pin To Net: NetName=NetD2_C Pin=D2-C
Added Pin To Net: NetName=NetD2_C Pin=P1-2
Added Pin To Net: NetName=NetD2_C Pin=R18-1
Added Pin To Net: NetName=NetD2_C Pin=U4-4
Added Pin To Net: NetName=NetD2_C Pin=U4-8
Added Net: Name=NetD2_C
Added Pin To Net: NetName=NetD3_A Pin=D3-A
Added Pin To Net: NetName=NetD3_A Pin=R23-2
Added Net: Name=NetD3_A
Added Pin To Net: NetName=NetD4_A Pin=D4-A
Added Pin To Net: NetName=NetD4_A Pin=R28-2
Added Net: Name=NetD4_A
Added Pin To Net: NetName=NetD4_C Pin=D4-C
Added Pin To Net: NetName=NetD4_C Pin=P4-1
Added Pin To Net: NetName=NetD4_C Pin=R27-1
Added Pin To Net: NetName=NetD4_C Pin=U5-4
Added Pin To Net: NetName=NetD4_C Pin=U5-8
Added Net: Name=NetD4_C
Added Pin To Net: NetName=NetD5_A Pin=D5-A
Added Pin To Net: NetName=NetD5_A Pin=R27-2
Added Net: Name=NetD5_A
Added Pin To Net: NetName=NetD5_C Pin=D5-C
Added Pin To Net: NetName=NetD5_C Pin=P4-2
Added Pin To Net: NetName=NetD5_C Pin=R28-1
Added Pin To Net: NetName=NetD5_C Pin=U6-4
Added Pin To Net: NetName=NetD5_C Pin=U6-8
Added Net: Name=NetD5_C
Added Pin To Net: NetName=NetP2_1 Pin=P2-1
Added Pin To Net: NetName=NetP2_1 Pin=P3-1
Added Pin To Net: NetName=NetP2_1 Pin=Q1-1
Added Pin To Net: NetName=NetP2_1 Pin=SW1-3
Added Net: Name=NetP2_1
Added Pin To Net: NetName=NetP3_2 Pin=P3-2
Added Pin To Net: NetName=NetP3_2 Pin=Q1-4
Added Net: Name=NetP3_2
Added Pin To Net: NetName=NetR1_1 Pin=R1-1
Added Pin To Net: NetName=NetR1_1 Pin=U1-1
Added Net: Name=NetR1_1
Added Pin To Net: NetName=NetR2_1 Pin=R2-1
Added Pin To Net: NetName=NetR2_1 Pin=U1-4
Added Net: Name=NetR2_1
Added Pin To Net: NetName=NetR7_1 Pin=R7-1
Added Pin To Net: NetName=NetR7_1 Pin=U2-1
Added Net: Name=NetR7_1
Added Pin To Net: NetName=NetR8_1 Pin=R8-1
Added Pin To Net: NetName=NetR8_1 Pin=U2-4
Added Net: Name=NetR8_1
Added Pin To Net: NetName=NetR13_1 Pin=R13-1
Added Pin To Net: NetName=NetR13_1 Pin=U3-2
Added Net: Name=NetR13_1
Added Pin To Net: NetName=NetR14_1 Pin=R14-1
Added Pin To Net: NetName=NetR14_1 Pin=U3-3
Added Net: Name=NetR14_1
Added Pin To Net: NetName=NetR19_1 Pin=R19-1
Added Pin To Net: NetName=NetR19_1 Pin=U4-2
Added Net: Name=NetR19_1
Added Pin To Net: NetName=NetR20_1 Pin=R20-1
Added Pin To Net: NetName=NetR20_1 Pin=U4-3
Added Net: Name=NetR20_1
Added Pin To Net: NetName=NetR22_1 Pin=R22-1
Added Pin To Net: NetName=NetR22_1 Pin=U5-2
Added Net: Name=NetR22_1
Added Pin To Net: NetName=NetR24_1 Pin=R24-1
Added Pin To Net: NetName=NetR24_1 Pin=U5-3
Added Net: Name=NetR24_1
Added Pin To Net: NetName=NetR29_1 Pin=R29-1
Added Pin To Net: NetName=NetR29_1 Pin=U6-2
Added Net: Name=NetR29_1
Added Pin To Net: NetName=NetR30_1 Pin=R30-1
Added Pin To Net: NetName=NetR30_1 Pin=U6-3
Added Net: Name=NetR30_1
Added Pin To Net: NetName=P1+ Pin=R4-1
Added Pin To Net: NetName=P1+ Pin=R19-2
Added Pin To Net: NetName=P1+ Pin=U1-7
Added Net: Name=P1+
Added Pin To Net: NetName=P1- Pin=R3-1
Added Pin To Net: NetName=P1- Pin=R13-2
Added Pin To Net: NetName=P1- Pin=U1-6
Added Net: Name=P1-
Added Pin To Net: NetName=P2+ Pin=R10-1
Added Pin To Net: NetName=P2+ Pin=R29-2
Added Pin To Net: NetName=P2+ Pin=U2-7
Added Net: Name=P2+
Added Pin To Net: NetName=P2- Pin=R9-1
Added Pin To Net: NetName=P2- Pin=R22-2
Added Pin To Net: NetName=P2- Pin=U2-6
Added Net: Name=P2-
Added Pin To Net: NetName=PGND Pin=C1-1
Added Pin To Net: NetName=PGND Pin=C2-1
Added Pin To Net: NetName=PGND Pin=C3-1
Added Pin To Net: NetName=PGND Pin=C4-1
Added Pin To Net: NetName=PGND Pin=R15-2
Added Pin To Net: NetName=PGND Pin=R16-1
Added Pin To Net: NetName=PGND Pin=R21-2
Added Pin To Net: NetName=PGND Pin=R25-2
Added Pin To Net: NetName=PGND Pin=R26-1
Added Pin To Net: NetName=PGND Pin=R31-2
Added Pin To Net: NetName=PGND Pin=U3-1
Added Pin To Net: NetName=PGND Pin=U4-1
Added Pin To Net: NetName=PGND Pin=U5-1
Added Pin To Net: NetName=PGND Pin=U6-1
Added Net: Name=PGND
Added Pin To Net: NetName=PWM1+ Pin=J1-4
Added Pin To Net: NetName=PWM1+ Pin=JP1-4
Added Pin To Net: NetName=PWM1+ Pin=JP2-5
Added Pin To Net: NetName=PWM1+ Pin=R6-2
Added Pin To Net: NetName=PWM1+ Pin=U1-2
Added Net: Name=PWM1+
Added Pin To Net: NetName=PWM1- Pin=J1-5
Added Pin To Net: NetName=PWM1- Pin=JP1-5
Added Pin To Net: NetName=PWM1- Pin=JP2-4
Added Pin To Net: NetName=PWM1- Pin=R5-2
Added Pin To Net: NetName=PWM1- Pin=U1-3
Added Net: Name=PWM1-
Added Pin To Net: NetName=PWM2+ Pin=J1-6
Added Pin To Net: NetName=PWM2+ Pin=JP1-6
Added Pin To Net: NetName=PWM2+ Pin=JP2-3
Added Pin To Net: NetName=PWM2+ Pin=R12-2
Added Pin To Net: NetName=PWM2+ Pin=U2-2
Added Net: Name=PWM2+
Added Pin To Net: NetName=PWM2- Pin=J1-7
Added Pin To Net: NetName=PWM2- Pin=JP1-7
Added Pin To Net: NetName=PWM2- Pin=JP2-2
Added Pin To Net: NetName=PWM2- Pin=R11-2
Added Pin To Net: NetName=PWM2- Pin=U2-3
Added Net: Name=PWM2-
Added Pin To Net: NetName=VCC_3.3V Pin=C9-1
Added Pin To Net: NetName=VCC_3.3V Pin=R1-2
Added Pin To Net: NetName=VCC_3.3V Pin=R2-2
Added Pin To Net: NetName=VCC_3.3V Pin=R7-2
Added Pin To Net: NetName=VCC_3.3V Pin=R8-2
Added Pin To Net: NetName=VCC_3.3V Pin=U8-2
Added Net: Name=VCC_3.3V
Added Pin To Net: NetName=VCC_5V Pin=C7-1
Added Pin To Net: NetName=VCC_5V Pin=R3-2
Added Pin To Net: NetName=VCC_5V Pin=R4-2
Added Pin To Net: NetName=VCC_5V Pin=R9-2
Added Pin To Net: NetName=VCC_5V Pin=R10-2
Added Pin To Net: NetName=VCC_5V Pin=R14-2
Added Pin To Net: NetName=VCC_5V Pin=R20-2
Added Pin To Net: NetName=VCC_5V Pin=R24-2
Added Pin To Net: NetName=VCC_5V Pin=R30-2
Added Pin To Net: NetName=VCC_5V Pin=U1-8
Added Pin To Net: NetName=VCC_5V Pin=U2-8
Added Pin To Net: NetName=VCC_5V Pin=U7-2
Added Net: Name=VCC_5V
Added Class: Name=MotorDriver
Added Room: Name=MotorDriver
