Removed Pin From Net: NetName=7.2V Pin=C8-1
Removed Pin From Net: NetName=MOTOR1- Pin=D1-C
Removed Pin From Net: NetName=NetD2_A Pin=D2-A
Removed Pin From Net: NetName=MOTOR1+ Pin=D2-C
Removed Pin From Net: NetName=MOTOR2- Pin=D4-C
Removed Pin From Net: NetName=MOTOR2+ Pin=D5-C
Removed Pin From Net: NetName=MOTOR1- Pin=R17-1
Removed Pin From Net: NetName=NetD2_A Pin=R17-2
Removed Pin From Net: NetName=MOTOR1+ Pin=R18-1
Removed Pin From Net: NetName=MOTOR2- Pin=R28-1
Removed Pin From Net: NetName=MOTOR2+ Pin=R29-1
Removed Pin From Net: NetName=7.2V Pin=U8-3
Removed Member From Class: ClassName=MotorDriver Member=D4
Removed Member From Class: ClassName=MotorDriver Member=D5
Removed Member From Class: ClassName=MotorDriver Member=R32
Change Component Designator: OldDesignator=D3 NewDesignator=D1
Change Component Designator: OldDesignator=R1 NewDesignator=R2
Change Component Designator: OldDesignator=R2 NewDesignator=R3
Change Component Designator: OldDesignator=R3 NewDesignator=R4
Change Component Designator: OldDesignator=R4 NewDesignator=R5
Change Component Designator: OldDesignator=R5 NewDesignator=R6
Change Component Designator: OldDesignator=R6 NewDesignator=R7
Change Component Designator: OldDesignator=R7 NewDesignator=R8
Change Component Designator: OldDesignator=R8 NewDesignator=R9
Change Component Designator: OldDesignator=R9 NewDesignator=R10
Change Component Designator: OldDesignator=R10 NewDesignator=R11
Change Component Designator: OldDesignator=R11 NewDesignator=R12
Change Component Designator: OldDesignator=R12 NewDesignator=R13
Change Component Designator: OldDesignator=R13 NewDesignator=R14
Change Component Designator: OldDesignator=R14 NewDesignator=R15
Change Component Designator: OldDesignator=R15 NewDesignator=R16
Change Component Designator: OldDesignator=R16 NewDesignator=R17
Change Component Designator: OldDesignator=R19 NewDesignator=R18
Change Component Designator: OldDesignator=R20 NewDesignator=R19
Change Component Designator: OldDesignator=R21 NewDesignator=R20
Change Component Designator: OldDesignator=R22 NewDesignator=R21
Change Component Designator: OldDesignator=R23 NewDesignator=R24
Change Component Designator: OldDesignator=R24 NewDesignator=R25
Change Component Designator: OldDesignator=R25 NewDesignator=R26
Change Component Designator: OldDesignator=R26 NewDesignator=R27
Change Component Designator: OldDesignator=R27 NewDesignator=R28
Change Component Designator: OldDesignator=R30 NewDesignator=R29
Change Component Designator: OldDesignator=R31 NewDesignator=R30
Change Component Designator: OldDesignator=R32 NewDesignator=R31
Added Component: Designator=D2(LED_0603_B)
Added Component: Designator=D3(LED_0603_B)
Added Component: Designator=R1(RES_0805)
Added Component: Designator=R22(RES_0603)
Added Component: Designator=R23(RES_0603)
Added Pin To Net: NetName=VCC_5V Pin=C8-1
Added Pin To Net: NetName=NetD2_A Pin=D2-A
Added Pin To Net: NetName=GND Pin=R1-1
Added Pin To Net: NetName=PGND Pin=R1-2
Added Pin To Net: NetName=NetD2_A Pin=R23-2
Added Pin To Net: NetName=VCC_5V Pin=U8-3
Change Net Name : Old Net Name=NetD3_A New Net Name=NetD1_A
Change Net Name : Old Net Name=NetR1_1 New Net Name=NetR2_1
Change Net Name : Old Net Name=NetR2_1 New Net Name=NetR3_1
Change Net Name : Old Net Name=NetR5_1 New Net Name=NetR6_1
Change Net Name : Old Net Name=NetR6_1 New Net Name=NetR7_1
Change Net Name : Old Net Name=NetR13_1 New Net Name=NetR14_1
Change Net Name : Old Net Name=NetR14_1 New Net Name=NetR15_1
Change Net Name : Old Net Name=NetR19_1 New Net Name=NetR18_1
Change Net Name : Old Net Name=NetR20_1 New Net Name=NetR19_1
Change Net Name : Old Net Name=NetR24_1 New Net Name=NetR25_1
Change Net Name : Old Net Name=NetR25_1 New Net Name=NetR26_1
Change Net Name : Old Net Name=NetR30_1 New Net Name=NetR29_1
Change Net Name : Old Net Name=NetR31_1 New Net Name=NetR30_1
Added Pin To Net: NetName=NetD3_A Pin=D3-A
Added Pin To Net: NetName=NetD3_A Pin=R22-2
Added Net: Name=NetD3_A
