Removed Pin From Net: NetName=ADC_MOTOR2 Pin=J2-7
Removed Pin From Net: NetName=ADC_MOTOR1 Pin=J2-8
Removed Pin From Net: NetName=P10.2 Pin=J4-1
Removed Pin From Net: NetName=P11.10 Pin=J4-2
Removed Pin From Net: NetName=P11.9 Pin=J4-3
Removed Pin From Net: NetName=P11.11 Pin=J4-4
Removed Pin From Net: NetName=P11.6 Pin=J5-1
Removed Pin From Net: NetName=P02.8 Pin=J5-2
Removed Pin From Net: NetName=P00.2 Pin=J5-3
Removed Pin From Net: NetName=P00.5 Pin=J5-4
Removed Pin From Net: NetName=P00.9 Pin=J5-5
Removed Pin From Net: NetName=P00.6 Pin=J5-6
Removed Pin From Net: NetName=P00.3 Pin=J5-7
Removed Pin From Net: NetName=P11.12 Pin=J5-8
Removed Pin From Net: NetName=ADC_MOTOR1 Pin=JP1-1
Removed Pin From Net: NetName=ADC_MOTOR2 Pin=JP1-2
Removed Member From Class: ClassName=TC264MCU Member=J13
Removed Member From Class: ClassName=TC264MCU Member=J14
Change Component Designator: OldDesignator=D1 NewDesignator=D3
Change Component Designator: OldDesignator=D2 NewDesignator=D4
Change Component Designator: OldDesignator=D3 NewDesignator=D5
Change Component Designator: OldDesignator=D4 NewDesignator=D6
Change Component Designator: OldDesignator=D5 NewDesignator=D7
Change Component Designator: OldDesignator=D6 NewDesignator=D8
Change Component Designator: OldDesignator=D7 NewDesignator=D9
Change Component Designator: OldDesignator=D8 NewDesignator=D10
Change Component Designator: OldDesignator=D9 NewDesignator=D11
Change Component Designator: OldDesignator=D10 NewDesignator=D12
Change Component Designator: OldDesignator=J6 NewDesignator=J4
Change Component Designator: OldDesignator=J7 NewDesignator=J5
Change Component Designator: OldDesignator=J8 NewDesignator=J6
Change Component Designator: OldDesignator=J9 NewDesignator=J7
Change Component Designator: OldDesignator=J10 NewDesignator=J8
Change Component Designator: OldDesignator=J11 NewDesignator=J9
Change Component Designator: OldDesignator=J13 NewDesignator=J10
Change Component Designator: OldDesignator=J14 NewDesignator=J11
Change Component Designator: OldDesignator=J15 NewDesignator=J12
Change Component Designator: OldDesignator=R1 NewDesignator=R2
Change Component Designator: OldDesignator=R2 NewDesignator=R4
Change Component Designator: OldDesignator=R3 NewDesignator=R5
Change Component Designator: OldDesignator=R4 NewDesignator=R6
Change Component Designator: OldDesignator=R5 NewDesignator=R7
Change Component Designator: OldDesignator=R6 NewDesignator=R8
Change Component Designator: OldDesignator=R7 NewDesignator=R9
Change Component Designator: OldDesignator=R8 NewDesignator=R10
Change Component Designator: OldDesignator=R9 NewDesignator=R11
Change Component Designator: OldDesignator=R10 NewDesignator=R12
Change Component Designator: OldDesignator=R11 NewDesignator=R13
Change Component Designator: OldDesignator=R12 NewDesignator=R14
Change Component Designator: OldDesignator=R13 NewDesignator=R15
Change Component Designator: OldDesignator=R14 NewDesignator=R16
Change Component Designator: OldDesignator=R15 NewDesignator=R17
Change Component Designator: OldDesignator=R16 NewDesignator=R18
Change Component Designator: OldDesignator=R17 NewDesignator=R19
Change Component Designator: OldDesignator=R18 NewDesignator=R20
Change Component Designator: OldDesignator=R19 NewDesignator=R21
Change Component Designator: OldDesignator=R20 NewDesignator=R22
Added Component: Designator=D1(LL-34_L3.5-W1.5-RD)
Added Component: Designator=D2(LL-34_L3.5-W1.5-RD)
Added Component: Designator=R1(RES_0603)
Added Component: Designator=R3(RES_0603)
Added Pin To Net: NetName=ADC_MOTOR1 Pin=D1-1
Added Pin To Net: NetName=GND Pin=D1-2
Added Pin To Net: NetName=ADC_MOTOR2 Pin=D2-1
Added Pin To Net: NetName=GND Pin=D2-2
Added Pin To Net: NetName=ADC_MOTOR1 Pin=R1-1
Added Pin To Net: NetName=ADC_MOTOR2 Pin=R3-1
Change Net Name : Old Net Name=NetD6_1 New Net Name=NetD8_1
Change Net Name : Old Net Name=NetD6_2 New Net Name=NetD8_2
Change Net Name : Old Net Name=NetD7_A New Net Name=NetD9_A
Change Net Name : Old Net Name=NetD8_2 New Net Name=NetD10_2
Change Net Name : Old Net Name=NetD9_1 New Net Name=NetD11_1
Change Net Name : Old Net Name=NetD10_2 New Net Name=NetD12_2
Change Net Name : Old Net Name=NetJ7_3 New Net Name=NetJ5_3
Change Net Name : Old Net Name=NetJ7_4 New Net Name=NetJ5_4
Change Net Name : Old Net Name=NetJ7_5 New Net Name=NetJ5_5
Change Net Name : Old Net Name=NetJ7_6 New Net Name=NetJ5_6
Change Net Name : Old Net Name=NetJ15_3 New Net Name=NetJ12_3
Change Net Name : Old Net Name=NetJ15_4 New Net Name=NetJ12_4
Change Net Name : Old Net Name=NetR4_2 New Net Name=NetR6_2
Change Net Name : Old Net Name=NetR7_2 New Net Name=NetR9_2
Change Net Name : Old Net Name=NetR8_2 New Net Name=NetR10_2
Change Net Name : Old Net Name=NetR9_2 New Net Name=NetR11_2
Change Net Name : Old Net Name=NetR19_1 New Net Name=NetR21_1
Added Pin To Net: NetName=ADC_MOTOR1_IN Pin=J2-8
Added Pin To Net: NetName=ADC_MOTOR1_IN Pin=JP1-1
Added Pin To Net: NetName=ADC_MOTOR1_IN Pin=R1-2
Added Net: Name=ADC_MOTOR1_IN
Added Pin To Net: NetName=ADC_MOTOR2_IN Pin=J2-7
Added Pin To Net: NetName=ADC_MOTOR2_IN Pin=JP1-2
Added Pin To Net: NetName=ADC_MOTOR2_IN Pin=R3-2
Added Net: Name=ADC_MOTOR2_IN
Added Member To Class: ClassName=TC264MCU Member=Component D11 SS54/5A/40V
Added Member To Class: ClassName=TC264MCU Member=Component D12 SS54/5A/40V
Added Member To Class: ClassName=TC264MCU Member=Component R21 240K
Added Member To Class: ClassName=TC264MCU Member=Component R22 1¦¸
