Removed Pin From Net: NetName=VCC_3.3V Pin=J3-2
Removed Pin From Net: NetName=VCC3.3_MCU Pin=U1-6
Removed Pin From Net: NetName=VCC3.3_MCU Pin=U1-46
Change Component Designator: OldDesignator=R4 NewDesignator=R5
Change Component Designator: OldDesignator=R5 NewDesignator=R6
Change Component Designator: OldDesignator=R6 NewDesignator=R7
Change Component Designator: OldDesignator=R7 NewDesignator=R8
Change Component Designator: OldDesignator=R8 NewDesignator=R9
Change Component Designator: OldDesignator=R9 NewDesignator=R10
Change Component Designator: OldDesignator=R10 NewDesignator=R11
Change Component Designator: OldDesignator=R11 NewDesignator=R12
Change Component Designator: OldDesignator=R12 NewDesignator=R13
Change Component Designator: OldDesignator=R13 NewDesignator=R14
Change Component Designator: OldDesignator=R14 NewDesignator=R15
Change Component Designator: OldDesignator=R15 NewDesignator=R16
Change Component Designator: OldDesignator=R16 NewDesignator=R17
Change Component Designator: OldDesignator=R17 NewDesignator=R18
Change Component Designator: OldDesignator=R18 NewDesignator=R19
Change Component Designator: OldDesignator=R19 NewDesignator=R20
Change Component Designator: OldDesignator=R20 NewDesignator=R21
Change Component Designator: OldDesignator=R21 NewDesignator=R23
Change Component Designator: OldDesignator=R22 NewDesignator=R24
Added Component: Designator=R4(RES_0603)
Added Component: Designator=R22(RES_0603)
Added Pin To Net: NetName=VCC_3.3V Pin=R4-1
Added Pin To Net: NetName=VCC3.3_MCU Pin=R22-1
Change Net Name : Old Net Name=NetR6_2 New Net Name=NetR7_2
Change Net Name : Old Net Name=NetR9_2 New Net Name=NetR10_2
Change Net Name : Old Net Name=NetR10_2 New Net Name=NetR11_2
Change Net Name : Old Net Name=NetR11_2 New Net Name=NetR12_2
Change Net Name : Old Net Name=NetR21_1 New Net Name=NetR23_1
Change Net Name : Old Net Name=VCC3.3_MCU New Net Name=NetC10_1
Added Pin To Net: NetName=NetJ3_2 Pin=J3-2
Added Pin To Net: NetName=NetJ3_2 Pin=R4-2
Added Net: Name=NetJ3_2
Added Pin To Net: NetName=VCC3.3_MCU Pin=R22-2
Added Pin To Net: NetName=VCC3.3_MCU Pin=U1-6
Added Pin To Net: NetName=VCC3.3_MCU Pin=U1-46
Added Net: Name=VCC3.3_MCU
Added Member To Class: ClassName=TC264MCU Member=Component R23 240K
Added Member To Class: ClassName=TC264MCU Member=Component R24 1¦¸
