Removed Pin From Net: NetName=GND Pin=J5-1
Removed Pin From Net: NetName=VCC_SERVOMOTOR Pin=J5-2
Removed Pin From Net: NetName=PWM_SERVOMOTOR Pin=J5-3
Change Component Designator: OldDesignator=C1 NewDesignator=C3
Change Component Designator: OldDesignator=C2 NewDesignator=C4
Change Component Designator: OldDesignator=C3 NewDesignator=C5
Change Component Designator: OldDesignator=C4 NewDesignator=C6
Change Component Designator: OldDesignator=C5 NewDesignator=C7
Change Component Designator: OldDesignator=C6 NewDesignator=C8
Change Component Designator: OldDesignator=C7 NewDesignator=C9
Change Component Designator: OldDesignator=D1 NewDesignator=D3
Change Component Designator: OldDesignator=J1 NewDesignator=J2
Change Component Designator: OldDesignator=J2 NewDesignator=J3
Change Component Designator: OldDesignator=J3 NewDesignator=J4
Change Component Designator: OldDesignator=J4 NewDesignator=J5
Change Component Designator: OldDesignator=J6 NewDesignator=J7
Change Component Designator: OldDesignator=J7 NewDesignator=J6
Change Component Designator: OldDesignator=L1 NewDesignator=L2
Change Component Designator: OldDesignator=R1 NewDesignator=R2
Change Component Designator: OldDesignator=R2 NewDesignator=R3
Change Component Designator: OldDesignator=R3 NewDesignator=R4
Change Component Designator: OldDesignator=R4 NewDesignator=R5
Change Component Designator: OldDesignator=R5 NewDesignator=R10
Change Component Designator: OldDesignator=R6 NewDesignator=R11
Change Component Designator: OldDesignator=U2 NewDesignator=U3
Change Component Designator: OldDesignator=U3 NewDesignator=U4
Change Component Designator: OldDesignator=U4 NewDesignator=U5
Added Component: Designator=C1(CAPE_SMD_G_10.6)
Added Component: Designator=C2(CAPE_SMD_F_8.4)
Added Component: Designator=D1(LL-34_L3.5-W1.5-RD)
Added Component: Designator=D2(SMB_L4.6-W3.6-LS5.3-RD)
Added Component: Designator=J1(Header 2.54X3)
Added Component: Designator=L1(IND-SMD_L8.0-W8.0)
Added Component: Designator=R1(RES_0603)
Added Component: Designator=R6(RES_POT-3296W)
Added Component: Designator=R7(RES_0603)
Added Component: Designator=R8(RES_0603)
Added Component: Designator=R9(RES_0603)
Added Component: Designator=U2(SOIC-8_150MIL)
Added Pin To Net: NetName=VCC_SERVOMOTOR Pin=C1-1
Added Pin To Net: NetName=GND Pin=C1-2
Added Pin To Net: NetName=7.2V Pin=C2-1
Added Pin To Net: NetName=GND Pin=C2-2
Added Pin To Net: NetName=PWM_SERVOMOTOR Pin=D1-1
Added Pin To Net: NetName=GND Pin=D1-2
Added Pin To Net: NetName=GND Pin=D2-2
Added Pin To Net: NetName=GND Pin=J1-1
Added Pin To Net: NetName=VCC_SERVOMOTOR Pin=J1-2
Added Pin To Net: NetName=VCC_SERVOMOTOR Pin=L1-2
Added Pin To Net: NetName=PWM_SERVOMOTOR Pin=R1-1
Added Pin To Net: NetName=GND Pin=R6-1
Added Pin To Net: NetName=VCC_SERVOMOTOR Pin=R7-1
Added Pin To Net: NetName=7.2V Pin=R8-1
Added Pin To Net: NetName=7.2V Pin=R9-1
Added Pin To Net: NetName=7.2V Pin=U2-4
Added Pin To Net: NetName=GND Pin=U2-7
Added Pin To Net: NetName=GND Pin=U2-8
Change Net Name : Old Net Name=NetC1_1 New Net Name=NetC3_1
Change Net Name : Old Net Name=NetC6_2 New Net Name=NetC8_2
Change Net Name : Old Net Name=NetC7_2 New Net Name=NetC9_2
Change Net Name : Old Net Name=NetD1_1 New Net Name=NetD3_1
Change Net Name : Old Net Name=NetR5_1 New Net Name=NetR10_1
Added Pin To Net: NetName=NetD2_1 Pin=D2-1
Added Pin To Net: NetName=NetD2_1 Pin=L1-1
Added Pin To Net: NetName=NetD2_1 Pin=U2-5
Added Pin To Net: NetName=NetD2_1 Pin=U2-6
Added Net: Name=NetD2_1
Added Pin To Net: NetName=NetJ1_3 Pin=J1-3
Added Pin To Net: NetName=NetJ1_3 Pin=R1-2
Added Net: Name=NetJ1_3
Added Pin To Net: NetName=NetR6_2 Pin=R6-2
Added Pin To Net: NetName=NetR6_2 Pin=R7-2
Added Pin To Net: NetName=NetR6_2 Pin=U2-1
Added Net: Name=NetR6_2
Added Pin To Net: NetName=NetR8_2 Pin=R8-2
Added Pin To Net: NetName=NetR8_2 Pin=U2-2
Added Net: Name=NetR8_2
Added Pin To Net: NetName=NetR9_2 Pin=R9-2
Added Pin To Net: NetName=NetR9_2 Pin=U2-3
Added Net: Name=NetR9_2
Added Member To Class: ClassName=TC264MCU Member=Component C8 104
Added Member To Class: ClassName=TC264MCU Member=Component C9 106
Added Member To Class: ClassName=TC264MCU Member=Component D2 SS54/5A/40V
Added Member To Class: ClassName=TC264MCU Member=Component D3 SS54/5A/40V
Added Member To Class: ClassName=TC264MCU Member=Component L2 33uH
Added Member To Class: ClassName=TC264MCU Member=Component R1 2k
Added Member To Class: ClassName=TC264MCU Member=Component R2 0¦¸
Added Member To Class: ClassName=TC264MCU Member=Component R7 1k
Added Member To Class: ClassName=TC264MCU Member=Component R8 1k
Added Member To Class: ClassName=TC264MCU Member=Component R9 2.7k
Added Member To Class: ClassName=TC264MCU Member=Component R10 240K
Added Member To Class: ClassName=TC264MCU Member=Component R11 1¦¸
Added Member To Class: ClassName=TC264MCU Member=Component U5 TPS7333QDR
