Removed Pin From Net: NetName=P11.3 Pin=U1-78
Change Component Designator: OldDesignator=J4 NewDesignator=J6
Change Component Designator: OldDesignator=J5 NewDesignator=J7
Change Component Designator: OldDesignator=J6 NewDesignator=J8
Change Component Designator: OldDesignator=J7 NewDesignator=J9
Change Component Designator: OldDesignator=J8 NewDesignator=J10
Change Component Designator: OldDesignator=J9 NewDesignator=J11
Change Component Designator: OldDesignator=J10 NewDesignator=J13
Change Component Designator: OldDesignator=J11 NewDesignator=J14
Change Component Designator: OldDesignator=J12 NewDesignator=J15
Added Component: Designator=J4(Header 2.54_2x2)
Added Component: Designator=J5(Header 2.54_2X4)
Added Component: Designator=J12(JET)
Added Pin To Net: NetName=P11.3 Pin=U1-80
Change Net Name : Old Net Name=NetJ5_3 New Net Name=NetJ7_3
Change Net Name : Old Net Name=NetJ5_4 New Net Name=NetJ7_4
Change Net Name : Old Net Name=NetJ5_5 New Net Name=NetJ7_5
Change Net Name : Old Net Name=NetJ5_6 New Net Name=NetJ7_6
Change Net Name : Old Net Name=NetJ12_3 New Net Name=NetJ15_3
Change Net Name : Old Net Name=NetJ12_4 New Net Name=NetJ15_4
Added Pin To Net: NetName=AN21 Pin=J12-1
Added Net: Name=AN21
Added Pin To Net: NetName=AN22 Pin=U1-2
Added Net: Name=AN22
Added Pin To Net: NetName=P00.2 Pin=J5-3
Added Pin To Net: NetName=P00.2 Pin=U1-104
Added Net: Name=P00.2
Added Pin To Net: NetName=P00.3 Pin=J5-7
Added Pin To Net: NetName=P00.3 Pin=U1-103
Added Net: Name=P00.3
Added Pin To Net: NetName=P00.5 Pin=J5-4
Added Pin To Net: NetName=P00.5 Pin=U1-107
Added Net: Name=P00.5
Added Pin To Net: NetName=P00.6 Pin=J5-6
Added Pin To Net: NetName=P00.6 Pin=U1-106
Added Net: Name=P00.6
Added Pin To Net: NetName=P00.9 Pin=J5-5
Added Pin To Net: NetName=P00.9 Pin=U1-109
Added Net: Name=P00.9
Added Pin To Net: NetName=P02.8 Pin=J5-2
Added Pin To Net: NetName=P02.8 Pin=U1-101
Added Net: Name=P02.8
Added Pin To Net: NetName=P10.2 Pin=J4-1
Added Pin To Net: NetName=P10.2 Pin=U1-86
Added Net: Name=P10.2
Added Pin To Net: NetName=P11.6 Pin=J5-1
Added Pin To Net: NetName=P11.6 Pin=U1-82
Added Net: Name=P11.6
Added Pin To Net: NetName=P11.9 Pin=J4-3
Added Pin To Net: NetName=P11.9 Pin=U1-81
Added Net: Name=P11.9
Added Pin To Net: NetName=P11.10 Pin=J4-2
Added Pin To Net: NetName=P11.10 Pin=U1-84
Added Net: Name=P11.10
Added Pin To Net: NetName=P11.11 Pin=J4-4
Added Pin To Net: NetName=P11.11 Pin=U1-85
Added Net: Name=P11.11
Added Pin To Net: NetName=P11.12 Pin=J5-8
Added Pin To Net: NetName=P11.12 Pin=U1-83
Added Net: Name=P11.12
Added Member To Class: ClassName=TC264MCU Member=Component J13 Header
Added Member To Class: ClassName=TC264MCU Member=Component J14 Header
Added Member To Class: ClassName=TC264MCU Member=Component J15 Header
