Removed Pin From Net: NetName=KEY1 Pin=RN2-1
Removed Pin From Net: NetName=KEY2 Pin=RN2-2
Removed Pin From Net: NetName=KEY3 Pin=RN2-3
Removed Pin From Net: NetName=KEY4 Pin=RN2-4
Removed Pin From Net: NetName=VCC3.3V Pin=RN2-5
Removed Pin From Net: NetName=VCC3.3V Pin=RN2-6
Removed Pin From Net: NetName=VCC3.3V Pin=RN2-7
Removed Pin From Net: NetName=VCC3.3V Pin=RN2-8
Removed Member From Class: ClassName=TC264MCU Member=RN3
Change Component Designator: OldDesignator=R15 NewDesignator=R19
Change Component Designator: OldDesignator=R16 NewDesignator=R20
Change Component Designator: OldDesignator=RN3 NewDesignator=RN2
Added Component: Designator=R15(RES_0603)
Added Component: Designator=R16(RES_0603)
Added Component: Designator=R17(RES_0603)
Added Component: Designator=R18(RES_0603)
Added Pin To Net: NetName=KEY1 Pin=R15-1
Added Pin To Net: NetName=VCC3.3V Pin=R15-2
Added Pin To Net: NetName=KEY2 Pin=R16-1
Added Pin To Net: NetName=VCC3.3V Pin=R16-2
Added Pin To Net: NetName=KEY3 Pin=R17-1
Added Pin To Net: NetName=VCC3.3V Pin=R17-2
Added Pin To Net: NetName=KEY4 Pin=R18-1
Added Pin To Net: NetName=VCC3.3V Pin=R18-2
Change Net Name : Old Net Name=NetR15_1 New Net Name=NetR19_1
Added Member To Class: ClassName=TC264MCU Member=Component R17 10k
Added Member To Class: ClassName=TC264MCU Member=Component R18 10k
Added Member To Class: ClassName=TC264MCU Member=Component R19 240K
Added Member To Class: ClassName=TC264MCU Member=Component R20 1¦¸
