Change Component Designator: OldDesignator=C3 NewDesignator=C4
Change Component Designator: OldDesignator=C4 NewDesignator=C5
Change Component Designator: OldDesignator=C5 NewDesignator=C6
Change Component Designator: OldDesignator=C6 NewDesignator=C7
Change Component Designator: OldDesignator=C7 NewDesignator=C8
Change Component Designator: OldDesignator=C8 NewDesignator=C9
Change Component Designator: OldDesignator=C9 NewDesignator=C10
Change Component Designator: OldDesignator=R11 NewDesignator=R14
Change Component Designator: OldDesignator=R12 NewDesignator=R15
Change Component Designator: OldDesignator=R13 NewDesignator=R16
Change Component Designator: OldDesignator=R14 NewDesignator=R17
Added Component: Designator=C3(CAPE_SMD_G_10.6)
Added Component: Designator=J10(Header F 2.54X4)
Added Component: Designator=J11(Header F 2.54_2x4)
Added Component: Designator=R11(RES_0603)
Added Component: Designator=R12(RES_0603)
Added Component: Designator=R13(RES_0603)
Added Pin To Net: NetName=7.2V Pin=C3-1
Added Pin To Net: NetName=GND Pin=C3-2
Added Pin To Net: NetName=VCC_5V Pin=J10-1
Added Pin To Net: NetName=GND Pin=J10-2
Added Pin To Net: NetName=GND Pin=J11-1
Added Pin To Net: NetName=VCC_3.3V Pin=J11-8
Added Pin To Net: NetName=7.2V Pin=R11-1
Added Pin To Net: NetName=GND Pin=R13-2
Change Net Name : Old Net Name=NetC3_1 New Net Name=NetC4_1
Change Net Name : Old Net Name=NetC8_2 New Net Name=NetC9_2
Change Net Name : Old Net Name=NetC9_2 New Net Name=NetC10_2
Change Net Name : Old Net Name=NetR13_1 New Net Name=NetR16_1
Added Pin To Net: NetName=BT_RX Pin=J10-4
Added Net: Name=BT_RX
Added Pin To Net: NetName=BT_TX Pin=J10-3
Added Net: Name=BT_TX
Added Pin To Net: NetName=NetR11_2 Pin=R11-2
Added Pin To Net: NetName=NetR11_2 Pin=R12-1
Added Pin To Net: NetName=NetR11_2 Pin=R13-1
Added Net: Name=NetR11_2
Added Pin To Net: NetName=NRF_CE Pin=J11-2
Added Net: Name=NRF_CE
Added Pin To Net: NetName=NRF_CSN Pin=J11-7
Added Net: Name=NRF_CSN
Added Pin To Net: NetName=NRF_IRQ Pin=J11-5
Added Net: Name=NRF_IRQ
Added Pin To Net: NetName=NRF_MISO Pin=J11-4
Added Net: Name=NRF_MISO
Added Pin To Net: NetName=NRF_MOSI Pin=J11-6
Added Net: Name=NRF_MOSI
Added Pin To Net: NetName=NRF_SCK Pin=J11-3
Added Net: Name=NRF_SCK
Added Member To Class: ClassName=TC264MCU Member=Component C10 106
Added Member To Class: ClassName=TC264MCU Member=Component J10 Header 
Added Member To Class: ClassName=TC264MCU Member=Component J11 Header 
Added Member To Class: ClassName=TC264MCU Member=Component R15 1k
Added Member To Class: ClassName=TC264MCU Member=Component R16 240K
Added Member To Class: ClassName=TC264MCU Member=Component R17 1¦¸
