Removed Pin From Net: NetName=GND Pin=C1-1
Removed Pin From Net: NetName=GND Pin=C5-1
Removed Pin From Net: NetName=NetC2_2 Pin=C5-2
Removed Pin From Net: NetName=GND Pin=C6-1
Removed Pin From Net: NetName=7.2V Pin=F1-2
Removed Pin From Net: NetName=7.2V Pin=F2-2
Removed Pin From Net: NetName=GND Pin=R3-1
Removed Pin From Net: NetName=GND Pin=R7-1
Removed Pin From Net: NetName=GND Pin=R8-1
Removed Pin From Net: NetName=GND Pin=U2-1
Removed Pin From Net: NetName=GND Pin=U2-2
Removed Pin From Net: NetName=GND Pin=U4-1
Removed Pin From Net: NetName=GND Pin=U4-2
Removed Pin From Net: NetName=NetC2_2 Pin=U4-3
Removed Pin From Net: NetName=NetC2_2 Pin=U4-4
Removed Pin From Net: NetName=GND Pin=U5-1
Removed Pin From Net: NetName=GND Pin=U5-2
Removed Member From Class: ClassName=TC264MCU Member=C8
Removed Member From Class: ClassName=TC264MCU Member=R3
Removed Member From Class: ClassName=TC264MCU Member=R4
Removed Member From Class: ClassName=TC264MCU Member=R5
Removed Member From Class: ClassName=TC264MCU Member=R6
Removed Member From Class: ClassName=TC264MCU Member=R7
Removed Member From Class: ClassName=TC264MCU Member=R8
Removed Member From Class: ClassName=TC264MCU Member=U5
Change Component Designator: OldDesignator=C2 NewDesignator=C6
Change Component Designator: OldDesignator=C4 NewDesignator=C7
Change Component Designator: OldDesignator=R2 NewDesignator=R1
Change Component Designator: OldDesignator=R4 NewDesignator=R2
Change Component Designator: OldDesignator=U3 NewDesignator=U4
Added Component: Designator=C1(CAP_0603)
Added Component: Designator=C2(CAP_0603)
Added Component: Designator=C3(CAP_0603)
Added Component: Designator=C4(CAPE_SMD_G_10.6)
Added Component: Designator=C5(CAPE_SMD_F_8.4)
Added Component: Designator=D1(SMB_L4.6-W3.6-LS5.3-RD)
Added Component: Designator=F1(F1206)
Added Component: Designator=L1(IND-SMD_L8.0-W8.0)
Added Component: Designator=U2(SOT-223_3)
Added Component: Designator=U3(TO-263_5)
Added Pin To Net: NetName=GND Pin=C1-2
Added Pin To Net: NetName=GND Pin=C2-2
Added Pin To Net: NetName=GND Pin=C3-2
Added Pin To Net: NetName=GND Pin=C4-2
Added Pin To Net: NetName=GND Pin=C5-2
Added Pin To Net: NetName=GND Pin=D1-2
Added Pin To Net: NetName=7.2V Pin=F1-2
Added Pin To Net: NetName=GND Pin=U2-1
Added Pin To Net: NetName=GND Pin=U3-3
Added Pin To Net: NetName=GND Pin=U3-5
Added Pin To Net: NetName=GND Pin=U3-6
Change Net Name : Old Net Name=NetC2_2 New Net Name=NetC6_2
Change Net Name : Old Net Name=NetC4_2 New Net Name=NetC7_2
Change Net Name : Old Net Name=NetR2_1 New Net Name=NetR1_1
Change Net Name : Old Net Name=VCC3.3_A New Net Name=VCC3.3_MCU
Added Pin To Net: NetName=NetC1_1 Pin=C1-1
Added Pin To Net: NetName=NetC1_1 Pin=C4-1
Added Pin To Net: NetName=NetC1_1 Pin=F1-1
Added Net: Name=NetC1_1
Added Pin To Net: NetName=NetD1_1 Pin=D1-1
Added Pin To Net: NetName=NetD1_1 Pin=L1-2
Added Pin To Net: NetName=NetD1_1 Pin=U3-2
Added Net: Name=NetD1_1
Added Pin To Net: NetName=VCC3.3_SENSOR Pin=C3-1
Added Pin To Net: NetName=VCC3.3_SENSOR Pin=U2-2
Added Pin To Net: NetName=VCC3.3_SENSOR Pin=U2-4
Added Net: Name=VCC3.3_SENSOR
Added Pin To Net: NetName=VCC5VOUT Pin=C2-1
Added Pin To Net: NetName=VCC5VOUT Pin=C5-1
Added Pin To Net: NetName=VCC5VOUT Pin=F2-2
Added Pin To Net: NetName=VCC5VOUT Pin=L1-1
Added Pin To Net: NetName=VCC5VOUT Pin=U2-3
Added Pin To Net: NetName=VCC5VOUT Pin=U3-4
Added Net: Name=VCC5VOUT
Added Member To Class: ClassName=TC264MCU Member=Component D1 SS54/5A/40V
Added Member To Class: ClassName=TC264MCU Member=Component L1 33uH
Added Room: Name=TC264MCU
