Change Component Designator: Old Designator=C4 New Designator=C6
Change Component Designator: Old Designator=C5 New Designator=C4
Change Component Designator: Old Designator=C6 New Designator=C5
Change Component Designator: Old Designator=C8 New Designator=C10
Change Component Designator: Old Designator=C10 New Designator=C11
Change Component Designator: Old Designator=D3 New Designator=D4
Change Component Designator: Old Designator=D3 New Designator=D7
Change Component Designator: Old Designator=D4 New Designator=D5
Change Component Designator: Old Designator=D New Designator=D6
Change Component Designator: Old Designator=D New Designator=D8
Change Component Designator: Old Designator=D New Designator=D9
Change Component Designator: Old Designator=D New Designator=D10
Change Component Designator: Old Designator=J3 New Designator=J2
Change Component Designator: Old Designator=J4 New Designator=J3
Change Component Designator: Old Designator=J5 New Designator=J4
Change Component Designator: Old Designator=J7 New Designator=J5
Change Component Designator: Old Designator=J9 New Designator=J10
Change Component Designator: Old Designator=J10 New Designator=J11
Change Component Designator: Old Designator=J11 New Designator=J12
Change Component Designator: Old Designator=J12 New Designator=J9
Change Component Designator: Old Designator=J New Designator=J7
Change Component Designator: Old Designator=R6 New Designator=R4
Change Component Designator: Old Designator=R7 New Designator=R6
Change Component Designator: Old Designator=R8 New Designator=R7
Change Component Designator: Old Designator=R10 New Designator=R5
Change Component Designator: Old Designator=R11 New Designator=R10
Change Component Designator: Old Designator=R12 New Designator=R8
Change Component Designator: Old Designator=R13 New Designator=R11
Change Component Designator: Old Designator=R14 New Designator=R12
Change Component Designator: Old Designator=R15 New Designator=R13
Change Component Designator: Old Designator=R16 New Designator=R14
Change Component Designator: Old Designator=R17 New Designator=R15
Change Component Designator: Old Designator=R18 New Designator=R16
Change Component Designator: Old Designator=RN1 New Designator=RN2
Change Component Designator: Old Designator=RN2 New Designator=RN3
Change Component Designator: Old Designator=RN3 New Designator=RN1
