Added Component: Designator=C1(CAP3)
Added Component: Designator=C2(CAP3)
Added Component: Designator=C3(CAP3)
Added Component: Designator=C4(CAP3)
Added Component: Designator=C5(CAP3)
Added Component: Designator=C6(CAP3)
Added Component: Designator=C7(CAP_0603)
Added Component: Designator=C8(CAP_0603)
Added Component: Designator=C9(CAP_0603)
Added Component: Designator=C10(CAP_0603)
Added Component: Designator=C11(CAP_0603)
Added Component: Designator=C12(CAP_0603)
Added Component: Designator=C13(CAP_0603)
Added Component: Designator=C14(CAP_0603)
Added Component: Designator=C15(CAP_0603)
Added Component: Designator=D1(LED_0603_B)
Added Component: Designator=D2(LL34)
Added Component: Designator=D3(LL34)
Added Component: Designator=D4(LL34)
Added Component: Designator=D5(LL34)
Added Component: Designator=D6(LL34)
Added Component: Designator=D7(LL34)
Added Component: Designator=J1(Header 2.54X8)
Added Component: Designator=L1(Inductor_8x10)
Added Component: Designator=L2(Inductor_8x10)
Added Component: Designator=L3(Inductor_8x10)
Added Component: Designator=L4(Inductor_8x10)
Added Component: Designator=L5(Inductor_8x10)
Added Component: Designator=L6(Inductor_8x10)
Added Component: Designator=R1(RES_0603)
Added Component: Designator=R2(RES_0603)
Added Component: Designator=R3(RES_0603)
Added Component: Designator=R4(RES_0603)
Added Component: Designator=R5(RES_0603)
Added Component: Designator=R6(RES_0603)
Added Component: Designator=R7(RES_0603)
Added Component: Designator=R8(RES_0603)
Added Component: Designator=R9(RES_0603)
Added Component: Designator=R10(RES_0603)
Added Component: Designator=R11(RES_0603)
Added Component: Designator=R12(RES_0603)
Added Component: Designator=R13(RES_0603)
Added Component: Designator=R14(RES_POT-3296W)
Added Component: Designator=R15(RES_POT-3296W)
Added Component: Designator=R16(RES_POT-3296W)
Added Component: Designator=R17(RES_POT-3296W)
Added Component: Designator=R18(RES_POT-3296W)
Added Component: Designator=R19(RES_0603)
Added Component: Designator=R20(RES_POT-3296W)
Added Component: Designator=R21(RES_0603)
Added Component: Designator=R22(RES_0603)
Added Component: Designator=R23(RES_0603)
Added Component: Designator=R24(RES_0603)
Added Component: Designator=R25(RES_0603)
Added Component: Designator=U1(SOIC-8_150MIL)
Added Component: Designator=U2(SOIC-8_150MIL)
Added Component: Designator=U3(SOIC-8_150MIL)
Added Pin To Net: NetName=GND Pin=C1-2
Added Pin To Net: NetName=GND Pin=C2-2
Added Pin To Net: NetName=GND Pin=C3-2
Added Pin To Net: NetName=GND Pin=C4-2
Added Pin To Net: NetName=GND Pin=C5-2
Added Pin To Net: NetName=GND Pin=C6-2
Added Pin To Net: NetName=GND Pin=C7-2
Added Pin To Net: NetName=GND Pin=C8-2
Added Pin To Net: NetName=GND Pin=C9-2
Added Pin To Net: NetName=GND Pin=C10-1
Added Pin To Net: NetName=GND Pin=C11-1
Added Pin To Net: NetName=GND Pin=C12-1
Added Pin To Net: NetName=GND Pin=C13-2
Added Pin To Net: NetName=GND Pin=C14-2
Added Pin To Net: NetName=GND Pin=C15-2
Added Pin To Net: NetName=GND Pin=D1-C
Added Pin To Net: NetName=GND Pin=D2-1
Added Pin To Net: NetName=GND Pin=D3-1
Added Pin To Net: NetName=GND Pin=D4-1
Added Pin To Net: NetName=GND Pin=D5-1
Added Pin To Net: NetName=GND Pin=D6-1
Added Pin To Net: NetName=GND Pin=D7-1
Added Pin To Net: NetName=GND Pin=J1-8
Added Pin To Net: NetName=GND Pin=L1-1
Added Pin To Net: NetName=GND Pin=L2-1
Added Pin To Net: NetName=GND Pin=L3-1
Added Pin To Net: NetName=GND Pin=L4-1
Added Pin To Net: NetName=GND Pin=L5-1
Added Pin To Net: NetName=GND Pin=L6-1
Added Pin To Net: NetName=GND Pin=R1-1
Added Pin To Net: NetName=GND Pin=R2-1
Added Pin To Net: NetName=GND Pin=R3-1
Added Pin To Net: NetName=GND Pin=R4-1
Added Pin To Net: NetName=GND Pin=R5-1
Added Pin To Net: NetName=GND Pin=R6-1
Added Pin To Net: NetName=GND Pin=R19-1
Added Pin To Net: NetName=GND Pin=R21-1
Added Pin To Net: NetName=GND Pin=R22-1
Added Pin To Net: NetName=GND Pin=R23-1
Added Pin To Net: NetName=GND Pin=R24-1
Added Pin To Net: NetName=GND Pin=R25-1
Added Pin To Net: NetName=GND Pin=U1-4
Added Pin To Net: NetName=GND Pin=U2-4
Added Pin To Net: NetName=GND Pin=U3-4
Added Net: Name=GND
Added Pin To Net: NetName=LC1 Pin=C1-1
Added Pin To Net: NetName=LC1 Pin=L2-2
Added Pin To Net: NetName=LC1 Pin=R1-2
Added Pin To Net: NetName=LC1 Pin=U2-3
Added Net: Name=LC1
Added Pin To Net: NetName=LC2 Pin=C2-1
Added Pin To Net: NetName=LC2 Pin=L3-2
Added Pin To Net: NetName=LC2 Pin=R2-2
Added Pin To Net: NetName=LC2 Pin=U2-5
Added Net: Name=LC2
Added Pin To Net: NetName=LC3 Pin=C3-1
Added Pin To Net: NetName=LC3 Pin=L1-2
Added Pin To Net: NetName=LC3 Pin=R3-2
Added Pin To Net: NetName=LC3 Pin=U1-3
Added Net: Name=LC3
Added Pin To Net: NetName=LC4 Pin=C4-1
Added Pin To Net: NetName=LC4 Pin=L4-2
Added Pin To Net: NetName=LC4 Pin=R4-2
Added Pin To Net: NetName=LC4 Pin=U1-5
Added Net: Name=LC4
Added Pin To Net: NetName=LC5 Pin=C6-1
Added Pin To Net: NetName=LC5 Pin=L6-2
Added Pin To Net: NetName=LC5 Pin=R6-2
Added Pin To Net: NetName=LC5 Pin=U3-3
Added Net: Name=LC5
Added Pin To Net: NetName=LC6 Pin=C5-1
Added Pin To Net: NetName=LC6 Pin=L5-2
Added Pin To Net: NetName=LC6 Pin=R5-2
Added Pin To Net: NetName=LC6 Pin=U3-5
Added Net: Name=LC6
Added Pin To Net: NetName=NetD1_A Pin=D1-A
Added Pin To Net: NetName=NetD1_A Pin=R7-1
Added Net: Name=NetD1_A
Added Pin To Net: NetName=NetR8_1 Pin=R8-1
Added Pin To Net: NetName=NetR8_1 Pin=R14-2
Added Pin To Net: NetName=NetR8_1 Pin=U1-1
Added Net: Name=NetR8_1
Added Pin To Net: NetName=NetR9_1 Pin=R9-1
Added Pin To Net: NetName=NetR9_1 Pin=R15-2
Added Pin To Net: NetName=NetR9_1 Pin=U2-1
Added Net: Name=NetR9_1
Added Pin To Net: NetName=NetR10_1 Pin=R10-1
Added Pin To Net: NetName=NetR10_1 Pin=R16-2
Added Pin To Net: NetName=NetR10_1 Pin=U3-1
Added Net: Name=NetR10_1
Added Pin To Net: NetName=NetR11_1 Pin=R11-1
Added Pin To Net: NetName=NetR11_1 Pin=R17-2
Added Pin To Net: NetName=NetR11_1 Pin=U1-7
Added Net: Name=NetR11_1
Added Pin To Net: NetName=NetR12_1 Pin=R12-1
Added Pin To Net: NetName=NetR12_1 Pin=R18-2
Added Pin To Net: NetName=NetR12_1 Pin=U2-7
Added Net: Name=NetR12_1
Added Pin To Net: NetName=NetR13_1 Pin=R13-1
Added Pin To Net: NetName=NetR13_1 Pin=R20-2
Added Pin To Net: NetName=NetR13_1 Pin=U3-7
Added Net: Name=NetR13_1
Added Pin To Net: NetName=NetR14_3 Pin=R14-3
Added Pin To Net: NetName=NetR14_3 Pin=R23-2
Added Pin To Net: NetName=NetR14_3 Pin=U1-2
Added Net: Name=NetR14_3
Added Pin To Net: NetName=NetR15_3 Pin=R15-3
Added Pin To Net: NetName=NetR15_3 Pin=R24-2
Added Pin To Net: NetName=NetR15_3 Pin=U2-2
Added Net: Name=NetR15_3
Added Pin To Net: NetName=NetR16_3 Pin=R16-3
Added Pin To Net: NetName=NetR16_3 Pin=R25-2
Added Pin To Net: NetName=NetR16_3 Pin=U3-2
Added Net: Name=NetR16_3
Added Pin To Net: NetName=NetR17_1 Pin=R17-1
Added Pin To Net: NetName=NetR17_1 Pin=R19-2
Added Pin To Net: NetName=NetR17_1 Pin=U1-6
Added Net: Name=NetR17_1
Added Pin To Net: NetName=NetR18_1 Pin=R18-1
Added Pin To Net: NetName=NetR18_1 Pin=R21-2
Added Pin To Net: NetName=NetR18_1 Pin=U2-6
Added Net: Name=NetR18_1
Added Pin To Net: NetName=NetR20_1 Pin=R20-1
Added Pin To Net: NetName=NetR20_1 Pin=R22-2
Added Pin To Net: NetName=NetR20_1 Pin=U3-6
Added Net: Name=NetR20_1
Added Pin To Net: NetName=OUT1 Pin=C8-1
Added Pin To Net: NetName=OUT1 Pin=D3-2
Added Pin To Net: NetName=OUT1 Pin=J1-6
Added Pin To Net: NetName=OUT1 Pin=R9-2
Added Net: Name=OUT1
Added Pin To Net: NetName=OUT2 Pin=C14-1
Added Pin To Net: NetName=OUT2 Pin=D6-2
Added Pin To Net: NetName=OUT2 Pin=J1-5
Added Pin To Net: NetName=OUT2 Pin=R12-2
Added Net: Name=OUT2
Added Pin To Net: NetName=OUT3 Pin=C7-1
Added Pin To Net: NetName=OUT3 Pin=D2-2
Added Pin To Net: NetName=OUT3 Pin=J1-4
Added Pin To Net: NetName=OUT3 Pin=R8-2
Added Net: Name=OUT3
Added Pin To Net: NetName=OUT4 Pin=C13-1
Added Pin To Net: NetName=OUT4 Pin=D5-2
Added Pin To Net: NetName=OUT4 Pin=J1-3
Added Pin To Net: NetName=OUT4 Pin=R11-2
Added Net: Name=OUT4
Added Pin To Net: NetName=OUT5 Pin=C9-1
Added Pin To Net: NetName=OUT5 Pin=D4-2
Added Pin To Net: NetName=OUT5 Pin=J1-2
Added Pin To Net: NetName=OUT5 Pin=R10-2
Added Net: Name=OUT5
Added Pin To Net: NetName=OUT6 Pin=C15-1
Added Pin To Net: NetName=OUT6 Pin=D7-2
Added Pin To Net: NetName=OUT6 Pin=J1-1
Added Pin To Net: NetName=OUT6 Pin=R13-2
Added Net: Name=OUT6
Added Pin To Net: NetName=VCC Pin=C10-2
Added Pin To Net: NetName=VCC Pin=C11-2
Added Pin To Net: NetName=VCC Pin=C12-2
Added Pin To Net: NetName=VCC Pin=J1-7
Added Pin To Net: NetName=VCC Pin=R7-2
Added Pin To Net: NetName=VCC Pin=U1-8
Added Pin To Net: NetName=VCC Pin=U2-8
Added Pin To Net: NetName=VCC Pin=U3-8
Added Net: Name=VCC
Added Class: Name=AdcUnit
Added Room: Name=AdcUnit
