Change Component Designator: OldDesignator=C1 NewDesignator=C10
Change Component Designator: OldDesignator=C2 NewDesignator=C11
Change Component Designator: OldDesignator=C3 NewDesignator=C12
Change Component Designator: OldDesignator=C4 NewDesignator=C13
Change Component Designator: OldDesignator=C5 NewDesignator=C14
Change Component Designator: OldDesignator=C6 NewDesignator=C15
Change Component Designator: OldDesignator=C7 NewDesignator=C16
Change Component Designator: OldDesignator=C8 NewDesignator=C17
Change Component Designator: OldDesignator=C9 NewDesignator=C18
Change Component Designator: OldDesignator=C10 NewDesignator=C19
Change Component Designator: OldDesignator=C11 NewDesignator=C20
Change Component Designator: OldDesignator=C12 NewDesignator=C21
Change Component Designator: OldDesignator=C13 NewDesignator=C22
Change Component Designator: OldDesignator=C14 NewDesignator=C23
Change Component Designator: OldDesignator=C15 NewDesignator=C24
Change Component Designator: OldDesignator=C16 NewDesignator=C25
Change Component Designator: OldDesignator=C17 NewDesignator=C26
Change Component Designator: OldDesignator=D1 NewDesignator=D4
Change Component Designator: OldDesignator=D2 NewDesignator=D5
Change Component Designator: OldDesignator=D3 NewDesignator=D6
Change Component Designator: OldDesignator=D4 NewDesignator=D7
Change Component Designator: OldDesignator=D5 NewDesignator=D8
Change Component Designator: OldDesignator=D6 NewDesignator=D9
Change Component Designator: OldDesignator=D7 NewDesignator=D10
Change Component Designator: OldDesignator=D8 NewDesignator=D11
Change Component Designator: OldDesignator=D9 NewDesignator=D12
Change Component Designator: OldDesignator=D10 NewDesignator=D13
Change Component Designator: OldDesignator=D11 NewDesignator=D14
Change Component Designator: OldDesignator=D12 NewDesignator=D15
Change Component Designator: OldDesignator=D13 NewDesignator=D16
Change Component Designator: OldDesignator=D14 NewDesignator=D17
Change Component Designator: OldDesignator=D15 NewDesignator=D18
Change Component Designator: OldDesignator=F1 NewDesignator=F2
Change Component Designator: OldDesignator=F2 NewDesignator=F3
Change Component Designator: OldDesignator=F3 NewDesignator=F4
Change Component Designator: OldDesignator=J1 NewDesignator=J2
Change Component Designator: OldDesignator=J2 NewDesignator=J3
Change Component Designator: OldDesignator=J3 NewDesignator=J4
Change Component Designator: OldDesignator=J4 NewDesignator=J5
Change Component Designator: OldDesignator=J5 NewDesignator=J6
Change Component Designator: OldDesignator=J6 NewDesignator=J7
Change Component Designator: OldDesignator=J7 NewDesignator=J8
Change Component Designator: OldDesignator=J8 NewDesignator=J9
Change Component Designator: OldDesignator=J9 NewDesignator=J10
Change Component Designator: OldDesignator=J10 NewDesignator=J11
Change Component Designator: OldDesignator=J11 NewDesignator=J12
Change Component Designator: OldDesignator=J12 NewDesignator=J13
Change Component Designator: OldDesignator=JP1 NewDesignator=JP2
Change Component Designator: OldDesignator=P1 NewDesignator=P5
Change Component Designator: OldDesignator=Q1 NewDesignator=Q2
Change Component Designator: OldDesignator=Q2 NewDesignator=Q3
Change Component Designator: OldDesignator=R1 NewDesignator=R23
Change Component Designator: OldDesignator=R2 NewDesignator=R25
Change Component Designator: OldDesignator=R3 NewDesignator=R26
Change Component Designator: OldDesignator=R4 NewDesignator=R28
Change Component Designator: OldDesignator=R5 NewDesignator=R36
Change Component Designator: OldDesignator=R6 NewDesignator=R37
Change Component Designator: OldDesignator=R7 NewDesignator=R38
Change Component Designator: OldDesignator=R8 NewDesignator=R39
Change Component Designator: OldDesignator=R9 NewDesignator=R40
Change Component Designator: OldDesignator=R10 NewDesignator=R41
Change Component Designator: OldDesignator=R11 NewDesignator=R42
Change Component Designator: OldDesignator=R12 NewDesignator=R43
Change Component Designator: OldDesignator=R13 NewDesignator=R44
Change Component Designator: OldDesignator=R14 NewDesignator=R45
Change Component Designator: OldDesignator=R15 NewDesignator=R46
Change Component Designator: OldDesignator=R16 NewDesignator=R47
Change Component Designator: OldDesignator=R17 NewDesignator=R48
Change Component Designator: OldDesignator=R18 NewDesignator=R49
Change Component Designator: OldDesignator=R19 NewDesignator=R50
Change Component Designator: OldDesignator=R20 NewDesignator=R51
Change Component Designator: OldDesignator=R21 NewDesignator=R52
Change Component Designator: OldDesignator=R22 NewDesignator=R53
Change Component Designator: OldDesignator=R23 NewDesignator=R54
Change Component Designator: OldDesignator=R24 NewDesignator=R55
Change Component Designator: OldDesignator=R25 NewDesignator=R56
Change Component Designator: OldDesignator=R26 NewDesignator=R57
Change Component Designator: OldDesignator=R27 NewDesignator=R58
Change Component Designator: OldDesignator=R28 NewDesignator=R59
Change Component Designator: OldDesignator=R29 NewDesignator=R60
Change Component Designator: OldDesignator=R30 NewDesignator=R61
Change Component Designator: OldDesignator=R31 NewDesignator=R62
Change Component Designator: OldDesignator=R32 NewDesignator=R63
Change Component Designator: OldDesignator=R33 NewDesignator=R64
Change Component Designator: OldDesignator=R34 NewDesignator=R65
Change Component Designator: OldDesignator=R35 NewDesignator=R66
Change Component Designator: OldDesignator=R36 NewDesignator=R67
Change Component Designator: OldDesignator=SW1 NewDesignator=SW2
Change Component Designator: OldDesignator=SW2 NewDesignator=SW3
Change Component Designator: OldDesignator=U2 NewDesignator=U10
Change Component Designator: OldDesignator=U3 NewDesignator=U11
Change Component Designator: OldDesignator=U4 NewDesignator=U12
Change Component Designator: OldDesignator=U5 NewDesignator=U13
Change Component Designator: OldDesignator=U6 NewDesignator=U14
Change Component Designator: OldDesignator=U7 NewDesignator=U15
Added Component: Designator=C1(CAP_0603)
Added Component: Designator=C2(CAP_0603)
Added Component: Designator=C3(CAPE_TH_3.5_8)
Added Component: Designator=C4(CAP_0603)
Added Component: Designator=C5(CAP_0603)
Added Component: Designator=C6(CAP_0603)
Added Component: Designator=C7(CAP_0603)
Added Component: Designator=C8(CAP_0603)
Added Component: Designator=C9(CAP_0603)
Added Component: Designator=D1(LED_0603_B)
Added Component: Designator=D2(LED_0603_B)
Added Component: Designator=D3(LED_0603_B)
Added Component: Designator=F1(F1206)
Added Component: Designator=J1(Header 2.54X8)
Added Component: Designator=JP1(FPC_1.0_8P)
Added Component: Designator=P1(KF_2P-5.08)
Added Component: Designator=P2(KF_2P-5.08)
Added Component: Designator=P3(KF_2P-5.08)
Added Component: Designator=P4(KF_2P-5.08)
Added Component: Designator=Q1(TO-252-2)
Added Component: Designator=R1(RES_0805)
Added Component: Designator=R2(RES_0603)
Added Component: Designator=R3(RES_0603)
Added Component: Designator=R4(RES_0603)
Added Component: Designator=R5(RES_0603)
Added Component: Designator=R6(RES_0603)
Added Component: Designator=R7(RES_0603)
Added Component: Designator=R8(RES_0603)
Added Component: Designator=R9(RES_0603)
Added Component: Designator=R10(RES_0603)
Added Component: Designator=R11(RES_0603)
Added Component: Designator=R12(RES_0603)
Added Component: Designator=R13(RES_0603)
Added Component: Designator=R14(RES_0603)
Added Component: Designator=R15(RES_0603)
Added Component: Designator=R16(RES_0603)
Added Component: Designator=R17(RES_0603)
Added Component: Designator=R18(RES_0603)
Added Component: Designator=R19(RES_0603)
Added Component: Designator=R20(RES_0603)
Added Component: Designator=R21(RES_0603)
Added Component: Designator=R22(RES_0603)
Added Component: Designator=R24(RES_0603)
Added Component: Designator=R27(RES_0805)
Added Component: Designator=R29(RES_0603)
Added Component: Designator=R30(RES_0603)
Added Component: Designator=R31(RES_0603)
Added Component: Designator=R32(RES_0603)
Added Component: Designator=R33(RES_0603)
Added Component: Designator=R34(RES_0603)
Added Component: Designator=R35(RES_0603)
Added Component: Designator=SW1(SW-TH_K3-1260D-K1)
Added Component: Designator=U2(SOP8_2_54)
Added Component: Designator=U3(SOP8_2_54)
Added Component: Designator=U4(TO263_7)
Added Component: Designator=U5(TO263_7)
Added Component: Designator=U6(TO263_7)
Added Component: Designator=U7(SOT-223_3)
Added Component: Designator=U8(TO263_7)
Added Component: Designator=U9(SOT-223_3)
Added Pin To Net: NetName=7.2V Pin=C5-1
Added Pin To Net: NetName=GND Pin=C5-2
Added Pin To Net: NetName=VCC_5V Pin=C6-1
Added Pin To Net: NetName=GND Pin=C6-2
Added Pin To Net: NetName=VCC_5V Pin=C8-1
Added Pin To Net: NetName=GND Pin=C8-2
Added Pin To Net: NetName=VCC_3.3V Pin=C9-1
Added Pin To Net: NetName=GND Pin=C9-2
Added Pin To Net: NetName=7.2V Pin=F1-1
Added Pin To Net: NetName=GND Pin=J1-8
Added Pin To Net: NetName=GND Pin=JP1-8
Added Pin To Net: NetName=VEE Pin=P3-2
Added Pin To Net: NetName=VEE Pin=Q1-4
Added Pin To Net: NetName=GND Pin=R1-1
Added Pin To Net: NetName=VCC_3.3V Pin=R2-2
Added Pin To Net: NetName=VCC_3.3V Pin=R3-2
Added Pin To Net: NetName=VCC_5V Pin=R4-2
Added Pin To Net: NetName=VCC_5V Pin=R5-2
Added Pin To Net: NetName=VCC_3.3V Pin=R6-2
Added Pin To Net: NetName=VCC_3.3V Pin=R7-2
Added Pin To Net: NetName=VCC_5V Pin=R8-2
Added Pin To Net: NetName=VCC_5V Pin=R9-2
Added Pin To Net: NetName=GND Pin=R10-1
Added Pin To Net: NetName=GND Pin=R11-1
Added Pin To Net: NetName=GND Pin=R12-1
Added Pin To Net: NetName=GND Pin=R13-1
Added Pin To Net: NetName=VCC_5V Pin=R15-2
Added Pin To Net: NetName=VCC_5V Pin=R19-2
Added Pin To Net: NetName=7.2V Pin=R20-1
Added Pin To Net: NetName=VCC_5V Pin=R30-2
Added Pin To Net: NetName=VCC_5V Pin=R34-2
Added Pin To Net: NetName=GND Pin=U2-5
Added Pin To Net: NetName=VCC_5V Pin=U2-8
Added Pin To Net: NetName=GND Pin=U3-5
Added Pin To Net: NetName=VCC_5V Pin=U3-8
Added Pin To Net: NetName=7.2V Pin=U4-7
Added Pin To Net: NetName=7.2V Pin=U5-7
Added Pin To Net: NetName=7.2V Pin=U6-7
Added Pin To Net: NetName=GND Pin=U7-1
Added Pin To Net: NetName=VCC_5V Pin=U7-2
Added Pin To Net: NetName=7.2V Pin=U7-3
Added Pin To Net: NetName=VCC_5V Pin=U7-4
Added Pin To Net: NetName=7.2V Pin=U8-7
Added Pin To Net: NetName=GND Pin=U9-1
Added Pin To Net: NetName=VCC_3.3V Pin=U9-2
Added Pin To Net: NetName=VCC_5V Pin=U9-3
Added Pin To Net: NetName=VCC_3.3V Pin=U9-4
Change Net Name : Old Net Name=NetC14_1 New Net Name=NetC23_1
Change Net Name : Old Net Name=NetC15_2 New Net Name=NetC24_2
Change Net Name : Old Net Name=NetC16_1 New Net Name=NetC25_1
Change Net Name : Old Net Name=NetC17_2 New Net Name=NetC26_2
Change Net Name : Old Net Name=NetD10_2 New Net Name=NetD13_2
Change Net Name : Old Net Name=NetD11_A New Net Name=NetD14_A
Change Net Name : Old Net Name=NetD14_2 New Net Name=NetD17_2
Change Net Name : Old Net Name=NetD15_2 New Net Name=NetD18_2
Change Net Name : Old Net Name=NetF1_1 New Net Name=NetF2_1
Change Net Name : Old Net Name=NetJ1_3 New Net Name=NetJ2_3
Change Net Name : Old Net Name=NetJ3_2 New Net Name=NetJ4_2
Change Net Name : Old Net Name=NetJ5_3 New Net Name=NetJ6_3
Change Net Name : Old Net Name=NetJ5_4 New Net Name=NetJ6_4
Change Net Name : Old Net Name=NetJ5_5 New Net Name=NetJ6_5
Change Net Name : Old Net Name=NetJ5_6 New Net Name=NetJ6_6
Change Net Name : Old Net Name=NetJ12_3 New Net Name=NetJ13_3
Change Net Name : Old Net Name=NetJ12_4 New Net Name=NetJ13_4
Change Net Name : Old Net Name=NetQ2_1 New Net Name=NetQ3_1
Change Net Name : Old Net Name=NetR7_2 New Net Name=NetR38_2
Change Net Name : Old Net Name=NetR8_2 New Net Name=NetR39_2
Change Net Name : Old Net Name=NetR9_2 New Net Name=NetR40_2
Change Net Name : Old Net Name=NetR10_3 New Net Name=NetR41_3
Change Net Name : Old Net Name=NetR11_1 New Net Name=NetR42_1
Change Net Name : Old Net Name=NetR14_2 New Net Name=NetR45_2
Change Net Name : Old Net Name=NetR17_2 New Net Name=NetR48_2
Change Net Name : Old Net Name=NetR18_2 New Net Name=NetR49_2
Change Net Name : Old Net Name=NetR21_2 New Net Name=NetR52_2
Change Net Name : Old Net Name=NetR22_2 New Net Name=NetR53_2
Change Net Name : Old Net Name=NetR23_3 New Net Name=NetR54_3
Change Net Name : Old Net Name=NetR24_1 New Net Name=NetR55_1
Change Net Name : Old Net Name=NetR35_1 New Net Name=NetR66_1
Added Pin To Net: NetName=ADC1 Pin=J1-1
Added Pin To Net: NetName=ADC1 Pin=JP1-1
Added Pin To Net: NetName=ADC1 Pin=R17-2
Added Pin To Net: NetName=ADC1 Pin=U4-6
Added Pin To Net: NetName=ADC1 Pin=U5-6
Added Net: Name=ADC1
Added Pin To Net: NetName=ADC2 Pin=J1-2
Added Pin To Net: NetName=ADC2 Pin=JP1-2
Added Pin To Net: NetName=ADC2 Pin=R32-2
Added Pin To Net: NetName=ADC2 Pin=U6-6
Added Pin To Net: NetName=ADC2 Pin=U8-6
Added Net: Name=ADC2
Added Pin To Net: NetName=MOTOR1+ Pin=P1-2
Added Pin To Net: NetName=MOTOR1+ Pin=U5-4
Added Pin To Net: NetName=MOTOR1+ Pin=U5-8
Added Net: Name=MOTOR1+
Added Pin To Net: NetName=MOTOR1- Pin=P1-1
Added Pin To Net: NetName=MOTOR1- Pin=U4-4
Added Pin To Net: NetName=MOTOR1- Pin=U4-8
Added Net: Name=MOTOR1-
Added Pin To Net: NetName=MOTOR2+ Pin=P4-2
Added Pin To Net: NetName=MOTOR2+ Pin=U8-4
Added Pin To Net: NetName=MOTOR2+ Pin=U8-8
Added Net: Name=MOTOR2+
Added Pin To Net: NetName=MOTOR2- Pin=P4-1
Added Pin To Net: NetName=MOTOR2- Pin=U6-4
Added Pin To Net: NetName=MOTOR2- Pin=U6-8
Added Net: Name=MOTOR2-
Added Pin To Net: NetName=NetC1_2 Pin=C1-2
Added Pin To Net: NetName=NetC1_2 Pin=R16-1
Added Pin To Net: NetName=NetC1_2 Pin=U4-5
Added Net: Name=NetC1_2
Added Pin To Net: NetName=NetC2_2 Pin=C2-2
Added Pin To Net: NetName=NetC2_2 Pin=R21-1
Added Pin To Net: NetName=NetC2_2 Pin=U5-5
Added Net: Name=NetC2_2
Added Pin To Net: NetName=NetC3_1 Pin=C3-1
Added Pin To Net: NetName=NetC3_1 Pin=F1-2
Added Pin To Net: NetName=NetC3_1 Pin=R27-2
Added Pin To Net: NetName=NetC3_1 Pin=SW1-2
Added Net: Name=NetC3_1
Added Pin To Net: NetName=NetC4_2 Pin=C4-2
Added Pin To Net: NetName=NetC4_2 Pin=R31-1
Added Pin To Net: NetName=NetC4_2 Pin=U6-5
Added Net: Name=NetC4_2
Added Pin To Net: NetName=NetC7_2 Pin=C7-2
Added Pin To Net: NetName=NetC7_2 Pin=R35-1
Added Pin To Net: NetName=NetC7_2 Pin=U8-5
Added Net: Name=NetC7_2
Added Pin To Net: NetName=NetD1_A Pin=D1-A
Added Pin To Net: NetName=NetD1_A Pin=R20-2
Added Net: Name=NetD1_A
Added Pin To Net: NetName=NetD2_A Pin=D2-A
Added Pin To Net: NetName=NetD2_A Pin=R24-2
Added Net: Name=NetD2_A
Added Pin To Net: NetName=NetD3_A Pin=D3-A
Added Pin To Net: NetName=NetD3_A Pin=R22-2
Added Net: Name=NetD3_A
Added Pin To Net: NetName=NetR2_1 Pin=R2-1
Added Pin To Net: NetName=NetR2_1 Pin=U2-1
Added Net: Name=NetR2_1
Added Pin To Net: NetName=NetR3_1 Pin=R3-1
Added Pin To Net: NetName=NetR3_1 Pin=U2-4
Added Net: Name=NetR3_1
Added Pin To Net: NetName=NetR6_1 Pin=R6-1
Added Pin To Net: NetName=NetR6_1 Pin=U3-1
Added Net: Name=NetR6_1
Added Pin To Net: NetName=NetR7_1 Pin=R7-1
Added Pin To Net: NetName=NetR7_1 Pin=U3-4
Added Net: Name=NetR7_1
Added Pin To Net: NetName=NetR14_1 Pin=R14-1
Added Pin To Net: NetName=NetR14_1 Pin=U4-2
Added Net: Name=NetR14_1
Added Pin To Net: NetName=NetR15_1 Pin=R15-1
Added Pin To Net: NetName=NetR15_1 Pin=U4-3
Added Net: Name=NetR15_1
Added Pin To Net: NetName=NetR18_1 Pin=R18-1
Added Pin To Net: NetName=NetR18_1 Pin=U5-2
Added Net: Name=NetR18_1
Added Pin To Net: NetName=NetR19_1 Pin=R19-1
Added Pin To Net: NetName=NetR19_1 Pin=U5-3
Added Net: Name=NetR19_1
Added Pin To Net: NetName=NetR29_1 Pin=R29-1
Added Pin To Net: NetName=NetR29_1 Pin=U6-2
Added Net: Name=NetR29_1
Added Pin To Net: NetName=NetR30_1 Pin=R30-1
Added Pin To Net: NetName=NetR30_1 Pin=U6-3
Added Net: Name=NetR30_1
Added Pin To Net: NetName=NetR33_1 Pin=R33-1
Added Pin To Net: NetName=NetR33_1 Pin=U8-2
Added Net: Name=NetR33_1
Added Pin To Net: NetName=NetR34_1 Pin=R34-1
Added Pin To Net: NetName=NetR34_1 Pin=U8-3
Added Net: Name=NetR34_1
Added Pin To Net: NetName=P1+ Pin=R9-1
Added Pin To Net: NetName=P1+ Pin=R18-2
Added Pin To Net: NetName=P1+ Pin=U3-7
Added Net: Name=P1+
Added Pin To Net: NetName=P1- Pin=R8-1
Added Pin To Net: NetName=P1- Pin=R14-2
Added Pin To Net: NetName=P1- Pin=U3-6
Added Net: Name=P1-
Added Pin To Net: NetName=P2+ Pin=R5-1
Added Pin To Net: NetName=P2+ Pin=R33-2
Added Pin To Net: NetName=P2+ Pin=U2-7
Added Net: Name=P2+
Added Pin To Net: NetName=P2- Pin=R4-1
Added Pin To Net: NetName=P2- Pin=R29-2
Added Pin To Net: NetName=P2- Pin=U2-6
Added Net: Name=P2-
Added Pin To Net: NetName=PGND Pin=C1-1
Added Pin To Net: NetName=PGND Pin=C2-1
Added Pin To Net: NetName=PGND Pin=C3-2
Added Pin To Net: NetName=PGND Pin=C4-1
Added Pin To Net: NetName=PGND Pin=C7-1
Added Pin To Net: NetName=PGND Pin=D1-C
Added Pin To Net: NetName=PGND Pin=P2-1
Added Pin To Net: NetName=PGND Pin=Q1-3
Added Pin To Net: NetName=PGND Pin=R1-2
Added Pin To Net: NetName=PGND Pin=R16-2
Added Pin To Net: NetName=PGND Pin=R17-1
Added Pin To Net: NetName=PGND Pin=R21-2
Added Pin To Net: NetName=PGND Pin=R27-1
Added Pin To Net: NetName=PGND Pin=R31-2
Added Pin To Net: NetName=PGND Pin=R32-1
Added Pin To Net: NetName=PGND Pin=R35-2
Added Pin To Net: NetName=PGND Pin=U4-1
Added Pin To Net: NetName=PGND Pin=U5-1
Added Pin To Net: NetName=PGND Pin=U6-1
Added Pin To Net: NetName=PGND Pin=U8-1
Added Net: Name=PGND
Added Pin To Net: NetName=POWERIN Pin=P2-2
Added Pin To Net: NetName=POWERIN Pin=P3-1
Added Pin To Net: NetName=POWERIN Pin=Q1-1
Added Pin To Net: NetName=POWERIN Pin=SW1-3
Added Net: Name=POWERIN
Added Pin To Net: NetName=PWM1+ Pin=J1-4
Added Pin To Net: NetName=PWM1+ Pin=JP1-4
Added Pin To Net: NetName=PWM1+ Pin=R13-2
Added Pin To Net: NetName=PWM1+ Pin=U3-2
Added Net: Name=PWM1+
Added Pin To Net: NetName=PWM1- Pin=J1-5
Added Pin To Net: NetName=PWM1- Pin=JP1-5
Added Pin To Net: NetName=PWM1- Pin=R12-2
Added Pin To Net: NetName=PWM1- Pin=U3-3
Added Net: Name=PWM1-
Added Pin To Net: NetName=PWM2+ Pin=J1-6
Added Pin To Net: NetName=PWM2+ Pin=JP1-6
Added Pin To Net: NetName=PWM2+ Pin=R11-2
Added Pin To Net: NetName=PWM2+ Pin=U2-2
Added Net: Name=PWM2+
Added Pin To Net: NetName=PWM2- Pin=J1-7
Added Pin To Net: NetName=PWM2- Pin=JP1-7
Added Pin To Net: NetName=PWM2- Pin=R10-2
Added Pin To Net: NetName=PWM2- Pin=U2-3
Added Net: Name=PWM2-
Added Member To Class: ClassName=TC264MCUV02 Member=Component C1 104
Added Member To Class: ClassName=TC264MCUV02 Member=Component C2 104
Added Member To Class: ClassName=TC264MCUV02 Member=Component C3 470uF/35V
Added Member To Class: ClassName=TC264MCUV02 Member=Component C7 104
Added Member To Class: ClassName=TC264MCUV02 Member=Component C18 22uf
Added Member To Class: ClassName=TC264MCUV02 Member=Component C19 106
Added Member To Class: ClassName=TC264MCUV02 Member=Component C20 104
Added Member To Class: ClassName=TC264MCUV02 Member=Component C21 106
Added Member To Class: ClassName=TC264MCUV02 Member=Component C22 470uF/35V
Added Member To Class: ClassName=TC264MCUV02 Member=Component C23 220uF/25V
Added Member To Class: ClassName=TC264MCUV02 Member=Component C24 104
Added Member To Class: ClassName=TC264MCUV02 Member=Component C25 470uF/35V
Added Member To Class: ClassName=TC264MCUV02 Member=Component C26 106
Added Member To Class: ClassName=TC264MCUV02 Member=Component D8 ZMM3V3
Added Member To Class: ClassName=TC264MCUV02 Member=Component D9 ZMM3V3
Added Member To Class: ClassName=TC264MCUV02 Member=Component D16 ZMM3V3
Added Member To Class: ClassName=TC264MCUV02 Member=Component D17 SS54/5A/40V
Added Member To Class: ClassName=TC264MCUV02 Member=Component D18 SS54/5A/40V
Added Member To Class: ClassName=TC264MCUV02 Member=Component F4 JK-NSMD100-16V
Added Member To Class: ClassName=TC264MCUV02 Member=Component J13 Header
Added Member To Class: ClassName=TC264MCUV02 Member=Component JP2 FPC_8pin
Added Member To Class: ClassName=TC264MCUV02 Member=Component P2 KF-2P-5.08
Added Member To Class: ClassName=TC264MCUV02 Member=Component P3 KF-2P-5.08
Added Member To Class: ClassName=TC264MCUV02 Member=Component P4 KF-2P-5.08
Added Member To Class: ClassName=TC264MCUV02 Member=Component P5 KF-2P-5.08
Added Member To Class: ClassName=TC264MCUV02 Member=Component Q3 S8050
Added Member To Class: ClassName=TC264MCUV02 Member=Component R7 390
Added Member To Class: ClassName=TC264MCUV02 Member=Component R8 390
Added Member To Class: ClassName=TC264MCUV02 Member=Component R10 4.7k
Added Member To Class: ClassName=TC264MCUV02 Member=Component R11 4.7k
Added Member To Class: ClassName=TC264MCUV02 Member=Component R12 4.7k
Added Member To Class: ClassName=TC264MCUV02 Member=Component R16 510
Added Member To Class: ClassName=TC264MCUV02 Member=Component R37 1k
Added Member To Class: ClassName=TC264MCUV02 Member=Component R38 100
Added Member To Class: ClassName=TC264MCUV02 Member=Component R39 100
Added Member To Class: ClassName=TC264MCUV02 Member=Component R40 2k
Added Member To Class: ClassName=TC264MCUV02 Member=Component R41 100k
Added Member To Class: ClassName=TC264MCUV02 Member=Component R42 100k
Added Member To Class: ClassName=TC264MCUV02 Member=Component R43 510
Added Member To Class: ClassName=TC264MCUV02 Member=Component R44 1k
Added Member To Class: ClassName=TC264MCUV02 Member=Component R45 1k
Added Member To Class: ClassName=TC264MCUV02 Member=Component R46 2k
Added Member To Class: ClassName=TC264MCUV02 Member=Component R47 510
Added Member To Class: ClassName=TC264MCUV02 Member=Component R48 2.7k
Added Member To Class: ClassName=TC264MCUV02 Member=Component R49 4.7k
Added Member To Class: ClassName=TC264MCUV02 Member=Component R50 2k
Added Member To Class: ClassName=TC264MCUV02 Member=Component R51 1k
Added Member To Class: ClassName=TC264MCUV02 Member=Component R52 100
Added Member To Class: ClassName=TC264MCUV02 Member=Component R53 100
Added Member To Class: ClassName=TC264MCUV02 Member=Component R54 100k
Added Member To Class: ClassName=TC264MCUV02 Member=Component R55 100k
Added Member To Class: ClassName=TC264MCUV02 Member=Component R56 510
Added Member To Class: ClassName=TC264MCUV02 Member=Component R57 510
Added Member To Class: ClassName=TC264MCUV02 Member=Component R58 10k
Added Member To Class: ClassName=TC264MCUV02 Member=Component R59 10k
Added Member To Class: ClassName=TC264MCUV02 Member=Component R60 10k
Added Member To Class: ClassName=TC264MCUV02 Member=Component R61 10k
Added Member To Class: ClassName=TC264MCUV02 Member=Component R62 10k
Added Member To Class: ClassName=TC264MCUV02 Member=Component R63 1k
Added Member To Class: ClassName=TC264MCUV02 Member=Component R64 100
Added Member To Class: ClassName=TC264MCUV02 Member=Component R65 10k
Added Member To Class: ClassName=TC264MCUV02 Member=Component R66 240K
Added Member To Class: ClassName=TC264MCUV02 Member=Component R67 1¦¸
Added Member To Class: ClassName=TC264MCUV02 Member=Component SW3 ²¦Âë¿ª¹Ø4P
Added Member To Class: ClassName=TC264MCUV02 Member=Component U2 HCPL2630SD
Added Member To Class: ClassName=TC264MCUV02 Member=Component U8 BTN7971
Added Member To Class: ClassName=TC264MCUV02 Member=Component U9 AMS1117-3.3
Added Member To Class: ClassName=TC264MCUV02 Member=Component U10 LMV358IDR
Added Member To Class: ClassName=TC264MCUV02 Member=Component U11 AS1015KBT
Added Member To Class: ClassName=TC264MCUV02 Member=Component U12 AMS1117-3.3
Added Member To Class: ClassName=TC264MCUV02 Member=Component U13 LMV358IDR
Added Member To Class: ClassName=TC264MCUV02 Member=Component U14 LM2596S-5.0/TR_C340931
Added Member To Class: ClassName=TC264MCUV02 Member=Component U15 TPS7333QDR
