Change Component Designator: Old Designator=C10 New Designator=C1
Change Component Designator: Old Designator=C11 New Designator=C2
Change Component Designator: Old Designator=C12 New Designator=C3
Change Component Designator: Old Designator=C13 New Designator=C4
Change Component Designator: Old Designator=C14 New Designator=C5
Change Component Designator: Old Designator=C15 New Designator=C6
Change Component Designator: Old Designator=C16 New Designator=C7
Change Component Designator: Old Designator=C17 New Designator=C8
Change Component Designator: Old Designator=C18 New Designator=C9
Change Component Designator: Old Designator=C19 New Designator=C10
Change Component Designator: Old Designator=C20 New Designator=C11
Change Component Designator: Old Designator=C21 New Designator=C12
Change Component Designator: Old Designator=C22 New Designator=C13
Change Component Designator: Old Designator=C23 New Designator=C14
Change Component Designator: Old Designator=C24 New Designator=C15
Change Component Designator: Old Designator=C25 New Designator=C16
Change Component Designator: Old Designator=C26 New Designator=C17
Change Component Designator: Old Designator=D4 New Designator=D1
Change Component Designator: Old Designator=D5 New Designator=D2
Change Component Designator: Old Designator=D6 New Designator=D3
Change Component Designator: Old Designator=D7 New Designator=D4
Change Component Designator: Old Designator=D8 New Designator=D5
Change Component Designator: Old Designator=D9 New Designator=D6
Change Component Designator: Old Designator=D10 New Designator=D7
Change Component Designator: Old Designator=D11 New Designator=D8
Change Component Designator: Old Designator=D12 New Designator=D9
Change Component Designator: Old Designator=D13 New Designator=D10
Change Component Designator: Old Designator=D14 New Designator=D11
Change Component Designator: Old Designator=D15 New Designator=D12
Change Component Designator: Old Designator=D16 New Designator=D13
Change Component Designator: Old Designator=D17 New Designator=D14
Change Component Designator: Old Designator=D18 New Designator=D15
Change Component Designator: Old Designator=F2 New Designator=F1
Change Component Designator: Old Designator=F3 New Designator=F2
Change Component Designator: Old Designator=F4 New Designator=F3
Change Component Designator: Old Designator=J2 New Designator=J1
Change Component Designator: Old Designator=J3 New Designator=J2
Change Component Designator: Old Designator=J4 New Designator=J3
Change Component Designator: Old Designator=J5 New Designator=J4
Change Component Designator: Old Designator=J6 New Designator=J5
Change Component Designator: Old Designator=J7 New Designator=J6
Change Component Designator: Old Designator=J8 New Designator=J7
Change Component Designator: Old Designator=J9 New Designator=J8
Change Component Designator: Old Designator=J10 New Designator=J9
Change Component Designator: Old Designator=J11 New Designator=J10
Change Component Designator: Old Designator=J12 New Designator=J11
Change Component Designator: Old Designator=J13 New Designator=J12
Change Component Designator: Old Designator=JP2 New Designator=JP1
Change Component Designator: Old Designator=P5 New Designator=P1
Change Component Designator: Old Designator=Q2 New Designator=Q1
Change Component Designator: Old Designator=Q3 New Designator=Q2
Change Component Designator: Old Designator=R23 New Designator=R1
Change Component Designator: Old Designator=R25 New Designator=R2
Change Component Designator: Old Designator=R26 New Designator=R3
Change Component Designator: Old Designator=R28 New Designator=R4
Change Component Designator: Old Designator=R36 New Designator=R5
Change Component Designator: Old Designator=R37 New Designator=R6
Change Component Designator: Old Designator=R38 New Designator=R7
Change Component Designator: Old Designator=R39 New Designator=R8
Change Component Designator: Old Designator=R40 New Designator=R9
Change Component Designator: Old Designator=R41 New Designator=R10
Change Component Designator: Old Designator=R42 New Designator=R11
Change Component Designator: Old Designator=R43 New Designator=R12
Change Component Designator: Old Designator=R44 New Designator=R13
Change Component Designator: Old Designator=R45 New Designator=R14
Change Component Designator: Old Designator=R46 New Designator=R15
Change Component Designator: Old Designator=R47 New Designator=R16
Change Component Designator: Old Designator=R48 New Designator=R17
Change Component Designator: Old Designator=R49 New Designator=R18
Change Component Designator: Old Designator=R50 New Designator=R19
Change Component Designator: Old Designator=R51 New Designator=R20
Change Component Designator: Old Designator=R52 New Designator=R21
Change Component Designator: Old Designator=R53 New Designator=R22
Change Component Designator: Old Designator=R54 New Designator=R23
Change Component Designator: Old Designator=R55 New Designator=R24
Change Component Designator: Old Designator=R56 New Designator=R25
Change Component Designator: Old Designator=R57 New Designator=R26
Change Component Designator: Old Designator=R58 New Designator=R27
Change Component Designator: Old Designator=R59 New Designator=R28
Change Component Designator: Old Designator=R60 New Designator=R29
Change Component Designator: Old Designator=R61 New Designator=R30
Change Component Designator: Old Designator=R62 New Designator=R31
Change Component Designator: Old Designator=R63 New Designator=R32
Change Component Designator: Old Designator=R64 New Designator=R33
Change Component Designator: Old Designator=R65 New Designator=R34
Change Component Designator: Old Designator=R66 New Designator=R35
Change Component Designator: Old Designator=R67 New Designator=R36
Change Component Designator: Old Designator=SW2 New Designator=SW1
Change Component Designator: Old Designator=SW3 New Designator=SW2
Change Component Designator: Old Designator=U10 New Designator=U2
Change Component Designator: Old Designator=U11 New Designator=U3
Change Component Designator: Old Designator=U12 New Designator=U4
Change Component Designator: Old Designator=U13 New Designator=U5
Change Component Designator: Old Designator=U14 New Designator=U6
Change Component Designator: Old Designator=U15 New Designator=U7
