Removed Pin From Net: NetName=ADC_OUT6 Pin=C1-1
Removed Pin From Net: NetName=GND Pin=C1-2
Removed Pin From Net: NetName=VCC_5V Pin=C2-1
Removed Pin From Net: NetName=GND Pin=C2-2
Removed Pin From Net: NetName=ADC_OUT5 Pin=C3-1
Removed Pin From Net: NetName=GND Pin=C3-2
Removed Pin From Net: NetName=ADC_OUT2 Pin=C7-1
Removed Pin From Net: NetName=GND Pin=C7-2
Removed Pin From Net: NetName=VCC_5V Pin=C8-1
Removed Pin From Net: NetName=GND Pin=C8-2
Removed Pin From Net: NetName=ADC_OUT1 Pin=C9-1
Removed Pin From Net: NetName=GND Pin=C9-2
Removed Pin From Net: NetName=ADC_OUT6 Pin=D8-1
Removed Pin From Net: NetName=GND Pin=D8-2
Removed Pin From Net: NetName=ADC_OUT5 Pin=D9-1
Removed Pin From Net: NetName=GND Pin=D9-2
Removed Pin From Net: NetName=ADC_OUT2 Pin=D12-1
Removed Pin From Net: NetName=GND Pin=D12-2
Removed Pin From Net: NetName=ADC_OUT1 Pin=D13-1
Removed Pin From Net: NetName=GND Pin=D13-2
Removed Pin From Net: NetName=NetC15_2 Pin=F3-1
Removed Pin From Net: NetName=ADC_OUT6 Pin=R7-1
Removed Pin From Net: NetName=NetR7_2 Pin=R7-2
Removed Pin From Net: NetName=ADC_OUT5 Pin=R8-1
Removed Pin From Net: NetName=NetR8_2 Pin=R8-2
Removed Pin From Net: NetName=NetR7_2 Pin=R10-2
Removed Pin From Net: NetName=NetR8_2 Pin=R11-2
Removed Pin From Net: NetName=GND Pin=R12-1
Removed Pin From Net: NetName=GND Pin=R16-2
Removed Pin From Net: NetName=ADC_OUT2 Pin=R21-1
Removed Pin From Net: NetName=ADC_OUT1 Pin=R22-1
Removed Pin From Net: NetName=GND Pin=R25-1
Removed Pin From Net: NetName=GND Pin=R26-2
Removed Pin From Net: NetName=NetR7_2 Pin=U2-1
Removed Pin From Net: NetName=LC6 Pin=U2-3
Removed Pin From Net: NetName=GND Pin=U2-4
Removed Pin From Net: NetName=LC5 Pin=U2-5
Removed Pin From Net: NetName=NetR8_2 Pin=U2-7
Removed Pin From Net: NetName=VCC_5V Pin=U2-8
Removed Pin From Net: NetName=LC2 Pin=U5-3
Removed Pin From Net: NetName=GND Pin=U5-4
Removed Pin From Net: NetName=LC1 Pin=U5-5
Removed Pin From Net: NetName=VCC_5V Pin=U5-8
Removed Member From Class: ClassName=TC264MCUV02 Member=F3
Change Component Footprint: Designator=F1 Old Footprint=F1206 New Footprint=FUSE_1210
Change Component Comment : Designator=R14 Old Comment=1k New Comment=0¦¸
Change Component Designator: OldDesignator=C4 NewDesignator=C7
Change Component Designator: OldDesignator=C5 NewDesignator=C8
Change Component Designator: OldDesignator=C6 NewDesignator=C9
Change Component Designator: OldDesignator=C10 NewDesignator=C13
Change Component Designator: OldDesignator=C11 NewDesignator=C14
Change Component Designator: OldDesignator=C12 NewDesignator=C15
Change Component Designator: OldDesignator=C13 NewDesignator=C16
Change Component Designator: OldDesignator=C14 NewDesignator=C17
Change Component Designator: OldDesignator=C15 NewDesignator=C18
Change Component Designator: OldDesignator=C16 NewDesignator=C19
Change Component Designator: OldDesignator=C17 NewDesignator=C20
Change Component Designator: OldDesignator=D10 NewDesignator=D12
Change Component Designator: OldDesignator=D11 NewDesignator=D13
Change Component Designator: OldDesignator=D14 NewDesignator=D16
Change Component Designator: OldDesignator=D15 NewDesignator=D17
Change Component Designator: OldDesignator=J7 NewDesignator=J8
Change Component Designator: OldDesignator=J8 NewDesignator=J9
Change Component Designator: OldDesignator=J9 NewDesignator=J10
Change Component Designator: OldDesignator=J10 NewDesignator=J11
Change Component Designator: OldDesignator=J11 NewDesignator=J12
Change Component Designator: OldDesignator=J12 NewDesignator=J13
Change Component Designator: OldDesignator=R9 NewDesignator=R11
Change Component Designator: OldDesignator=R13 NewDesignator=R20
Change Component Designator: OldDesignator=R14 NewDesignator=R21
Change Component Designator: OldDesignator=R15 NewDesignator=R22
Change Component Designator: OldDesignator=R17 NewDesignator=R23
Change Component Designator: OldDesignator=R18 NewDesignator=R24
Change Component Designator: OldDesignator=R19 NewDesignator=R25
Change Component Designator: OldDesignator=R20 NewDesignator=R27
Change Component Designator: OldDesignator=R27 NewDesignator=R33
Change Component Designator: OldDesignator=R28 NewDesignator=R34
Change Component Designator: OldDesignator=R29 NewDesignator=R35
Change Component Designator: OldDesignator=R30 NewDesignator=R36
Change Component Designator: OldDesignator=R31 NewDesignator=R37
Change Component Designator: OldDesignator=R32 NewDesignator=R38
Change Component Designator: OldDesignator=R33 NewDesignator=R39
Change Component Designator: OldDesignator=R34 NewDesignator=R40
Change Component Designator: OldDesignator=R35 NewDesignator=R41
Change Component Designator: OldDesignator=R36 NewDesignator=R42
Change Component Designator: OldDesignator=U3 NewDesignator=U4
Change Component Designator: OldDesignator=U4 NewDesignator=U5
Change Component Designator: OldDesignator=U6 NewDesignator=U7
Change Component Designator: OldDesignator=U7 NewDesignator=U8
Added Component: Designator=C1(CAP_0603)
Added Component: Designator=C2(CAP_0603)
Added Component: Designator=C3(CAP_0603)
Added Component: Designator=C4(CAP_0603)
Added Component: Designator=C5(CAP_0603)
Added Component: Designator=C6(CAP_0603)
Added Component: Designator=C10(CAP_0603)
Added Component: Designator=C11(CAP_0603)
Added Component: Designator=C12(CAP_0603)
Added Component: Designator=D8(LL-34_L3.5-W1.5-RD)
Added Component: Designator=D9(LL-34_L3.5-W1.5-RD)
Added Component: Designator=D10(LL-34_L3.5-W1.5-RD)
Added Component: Designator=D11(LL-34_L3.5-W1.5-RD)
Added Component: Designator=D14(LL-34_L3.5-W1.5-RD)
Added Component: Designator=D15(LL-34_L3.5-W1.5-RD)
Added Component: Designator=J7(Header 2.54X6)
Added Component: Designator=J14(Header 2.54X3)
Added Component: Designator=J15(Header 2.54X3)
Added Component: Designator=J16(Header 2.54X3)
Added Component: Designator=R7(RES_0603)
Added Component: Designator=R8(RES_0603)
Added Component: Designator=R9(RES_0603)
Added Component: Designator=R10(RES_0603)
Added Component: Designator=R12(RES_POT-3296W)
Added Component: Designator=R13(RES_POT-3296W)
Added Component: Designator=R14(RES_POT-3296W)
Added Component: Designator=R15(RES_POT-3296W)
Added Component: Designator=R16(RES_0603)
Added Component: Designator=R17(RES_0603)
Added Component: Designator=R18(RES_0603)
Added Component: Designator=R19(RES_0603)
Added Component: Designator=R26(RES_0603)
Added Component: Designator=R28(RES_0603)
Added Component: Designator=R29(RES_POT-3296W)
Added Component: Designator=R30(RES_POT-3296W)
Added Component: Designator=R31(RES_0603)
Added Component: Designator=R32(RES_0603)
Added Component: Designator=U2(SOIC-8_150MIL)
Added Component: Designator=U3(SOIC-8_150MIL)
Added Component: Designator=U6(SOIC-8_150MIL)
Added Pin To Net: NetName=GND Pin=C1-2
Added Pin To Net: NetName=ADC_OUT6 Pin=C2-1
Added Pin To Net: NetName=GND Pin=C2-2
Added Pin To Net: NetName=VCC_5V Pin=C3-1
Added Pin To Net: NetName=GND Pin=C3-2
Added Pin To Net: NetName=VCC_5V Pin=C4-1
Added Pin To Net: NetName=GND Pin=C4-2
Added Pin To Net: NetName=GND Pin=C5-2
Added Pin To Net: NetName=ADC_OUT5 Pin=C6-1
Added Pin To Net: NetName=GND Pin=C6-2
Added Pin To Net: NetName=ADC_OUT2 Pin=C10-1
Added Pin To Net: NetName=GND Pin=C10-2
Added Pin To Net: NetName=VCC_5V Pin=C11-1
Added Pin To Net: NetName=GND Pin=C11-2
Added Pin To Net: NetName=ADC_OUT1 Pin=C12-1
Added Pin To Net: NetName=GND Pin=C12-2
Added Pin To Net: NetName=GND Pin=D8-2
Added Pin To Net: NetName=ADC_OUT6 Pin=D9-1
Added Pin To Net: NetName=GND Pin=D9-2
Added Pin To Net: NetName=GND Pin=D10-2
Added Pin To Net: NetName=ADC_OUT5 Pin=D11-1
Added Pin To Net: NetName=GND Pin=D11-2
Added Pin To Net: NetName=ADC_OUT2 Pin=D14-1
Added Pin To Net: NetName=GND Pin=D14-2
Added Pin To Net: NetName=ADC_OUT1 Pin=D15-1
Added Pin To Net: NetName=GND Pin=D15-2
Added Pin To Net: NetName=NetC15_2 Pin=D16-2
Added Pin To Net: NetName=LC1 Pin=J14-1
Added Pin To Net: NetName=GND Pin=J14-2
Added Pin To Net: NetName=LC2 Pin=J14-3
Added Pin To Net: NetName=GND Pin=J15-2
Added Pin To Net: NetName=LC5 Pin=J16-1
Added Pin To Net: NetName=GND Pin=J16-2
Added Pin To Net: NetName=LC6 Pin=J16-3
Added Pin To Net: NetName=NetR7_2 Pin=R7-2
Added Pin To Net: NetName=ADC_OUT6 Pin=R8-1
Added Pin To Net: NetName=NetR8_2 Pin=R8-2
Added Pin To Net: NetName=ADC_OUT5 Pin=R10-1
Added Pin To Net: NetName=NetR7_2 Pin=R12-2
Added Pin To Net: NetName=NetR8_2 Pin=R13-2
Added Pin To Net: NetName=GND Pin=R16-1
Added Pin To Net: NetName=GND Pin=R17-1
Added Pin To Net: NetName=GND Pin=R18-2
Added Pin To Net: NetName=GND Pin=R19-2
Added Pin To Net: NetName=ADC_OUT2 Pin=R26-1
Added Pin To Net: NetName=ADC_OUT1 Pin=R28-1
Added Pin To Net: NetName=GND Pin=R31-1
Added Pin To Net: NetName=GND Pin=R32-2
Added Pin To Net: NetName=GND Pin=SW1-1
Added Pin To Net: NetName=NetR7_2 Pin=U2-1
Added Pin To Net: NetName=GND Pin=U2-4
Added Pin To Net: NetName=VCC_5V Pin=U2-8
Added Pin To Net: NetName=NetR8_2 Pin=U3-1
Added Pin To Net: NetName=LC6 Pin=U3-3
Added Pin To Net: NetName=GND Pin=U3-4
Added Pin To Net: NetName=LC5 Pin=U3-5
Added Pin To Net: NetName=VCC_5V Pin=U3-8
Added Pin To Net: NetName=LC2 Pin=U6-3
Added Pin To Net: NetName=GND Pin=U6-4
Added Pin To Net: NetName=LC1 Pin=U6-5
Added Pin To Net: NetName=VCC_5V Pin=U6-8
Change Net Name : Old Net Name=NetC14_1 New Net Name=NetC17_1
Change Net Name : Old Net Name=NetC15_2 New Net Name=NetC18_2
Change Net Name : Old Net Name=NetC16_1 New Net Name=NetC19_1
Change Net Name : Old Net Name=NetC17_2 New Net Name=NetC20_2
Change Net Name : Old Net Name=NetD10_2 New Net Name=NetD12_2
Change Net Name : Old Net Name=NetD11_A New Net Name=NetD13_A
Change Net Name : Old Net Name=NetD15_2 New Net Name=NetD17_2
Change Net Name : Old Net Name=NetJ12_3 New Net Name=NetJ13_3
Change Net Name : Old Net Name=NetJ12_4 New Net Name=NetJ13_4
Change Net Name : Old Net Name=NetR9_2 New Net Name=NetR11_2
Change Net Name : Old Net Name=NetR14_2 New Net Name=NetR21_2
Change Net Name : Old Net Name=NetR17_2 New Net Name=NetR23_2
Change Net Name : Old Net Name=NetR18_2 New Net Name=NetR24_2
Change Net Name : Old Net Name=NetR35_1 New Net Name=NetR41_1
Added Pin To Net: NetName=ADC_OUT3 Pin=C5-1
Added Pin To Net: NetName=ADC_OUT3 Pin=D10-1
Added Pin To Net: NetName=ADC_OUT3 Pin=R9-1
Added Net: Name=ADC_OUT3
Added Pin To Net: NetName=ADC_OUT4 Pin=C1-1
Added Pin To Net: NetName=ADC_OUT4 Pin=D8-1
Added Pin To Net: NetName=ADC_OUT4 Pin=R7-1
Added Net: Name=ADC_OUT4
Added Pin To Net: NetName=ICM_CS Pin=J7-6
Added Net: Name=ICM_CS
Added Pin To Net: NetName=ICM_GND Pin=J7-1
Added Net: Name=ICM_GND
Added Pin To Net: NetName=ICM_SA0/SDO Pin=J7-5
Added Net: Name=ICM_SA0/SDO
Added Pin To Net: NetName=ICM_SCL/SPC Pin=J7-3
Added Net: Name=ICM_SCL/SPC
Added Pin To Net: NetName=ICM_SDA/SDI Pin=J7-4
Added Net: Name=ICM_SDA/SDI
Added Pin To Net: NetName=ICM_VCC Pin=J7-2
Added Net: Name=ICM_VCC
Added Pin To Net: NetName=LC3 Pin=J15-1
Added Pin To Net: NetName=LC3 Pin=U2-5
Added Net: Name=LC3
Added Pin To Net: NetName=LC4 Pin=J15-3
Added Pin To Net: NetName=LC4 Pin=U2-3
Added Net: Name=LC4
Added Pin To Net: NetName=NetR9_2 Pin=R9-2
Added Pin To Net: NetName=NetR9_2 Pin=R14-2
Added Pin To Net: NetName=NetR9_2 Pin=U2-7
Added Net: Name=NetR9_2
Added Pin To Net: NetName=NetR10_2 Pin=R10-2
Added Pin To Net: NetName=NetR10_2 Pin=R15-2
Added Pin To Net: NetName=NetR10_2 Pin=U3-7
Added Net: Name=NetR10_2
Added Pin To Net: NetName=NetR12_3 Pin=R12-3
Added Pin To Net: NetName=NetR12_3 Pin=R18-1
Added Pin To Net: NetName=NetR12_3 Pin=U2-2
Added Net: Name=NetR12_3
Added Pin To Net: NetName=NetR13_3 Pin=R13-3
Added Pin To Net: NetName=NetR13_3 Pin=R19-1
Added Pin To Net: NetName=NetR13_3 Pin=U3-2
Added Net: Name=NetR13_3
Added Pin To Net: NetName=NetR14_1 Pin=R14-1
Added Pin To Net: NetName=NetR14_1 Pin=R16-2
Added Pin To Net: NetName=NetR14_1 Pin=U2-6
Added Net: Name=NetR14_1
Added Pin To Net: NetName=NetR15_1 Pin=R15-1
Added Pin To Net: NetName=NetR15_1 Pin=R17-2
Added Pin To Net: NetName=NetR15_1 Pin=U3-6
Added Net: Name=NetR15_1
Added Pin To Net: NetName=NetR26_2 Pin=R26-2
Added Pin To Net: NetName=NetR26_2 Pin=R29-2
Added Pin To Net: NetName=NetR26_2 Pin=U6-1
Added Net: Name=NetR26_2
Added Pin To Net: NetName=NetR28_2 Pin=R28-2
Added Pin To Net: NetName=NetR28_2 Pin=R30-2
Added Pin To Net: NetName=NetR28_2 Pin=U6-7
Added Net: Name=NetR28_2
Added Pin To Net: NetName=NetR29_3 Pin=R29-3
Added Pin To Net: NetName=NetR29_3 Pin=R32-1
Added Pin To Net: NetName=NetR29_3 Pin=U6-2
Added Net: Name=NetR29_3
Added Pin To Net: NetName=NetR30_1 Pin=R30-1
Added Pin To Net: NetName=NetR30_1 Pin=R31-2
Added Pin To Net: NetName=NetR30_1 Pin=U6-6
Added Net: Name=NetR30_1
Added Member To Class: ClassName=TC264MCUV02 Member=Component C1 22uf
Added Member To Class: ClassName=TC264MCUV02 Member=Component C2 22uf
Added Member To Class: ClassName=TC264MCUV02 Member=Component C3 104
Added Member To Class: ClassName=TC264MCUV02 Member=Component C7 470uF/35V
Added Member To Class: ClassName=TC264MCUV02 Member=Component C18 104
Added Member To Class: ClassName=TC264MCUV02 Member=Component C19 470uF/35V
Added Member To Class: ClassName=TC264MCUV02 Member=Component C20 106
Added Member To Class: ClassName=TC264MCUV02 Member=Component D8 ZMM3V3
Added Member To Class: ClassName=TC264MCUV02 Member=Component D9 ZMM3V3
Added Member To Class: ClassName=TC264MCUV02 Member=Component D16 SS54/5A/40V
Added Member To Class: ClassName=TC264MCUV02 Member=Component D17 SS54/5A/40V
Added Member To Class: ClassName=TC264MCUV02 Member=Component FM1 BUZZER
Added Member To Class: ClassName=TC264MCUV02 Member=Component J13 Header
Added Member To Class: ClassName=TC264MCUV02 Member=Component J14 Header
Added Member To Class: ClassName=TC264MCUV02 Member=Component J15 Header
Added Member To Class: ClassName=TC264MCUV02 Member=Component J16 Header
Added Member To Class: ClassName=TC264MCUV02 Member=Component Q1 IRLR7843TRPBF
Added Member To Class: ClassName=TC264MCUV02 Member=Component R7 100
Added Member To Class: ClassName=TC264MCUV02 Member=Component R8 100
Added Member To Class: ClassName=TC264MCUV02 Member=Component R10 100
Added Member To Class: ClassName=TC264MCUV02 Member=Component R11 2k
Added Member To Class: ClassName=TC264MCUV02 Member=Component R12 100k
Added Member To Class: ClassName=TC264MCUV02 Member=Component R16 240
Added Member To Class: ClassName=TC264MCUV02 Member=Component R37 10k
Added Member To Class: ClassName=TC264MCUV02 Member=Component R38 1k
Added Member To Class: ClassName=TC264MCUV02 Member=Component R39 100
Added Member To Class: ClassName=TC264MCUV02 Member=Component R40 10k
Added Member To Class: ClassName=TC264MCUV02 Member=Component R41 240K
Added Member To Class: ClassName=TC264MCUV02 Member=Component R42 1¦¸
Added Member To Class: ClassName=TC264MCUV02 Member=Component U2 LMV358IDR
Added Member To Class: ClassName=TC264MCUV02 Member=Component U8 TPS7333QDR
