Removed Pin From Net: NetName=7.2V Pin=C9-1
Removed Pin From Net: NetName=GND Pin=C9-2
Removed Pin From Net: NetName=GND Pin=D4-2
Removed Pin From Net: NetName=GND Pin=D5-2
Removed Pin From Net: NetName=GND Pin=D6-2
Removed Pin From Net: NetName=GND Pin=D7-2
Removed Pin From Net: NetName=GND Pin=J4-1
Removed Pin From Net: NetName=VCC_5V Pin=J4-2
Removed Pin From Net: NetName=7.2V Pin=R24-1
Removed Pin From Net: NetName=GND Pin=R27-2
Removed Pin From Net: NetName=BT_TX Pin=U1-61
Removed Pin From Net: NetName=BT_RX Pin=U1-63
Removed Member From Class: ClassName=TC264MCUV02 Member=C20
Removed Member From Class: ClassName=TC264MCUV02 Member=D14
Removed Member From Class: ClassName=TC264MCUV02 Member=D15
Removed Member From Class: ClassName=TC264MCUV02 Member=D16
Removed Member From Class: ClassName=TC264MCUV02 Member=D17
Removed Member From Class: ClassName=TC264MCUV02 Member=J15
Removed Member From Class: ClassName=TC264MCUV02 Member=R40
Removed Member From Class: ClassName=TC264MCUV02 Member=R41
Removed Member From Class: ClassName=TC264MCUV02 Member=R42
Removed Member From Class: ClassName=TC264MCUV02 Member=RN2
Change Component Designator: OldDesignator=C10 NewDesignator=C9
Change Component Designator: OldDesignator=C11 NewDesignator=C10
Change Component Designator: OldDesignator=C12 NewDesignator=C11
Change Component Designator: OldDesignator=C13 NewDesignator=C12
Change Component Designator: OldDesignator=C14 NewDesignator=C13
Change Component Designator: OldDesignator=C15 NewDesignator=C14
Change Component Designator: OldDesignator=C16 NewDesignator=C15
Change Component Designator: OldDesignator=C17 NewDesignator=C16
Change Component Designator: OldDesignator=C18 NewDesignator=C17
Change Component Designator: OldDesignator=C19 NewDesignator=C18
Change Component Designator: OldDesignator=C20 NewDesignator=C19
Change Component Designator: OldDesignator=D8 NewDesignator=D4
Change Component Designator: OldDesignator=D9 NewDesignator=D5
Change Component Designator: OldDesignator=D10 NewDesignator=D6
Change Component Designator: OldDesignator=D11 NewDesignator=D7
Change Component Designator: OldDesignator=D12 NewDesignator=D8
Change Component Designator: OldDesignator=D13 NewDesignator=D9
Change Component Designator: OldDesignator=D14 NewDesignator=D10
Change Component Designator: OldDesignator=D15 NewDesignator=D11
Change Component Designator: OldDesignator=D16 NewDesignator=D12
Change Component Designator: OldDesignator=D17 NewDesignator=D13
Change Component Designator: OldDesignator=J1 NewDesignator=J6
Change Component Designator: OldDesignator=J2 NewDesignator=J4
Change Component Designator: OldDesignator=J3 NewDesignator=J5
Change Component Designator: OldDesignator=J5 NewDesignator=J2
Change Component Designator: OldDesignator=J6 NewDesignator=J3
Change Component Designator: OldDesignator=J12 NewDesignator=J1
Change Component Designator: OldDesignator=J13 NewDesignator=J12
Change Component Designator: OldDesignator=J14 NewDesignator=J13
Change Component Designator: OldDesignator=J15 NewDesignator=J14
Change Component Designator: OldDesignator=R2 NewDesignator=R4
Change Component Designator: OldDesignator=R3 NewDesignator=R6
Change Component Designator: OldDesignator=R4 NewDesignator=R5
Change Component Designator: OldDesignator=R5 NewDesignator=R2
Change Component Designator: OldDesignator=R6 NewDesignator=R3
Change Component Designator: OldDesignator=R26 NewDesignator=R24
Change Component Designator: OldDesignator=R28 NewDesignator=R25
Change Component Designator: OldDesignator=R29 NewDesignator=R26
Change Component Designator: OldDesignator=R30 NewDesignator=R27
Change Component Designator: OldDesignator=R31 NewDesignator=R28
Change Component Designator: OldDesignator=R32 NewDesignator=R29
Change Component Designator: OldDesignator=R33 NewDesignator=R30
Change Component Designator: OldDesignator=R34 NewDesignator=R31
Change Component Designator: OldDesignator=R35 NewDesignator=R32
Change Component Designator: OldDesignator=R36 NewDesignator=R33
Change Component Designator: OldDesignator=R37 NewDesignator=R34
Change Component Designator: OldDesignator=R38 NewDesignator=R35
Change Component Designator: OldDesignator=R39 NewDesignator=R36
Change Component Designator: OldDesignator=R40 NewDesignator=R37
Change Component Designator: OldDesignator=R41 NewDesignator=R38
Change Component Designator: OldDesignator=R42 NewDesignator=R39
Change Component Designator: OldDesignator=RN2 NewDesignator=RN1
Added Pin To Net: NetName=ADC_OUT1 Pin=U1-5
Added Pin To Net: NetName=ADC_OUT2 Pin=U1-7
Added Pin To Net: NetName=ADC_OUT3 Pin=U1-9
Added Pin To Net: NetName=ADC_OUT5 Pin=U1-10
Added Pin To Net: NetName=ADC_OUT4 Pin=U1-11
Added Pin To Net: NetName=ADC_OUT6 Pin=U1-12
Added Pin To Net: NetName=ICM_SDA/SDI Pin=U1-61
Added Pin To Net: NetName=ICM_CS Pin=U1-67
Added Pin To Net: NetName=ICM_SCL/SPC Pin=U1-68
Added Pin To Net: NetName=ICM_SA0/SDO Pin=U1-69
Added Pin To Net: NetName=BT_RX Pin=U1-83
Added Pin To Net: NetName=BT_TX Pin=U1-84
Change Net Name : Old Net Name=NetC17_1 New Net Name=NetC16_1
Change Net Name : Old Net Name=NetC18_2 New Net Name=NetC17_2
Change Net Name : Old Net Name=NetC19_1 New Net Name=NetC18_1
Change Net Name : Old Net Name=NetC20_2 New Net Name=NetC19_2
Change Net Name : Old Net Name=NetD12_2 New Net Name=NetD8_2
Change Net Name : Old Net Name=NetD13_A New Net Name=NetD9_A
Change Net Name : Old Net Name=NetD17_2 New Net Name=NetD13_2
Change Net Name : Old Net Name=NetJ1_3 New Net Name=NetJ6_3
Change Net Name : Old Net Name=NetJ12_3 New Net Name=NetJ1_3
Change Net Name : Old Net Name=NetJ12_4 New Net Name=NetJ1_4
Change Net Name : Old Net Name=NetR26_2 New Net Name=NetR24_2
Change Net Name : Old Net Name=NetR28_2 New Net Name=NetR25_2
Change Net Name : Old Net Name=NetR29_3 New Net Name=NetR26_3
Change Net Name : Old Net Name=NetR30_1 New Net Name=NetR27_1
Change Net Name : Old Net Name=NetR41_1 New Net Name=NetR38_1
Added Member To Class: ClassName=TC264MCUV02 Member=Component J7 Header
Added Member To Class: ClassName=TC264MCUV02 Member=Component R1 100
