Change Component Designator: Old Designator=C1 New Designator=C10
Change Component Designator: Old Designator=C2 New Designator=C11
Change Component Designator: Old Designator=C3 New Designator=C12
Change Component Designator: Old Designator=C4 New Designator=C13
Change Component Designator: Old Designator=C5 New Designator=C14
Change Component Designator: Old Designator=C6 New Designator=C15
Change Component Designator: Old Designator=C7 New Designator=C16
Change Component Designator: Old Designator=C8 New Designator=C17
Change Component Designator: Old Designator=C9 New Designator=C18
Change Component Designator: Old Designator=C10 New Designator=C19
Change Component Designator: Old Designator=C11 New Designator=C20
Change Component Designator: Old Designator=C12 New Designator=C21
Change Component Designator: Old Designator=C13 New Designator=C22
Change Component Designator: Old Designator=C14 New Designator=C23
Change Component Designator: Old Designator=C15 New Designator=C24
Change Component Designator: Old Designator=C16 New Designator=C25
Change Component Designator: Old Designator=C17 New Designator=C26
Change Component Designator: Old Designator=C? New Designator=C1
Change Component Designator: Old Designator=C? New Designator=C2
Change Component Designator: Old Designator=C? New Designator=C3
Change Component Designator: Old Designator=C? New Designator=C4
Change Component Designator: Old Designator=C? New Designator=C5
Change Component Designator: Old Designator=C? New Designator=C6
Change Component Designator: Old Designator=C? New Designator=C7
Change Component Designator: Old Designator=C? New Designator=C8
Change Component Designator: Old Designator=C? New Designator=C9
Change Component Designator: Old Designator=D1 New Designator=D4
Change Component Designator: Old Designator=D2 New Designator=D5
Change Component Designator: Old Designator=D3 New Designator=D6
Change Component Designator: Old Designator=D4 New Designator=D7
Change Component Designator: Old Designator=D5 New Designator=D8
Change Component Designator: Old Designator=D6 New Designator=D9
Change Component Designator: Old Designator=D7 New Designator=D10
Change Component Designator: Old Designator=D8 New Designator=D11
Change Component Designator: Old Designator=D9 New Designator=D12
Change Component Designator: Old Designator=D10 New Designator=D13
Change Component Designator: Old Designator=D11 New Designator=D14
Change Component Designator: Old Designator=D12 New Designator=D15
Change Component Designator: Old Designator=D13 New Designator=D16
Change Component Designator: Old Designator=D14 New Designator=D17
Change Component Designator: Old Designator=D15 New Designator=D18
Change Component Designator: Old Designator=D? New Designator=D1
Change Component Designator: Old Designator=D? New Designator=D2
Change Component Designator: Old Designator=D? New Designator=D3
Change Component Designator: Old Designator=F1 New Designator=F2
Change Component Designator: Old Designator=F2 New Designator=F3
Change Component Designator: Old Designator=F3 New Designator=F4
Change Component Designator: Old Designator=F? New Designator=F1
Change Component Designator: Old Designator=J1 New Designator=J2
Change Component Designator: Old Designator=J2 New Designator=J3
Change Component Designator: Old Designator=J3 New Designator=J4
Change Component Designator: Old Designator=J4 New Designator=J5
Change Component Designator: Old Designator=J5 New Designator=J6
Change Component Designator: Old Designator=J6 New Designator=J7
Change Component Designator: Old Designator=J7 New Designator=J8
Change Component Designator: Old Designator=J8 New Designator=J9
Change Component Designator: Old Designator=J9 New Designator=J10
Change Component Designator: Old Designator=J10 New Designator=J11
Change Component Designator: Old Designator=J11 New Designator=J12
Change Component Designator: Old Designator=J12 New Designator=J13
Change Component Designator: Old Designator=J? New Designator=J1
Change Component Designator: Old Designator=JP1 New Designator=JP2
Change Component Designator: Old Designator=JP? New Designator=JP1
Change Component Designator: Old Designator=P1 New Designator=P5
Change Component Designator: Old Designator=P? New Designator=P1
Change Component Designator: Old Designator=P? New Designator=P2
Change Component Designator: Old Designator=P? New Designator=P3
Change Component Designator: Old Designator=P? New Designator=P4
Change Component Designator: Old Designator=Q1 New Designator=Q2
Change Component Designator: Old Designator=Q2 New Designator=Q3
Change Component Designator: Old Designator=Q? New Designator=Q1
Change Component Designator: Old Designator=R1 New Designator=R23
Change Component Designator: Old Designator=R2 New Designator=R25
Change Component Designator: Old Designator=R3 New Designator=R26
Change Component Designator: Old Designator=R4 New Designator=R28
Change Component Designator: Old Designator=R5 New Designator=R36
Change Component Designator: Old Designator=R6 New Designator=R37
Change Component Designator: Old Designator=R7 New Designator=R38
Change Component Designator: Old Designator=R8 New Designator=R39
Change Component Designator: Old Designator=R9 New Designator=R40
Change Component Designator: Old Designator=R10 New Designator=R41
Change Component Designator: Old Designator=R11 New Designator=R42
Change Component Designator: Old Designator=R12 New Designator=R43
Change Component Designator: Old Designator=R13 New Designator=R44
Change Component Designator: Old Designator=R14 New Designator=R45
Change Component Designator: Old Designator=R15 New Designator=R46
Change Component Designator: Old Designator=R16 New Designator=R47
Change Component Designator: Old Designator=R17 New Designator=R48
Change Component Designator: Old Designator=R18 New Designator=R49
Change Component Designator: Old Designator=R19 New Designator=R50
Change Component Designator: Old Designator=R20 New Designator=R51
Change Component Designator: Old Designator=R21 New Designator=R52
Change Component Designator: Old Designator=R22 New Designator=R53
Change Component Designator: Old Designator=R23 New Designator=R54
Change Component Designator: Old Designator=R24 New Designator=R55
Change Component Designator: Old Designator=R25 New Designator=R56
Change Component Designator: Old Designator=R26 New Designator=R57
Change Component Designator: Old Designator=R27 New Designator=R58
Change Component Designator: Old Designator=R28 New Designator=R59
Change Component Designator: Old Designator=R29 New Designator=R60
Change Component Designator: Old Designator=R30 New Designator=R61
Change Component Designator: Old Designator=R31 New Designator=R62
Change Component Designator: Old Designator=R32 New Designator=R63
Change Component Designator: Old Designator=R33 New Designator=R64
Change Component Designator: Old Designator=R34 New Designator=R65
Change Component Designator: Old Designator=R35 New Designator=R66
Change Component Designator: Old Designator=R36 New Designator=R67
Change Component Designator: Old Designator=R? New Designator=R1
Change Component Designator: Old Designator=R? New Designator=R2
Change Component Designator: Old Designator=R? New Designator=R3
Change Component Designator: Old Designator=R? New Designator=R4
Change Component Designator: Old Designator=R? New Designator=R5
Change Component Designator: Old Designator=R? New Designator=R6
Change Component Designator: Old Designator=R? New Designator=R7
Change Component Designator: Old Designator=R? New Designator=R8
Change Component Designator: Old Designator=R? New Designator=R9
Change Component Designator: Old Designator=R? New Designator=R10
Change Component Designator: Old Designator=R? New Designator=R11
Change Component Designator: Old Designator=R? New Designator=R12
Change Component Designator: Old Designator=R? New Designator=R13
Change Component Designator: Old Designator=R? New Designator=R14
Change Component Designator: Old Designator=R? New Designator=R15
Change Component Designator: Old Designator=R? New Designator=R16
Change Component Designator: Old Designator=R? New Designator=R17
Change Component Designator: Old Designator=R? New Designator=R18
Change Component Designator: Old Designator=R? New Designator=R19
Change Component Designator: Old Designator=R? New Designator=R20
Change Component Designator: Old Designator=R? New Designator=R21
Change Component Designator: Old Designator=R? New Designator=R22
Change Component Designator: Old Designator=R? New Designator=R24
Change Component Designator: Old Designator=R? New Designator=R27
Change Component Designator: Old Designator=R? New Designator=R29
Change Component Designator: Old Designator=R? New Designator=R30
Change Component Designator: Old Designator=R? New Designator=R31
Change Component Designator: Old Designator=R? New Designator=R32
Change Component Designator: Old Designator=R? New Designator=R33
Change Component Designator: Old Designator=R? New Designator=R34
Change Component Designator: Old Designator=R? New Designator=R35
Change Component Designator: Old Designator=SW1 New Designator=SW2
Change Component Designator: Old Designator=SW2 New Designator=SW3
Change Component Designator: Old Designator=SW? New Designator=SW1
Change Component Designator: Old Designator=U2 New Designator=U10
Change Component Designator: Old Designator=U3 New Designator=U11
Change Component Designator: Old Designator=U4 New Designator=U12
Change Component Designator: Old Designator=U5 New Designator=U13
Change Component Designator: Old Designator=U6 New Designator=U14
Change Component Designator: Old Designator=U7 New Designator=U15
Change Component Designator: Old Designator=U? New Designator=U2
Change Component Designator: Old Designator=U? New Designator=U3
Change Component Designator: Old Designator=U? New Designator=U4
Change Component Designator: Old Designator=U? New Designator=U5
Change Component Designator: Old Designator=U? New Designator=U6
Change Component Designator: Old Designator=U? New Designator=U7
Change Component Designator: Old Designator=U? New Designator=U8
Change Component Designator: Old Designator=U? New Designator=U9
