Change Component Designator: OldDesignator=C1 NewDesignator=C4
Change Component Designator: OldDesignator=C2 NewDesignator=C5
Change Component Designator: OldDesignator=C3 NewDesignator=C6
Change Component Designator: OldDesignator=C4 NewDesignator=C10
Change Component Designator: OldDesignator=C5 NewDesignator=C11
Change Component Designator: OldDesignator=C6 NewDesignator=C12
Change Component Designator: OldDesignator=C7 NewDesignator=C13
Change Component Designator: OldDesignator=C8 NewDesignator=C14
Change Component Designator: OldDesignator=C9 NewDesignator=C15
Change Component Designator: OldDesignator=C10 NewDesignator=C16
Change Component Designator: OldDesignator=C11 NewDesignator=C17
Change Component Designator: OldDesignator=D8 NewDesignator=D10
Change Component Designator: OldDesignator=D9 NewDesignator=D11
Change Component Designator: OldDesignator=D10 NewDesignator=D14
Change Component Designator: OldDesignator=D11 NewDesignator=D15
Change Component Designator: OldDesignator=R7 NewDesignator=R9
Change Component Designator: OldDesignator=R8 NewDesignator=R13
Change Component Designator: OldDesignator=R9 NewDesignator=R14
Change Component Designator: OldDesignator=R10 NewDesignator=R15
Change Component Designator: OldDesignator=R11 NewDesignator=R17
Change Component Designator: OldDesignator=R12 NewDesignator=R32
Change Component Designator: OldDesignator=R13 NewDesignator=R34
Change Component Designator: OldDesignator=R14 NewDesignator=R18
Change Component Designator: OldDesignator=R15 NewDesignator=R19
Change Component Designator: OldDesignator=R16 NewDesignator=R20
Change Component Designator: OldDesignator=R17 NewDesignator=R27
Change Component Designator: OldDesignator=R18 NewDesignator=R28
Change Component Designator: OldDesignator=R19 NewDesignator=R29
Change Component Designator: OldDesignator=R20 NewDesignator=R30
Change Component Designator: OldDesignator=R21 NewDesignator=R31
Change Component Designator: OldDesignator=R22 NewDesignator=R33
Change Component Designator: OldDesignator=R23 NewDesignator=R35
Change Component Designator: OldDesignator=R24 NewDesignator=R36
Change Component Designator: OldDesignator=U2 NewDesignator=U3
Change Component Designator: OldDesignator=U3 NewDesignator=U4
Change Component Designator: OldDesignator=U4 NewDesignator=U6
Change Component Designator: OldDesignator=U5 NewDesignator=U7
Added Component: Designator=C1(CAP_0603)
Added Component: Designator=C2(CAP_0603)
Added Component: Designator=C3(CAP_0603)
Added Component: Designator=C7(CAP_0603)
Added Component: Designator=C8(CAP_0603)
Added Component: Designator=C9(CAP_0603)
Added Component: Designator=D8(LL-34_L3.5-W1.5-RD)
Added Component: Designator=D9(LL-34_L3.5-W1.5-RD)
Added Component: Designator=D12(LL-34_L3.5-W1.5-RD)
Added Component: Designator=D13(LL-34_L3.5-W1.5-RD)
Added Component: Designator=R7(RES_0603)
Added Component: Designator=R8(RES_0603)
Added Component: Designator=R10(RES_POT-3296W)
Added Component: Designator=R11(RES_POT-3296W)
Added Component: Designator=R12(RES_0603)
Added Component: Designator=R16(RES_0603)
Added Component: Designator=R21(RES_0603)
Added Component: Designator=R22(RES_0603)
Added Component: Designator=R23(RES_POT-3296W)
Added Component: Designator=R24(RES_POT-3296W)
Added Component: Designator=R25(RES_0603)
Added Component: Designator=R26(RES_0603)
Added Component: Designator=U2(SOIC-8_150MIL)
Added Component: Designator=U5(SOIC-8_150MIL)
Added Pin To Net: NetName=GND Pin=C1-2
Added Pin To Net: NetName=VCC_5V Pin=C2-1
Added Pin To Net: NetName=GND Pin=C2-2
Added Pin To Net: NetName=GND Pin=C3-2
Added Pin To Net: NetName=GND Pin=C7-2
Added Pin To Net: NetName=VCC_5V Pin=C8-1
Added Pin To Net: NetName=GND Pin=C8-2
Added Pin To Net: NetName=GND Pin=C9-2
Added Pin To Net: NetName=GND Pin=D8-2
Added Pin To Net: NetName=GND Pin=D9-2
Added Pin To Net: NetName=GND Pin=D12-2
Added Pin To Net: NetName=GND Pin=D13-2
Added Pin To Net: NetName=GND Pin=R12-1
Added Pin To Net: NetName=GND Pin=R16-2
Added Pin To Net: NetName=GND Pin=R25-1
Added Pin To Net: NetName=GND Pin=R26-2
Added Pin To Net: NetName=GND Pin=U2-4
Added Pin To Net: NetName=VCC_5V Pin=U2-8
Added Pin To Net: NetName=GND Pin=U5-4
Added Pin To Net: NetName=VCC_5V Pin=U5-8
Change Net Name : Old Net Name=NetC8_1 New Net Name=NetC14_1
Change Net Name : Old Net Name=NetC9_2 New Net Name=NetC15_2
Change Net Name : Old Net Name=NetC10_1 New Net Name=NetC16_1
Change Net Name : Old Net Name=NetC11_2 New Net Name=NetC17_2
Change Net Name : Old Net Name=NetD8_2 New Net Name=NetD10_2
Change Net Name : Old Net Name=NetD9_A New Net Name=NetD11_A
Change Net Name : Old Net Name=NetD10_2 New Net Name=NetD14_2
Change Net Name : Old Net Name=NetD11_2 New Net Name=NetD15_2
Change Net Name : Old Net Name=NetR7_2 New Net Name=NetR9_2
Change Net Name : Old Net Name=NetR9_2 New Net Name=NetR14_2
Change Net Name : Old Net Name=NetR11_2 New Net Name=NetR17_2
Change Net Name : Old Net Name=NetR14_2 New Net Name=NetR18_2
Change Net Name : Old Net Name=NetR23_1 New Net Name=NetR35_1
Added Pin To Net: NetName=ADC_OUT1 Pin=C9-1
Added Pin To Net: NetName=ADC_OUT1 Pin=D13-1
Added Pin To Net: NetName=ADC_OUT1 Pin=R22-1
Added Net: Name=ADC_OUT1
Added Pin To Net: NetName=ADC_OUT2 Pin=C7-1
Added Pin To Net: NetName=ADC_OUT2 Pin=D12-1
Added Pin To Net: NetName=ADC_OUT2 Pin=R21-1
Added Net: Name=ADC_OUT2
Added Pin To Net: NetName=ADC_OUT5 Pin=C3-1
Added Pin To Net: NetName=ADC_OUT5 Pin=D9-1
Added Pin To Net: NetName=ADC_OUT5 Pin=R8-1
Added Net: Name=ADC_OUT5
Added Pin To Net: NetName=ADC_OUT6 Pin=C1-1
Added Pin To Net: NetName=ADC_OUT6 Pin=D8-1
Added Pin To Net: NetName=ADC_OUT6 Pin=R7-1
Added Net: Name=ADC_OUT6
Added Pin To Net: NetName=LC1 Pin=U5-5
Added Net: Name=LC1
Added Pin To Net: NetName=LC2 Pin=U5-3
Added Net: Name=LC2
Added Pin To Net: NetName=LC5 Pin=U2-5
Added Net: Name=LC5
Added Pin To Net: NetName=LC6 Pin=U2-3
Added Net: Name=LC6
Added Pin To Net: NetName=NetR7_2 Pin=R7-2
Added Pin To Net: NetName=NetR7_2 Pin=R10-2
Added Pin To Net: NetName=NetR7_2 Pin=U2-1
Added Net: Name=NetR7_2
Added Pin To Net: NetName=NetR8_2 Pin=R8-2
Added Pin To Net: NetName=NetR8_2 Pin=R11-2
Added Pin To Net: NetName=NetR8_2 Pin=U2-7
Added Net: Name=NetR8_2
Added Pin To Net: NetName=NetR10_3 Pin=R10-3
Added Pin To Net: NetName=NetR10_3 Pin=R16-1
Added Pin To Net: NetName=NetR10_3 Pin=U2-2
Added Net: Name=NetR10_3
Added Pin To Net: NetName=NetR11_1 Pin=R11-1
Added Pin To Net: NetName=NetR11_1 Pin=R12-2
Added Pin To Net: NetName=NetR11_1 Pin=U2-6
Added Net: Name=NetR11_1
Added Pin To Net: NetName=NetR21_2 Pin=R21-2
Added Pin To Net: NetName=NetR21_2 Pin=R23-2
Added Pin To Net: NetName=NetR21_2 Pin=U5-1
Added Net: Name=NetR21_2
Added Pin To Net: NetName=NetR22_2 Pin=R22-2
Added Pin To Net: NetName=NetR22_2 Pin=R24-2
Added Pin To Net: NetName=NetR22_2 Pin=U5-7
Added Net: Name=NetR22_2
Added Pin To Net: NetName=NetR23_3 Pin=R23-3
Added Pin To Net: NetName=NetR23_3 Pin=R26-1
Added Pin To Net: NetName=NetR23_3 Pin=U5-2
Added Net: Name=NetR23_3
Added Pin To Net: NetName=NetR24_1 Pin=R24-1
Added Pin To Net: NetName=NetR24_1 Pin=R25-2
Added Pin To Net: NetName=NetR24_1 Pin=U5-6
Added Net: Name=NetR24_1
Added Member To Class: ClassName=TC264MCUV02 Member=Component C12 106
Added Member To Class: ClassName=TC264MCUV02 Member=Component C13 470uF/35V
Added Member To Class: ClassName=TC264MCUV02 Member=Component C14 220uF/25V
Added Member To Class: ClassName=TC264MCUV02 Member=Component C15 104
Added Member To Class: ClassName=TC264MCUV02 Member=Component C16 470uF/35V
Added Member To Class: ClassName=TC264MCUV02 Member=Component C17 106
Added Member To Class: ClassName=TC264MCUV02 Member=Component D12 ZMM3V3
Added Member To Class: ClassName=TC264MCUV02 Member=Component D13 ZMM3V3
Added Member To Class: ClassName=TC264MCUV02 Member=Component D14 SS54/5A/40V
Added Member To Class: ClassName=TC264MCUV02 Member=Component D15 SS54/5A/40V
Added Member To Class: ClassName=TC264MCUV02 Member=Component FM1 BUZZER
Added Member To Class: ClassName=TC264MCUV02 Member=Component R12 510
Added Member To Class: ClassName=TC264MCUV02 Member=Component R13 1k
Added Member To Class: ClassName=TC264MCUV02 Member=Component R25 510
Added Member To Class: ClassName=TC264MCUV02 Member=Component R26 510
Added Member To Class: ClassName=TC264MCUV02 Member=Component R27 10k
Added Member To Class: ClassName=TC264MCUV02 Member=Component R28 10k
Added Member To Class: ClassName=TC264MCUV02 Member=Component R29 10k
Added Member To Class: ClassName=TC264MCUV02 Member=Component R30 10k
Added Member To Class: ClassName=TC264MCUV02 Member=Component R31 10k
Added Member To Class: ClassName=TC264MCUV02 Member=Component R32 1k
Added Member To Class: ClassName=TC264MCUV02 Member=Component R33 100
Added Member To Class: ClassName=TC264MCUV02 Member=Component R34 10k
Added Member To Class: ClassName=TC264MCUV02 Member=Component R35 240K
Added Member To Class: ClassName=TC264MCUV02 Member=Component R36 1¦¸
Added Member To Class: ClassName=TC264MCUV02 Member=Component U6 LM2596S-5.0/TR_C340931
Added Member To Class: ClassName=TC264MCUV02 Member=Component U7 TPS7333QDR
Added Room: Name=TC264MCUV02
