Change Component Designator: Old Designator=C10 New Designator=C9
Change Component Designator: Old Designator=C11 New Designator=C10
Change Component Designator: Old Designator=C12 New Designator=C11
Change Component Designator: Old Designator=C13 New Designator=C12
Change Component Designator: Old Designator=C14 New Designator=C13
Change Component Designator: Old Designator=C15 New Designator=C14
Change Component Designator: Old Designator=C16 New Designator=C15
Change Component Designator: Old Designator=C17 New Designator=C16
Change Component Designator: Old Designator=C18 New Designator=C17
Change Component Designator: Old Designator=C19 New Designator=C18
Change Component Designator: Old Designator=C20 New Designator=C19
Change Component Designator: Old Designator=D8 New Designator=D4
Change Component Designator: Old Designator=D9 New Designator=D5
Change Component Designator: Old Designator=D10 New Designator=D6
Change Component Designator: Old Designator=D11 New Designator=D7
Change Component Designator: Old Designator=D12 New Designator=D8
Change Component Designator: Old Designator=D13 New Designator=D9
Change Component Designator: Old Designator=D14 New Designator=D10
Change Component Designator: Old Designator=D15 New Designator=D11
Change Component Designator: Old Designator=D16 New Designator=D12
Change Component Designator: Old Designator=D17 New Designator=D13
Change Component Designator: Old Designator=J1 New Designator=J6
Change Component Designator: Old Designator=J2 New Designator=J4
Change Component Designator: Old Designator=J3 New Designator=J5
Change Component Designator: Old Designator=J5 New Designator=J2
Change Component Designator: Old Designator=J6 New Designator=J3
Change Component Designator: Old Designator=J12 New Designator=J1
Change Component Designator: Old Designator=J13 New Designator=J12
Change Component Designator: Old Designator=J14 New Designator=J13
Change Component Designator: Old Designator=J15 New Designator=J14
Change Component Designator: Old Designator=R2 New Designator=R4
Change Component Designator: Old Designator=R3 New Designator=R6
Change Component Designator: Old Designator=R4 New Designator=R5
Change Component Designator: Old Designator=R5 New Designator=R2
Change Component Designator: Old Designator=R6 New Designator=R3
Change Component Designator: Old Designator=R26 New Designator=R24
Change Component Designator: Old Designator=R28 New Designator=R25
Change Component Designator: Old Designator=R29 New Designator=R26
Change Component Designator: Old Designator=R30 New Designator=R27
Change Component Designator: Old Designator=R31 New Designator=R28
Change Component Designator: Old Designator=R32 New Designator=R29
Change Component Designator: Old Designator=R33 New Designator=R30
Change Component Designator: Old Designator=R34 New Designator=R31
Change Component Designator: Old Designator=R35 New Designator=R32
Change Component Designator: Old Designator=R36 New Designator=R33
Change Component Designator: Old Designator=R37 New Designator=R34
Change Component Designator: Old Designator=R38 New Designator=R35
Change Component Designator: Old Designator=R39 New Designator=R36
Change Component Designator: Old Designator=R40 New Designator=R37
Change Component Designator: Old Designator=R41 New Designator=R38
Change Component Designator: Old Designator=R42 New Designator=R39
Change Component Designator: Old Designator=RN2 New Designator=RN1
