Change Component Designator: Old Designator=C4 New Designator=C7
Change Component Designator: Old Designator=C5 New Designator=C8
Change Component Designator: Old Designator=C6 New Designator=C9
Change Component Designator: Old Designator=C10 New Designator=C13
Change Component Designator: Old Designator=C11 New Designator=C14
Change Component Designator: Old Designator=C12 New Designator=C15
Change Component Designator: Old Designator=C13 New Designator=C16
Change Component Designator: Old Designator=C14 New Designator=C17
Change Component Designator: Old Designator=C15 New Designator=C18
Change Component Designator: Old Designator=C16 New Designator=C19
Change Component Designator: Old Designator=C17 New Designator=C20
Change Component Designator: Old Designator=C? New Designator=C1
Change Component Designator: Old Designator=C? New Designator=C2
Change Component Designator: Old Designator=C? New Designator=C3
Change Component Designator: Old Designator=C? New Designator=C4
Change Component Designator: Old Designator=C? New Designator=C5
Change Component Designator: Old Designator=C? New Designator=C6
Change Component Designator: Old Designator=C? New Designator=C10
Change Component Designator: Old Designator=C? New Designator=C11
Change Component Designator: Old Designator=C? New Designator=C12
Change Component Designator: Old Designator=D10 New Designator=D12
Change Component Designator: Old Designator=D11 New Designator=D13
Change Component Designator: Old Designator=D14 New Designator=D16
Change Component Designator: Old Designator=D15 New Designator=D17
Change Component Designator: Old Designator=D? New Designator=D8
Change Component Designator: Old Designator=D? New Designator=D9
Change Component Designator: Old Designator=D? New Designator=D10
Change Component Designator: Old Designator=D? New Designator=D11
Change Component Designator: Old Designator=D? New Designator=D14
Change Component Designator: Old Designator=D? New Designator=D15
Change Component Designator: Old Designator=J5 New Designator=J7
Change Component Designator: Old Designator=J7 New Designator=J8
Change Component Designator: Old Designator=J8 New Designator=J9
Change Component Designator: Old Designator=J9 New Designator=J10
Change Component Designator: Old Designator=J10 New Designator=J11
Change Component Designator: Old Designator=J11 New Designator=J12
Change Component Designator: Old Designator=J12 New Designator=J13
Change Component Designator: Old Designator=J? New Designator=J14
Change Component Designator: Old Designator=J? New Designator=J15
Change Component Designator: Old Designator=J? New Designator=J16
Change Component Designator: Old Designator=R9 New Designator=R11
Change Component Designator: Old Designator=R13 New Designator=R20
Change Component Designator: Old Designator=R14 New Designator=R21
Change Component Designator: Old Designator=R15 New Designator=R22
Change Component Designator: Old Designator=R17 New Designator=R23
Change Component Designator: Old Designator=R18 New Designator=R24
Change Component Designator: Old Designator=R19 New Designator=R25
Change Component Designator: Old Designator=R20 New Designator=R27
Change Component Designator: Old Designator=R27 New Designator=R33
Change Component Designator: Old Designator=R28 New Designator=R34
Change Component Designator: Old Designator=R29 New Designator=R35
Change Component Designator: Old Designator=R30 New Designator=R36
Change Component Designator: Old Designator=R31 New Designator=R37
Change Component Designator: Old Designator=R32 New Designator=R38
Change Component Designator: Old Designator=R33 New Designator=R39
Change Component Designator: Old Designator=R34 New Designator=R40
Change Component Designator: Old Designator=R35 New Designator=R41
Change Component Designator: Old Designator=R36 New Designator=R42
Change Component Designator: Old Designator=R? New Designator=R7
Change Component Designator: Old Designator=R? New Designator=R8
Change Component Designator: Old Designator=R? New Designator=R9
Change Component Designator: Old Designator=R? New Designator=R10
Change Component Designator: Old Designator=R? New Designator=R12
Change Component Designator: Old Designator=R? New Designator=R13
Change Component Designator: Old Designator=R? New Designator=R14
Change Component Designator: Old Designator=R? New Designator=R15
Change Component Designator: Old Designator=R? New Designator=R16
Change Component Designator: Old Designator=R? New Designator=R17
Change Component Designator: Old Designator=R? New Designator=R18
Change Component Designator: Old Designator=R? New Designator=R19
Change Component Designator: Old Designator=R? New Designator=R26
Change Component Designator: Old Designator=R? New Designator=R28
Change Component Designator: Old Designator=R? New Designator=R29
Change Component Designator: Old Designator=R? New Designator=R30
Change Component Designator: Old Designator=R? New Designator=R31
Change Component Designator: Old Designator=R? New Designator=R32
Change Component Designator: Old Designator=U3 New Designator=U4
Change Component Designator: Old Designator=U4 New Designator=U5
Change Component Designator: Old Designator=U6 New Designator=U7
Change Component Designator: Old Designator=U7 New Designator=U8
Change Component Designator: Old Designator=U? New Designator=U2
Change Component Designator: Old Designator=U? New Designator=U3
Change Component Designator: Old Designator=U? New Designator=U6
