Change Component Designator: Old Designator=C7 New Designator=C10
Change Component Designator: Old Designator=C8 New Designator=C11
Change Component Designator: Old Designator=C9 New Designator=C7
Change Component Designator: Old Designator=C10 New Designator=C8
Change Component Designator: Old Designator=C11 New Designator=C9
Change Component Designator: Old Designator=D8 New Designator=D10
Change Component Designator: Old Designator=D9 New Designator=D11
Change Component Designator: Old Designator=D10 New Designator=D8
Change Component Designator: Old Designator=D11 New Designator=D9
Change Component Designator: Old Designator=J12 New Designator=J10
Change Component Designator: Old Designator=J13 New Designator=J11
Change Component Designator: Old Designator=J14 New Designator=J12
Change Component Designator: Old Designator=R11 New Designator=R25
Change Component Designator: Old Designator=R12 New Designator=R11
Change Component Designator: Old Designator=R13 New Designator=R12
Change Component Designator: Old Designator=R14 New Designator=R13
Change Component Designator: Old Designator=R15 New Designator=R14
Change Component Designator: Old Designator=R16 New Designator=R15
Change Component Designator: Old Designator=R17 New Designator=R16
Change Component Designator: Old Designator=R18 New Designator=R17
Change Component Designator: Old Designator=R19 New Designator=R18
Change Component Designator: Old Designator=R20 New Designator=R26
Change Component Designator: Old Designator=R21 New Designator=R27
Change Component Designator: Old Designator=R22 New Designator=R28
Change Component Designator: Old Designator=R23 New Designator=R29
Change Component Designator: Old Designator=R24 New Designator=R19
Change Component Designator: Old Designator=R25 New Designator=R20
Change Component Designator: Old Designator=R26 New Designator=R21
Change Component Designator: Old Designator=R27 New Designator=R22
Change Component Designator: Old Designator=R28 New Designator=R23
Change Component Designator: Old Designator=R29 New Designator=R24
Change Component Designator: Old Designator=U4 New Designator=U5
Change Component Designator: Old Designator=U5 New Designator=U6
Change Component Designator: Old Designator=U6 New Designator=U4
