Removed Member From Class: ClassName=LC Member=C27
Removed Member From Class: ClassName=LC Member=C31
Removed Member From Class: ClassName=LC Member=J15
Removed Member From Class: ClassName=LC Member=L15
Added Component: Designator=C1(CAP3)
Added Component: Designator=C5(CAP_0603)
Added Component: Designator=J1(M_KONG)
Added Component: Designator=J(Header H 2.54X2)
Added Component: Designator=L1(Inductor_8x10)
Added Pin To Net: NetName=NetC1_1 Pin=C1-1
Added Pin To Net: NetName=NetC1_2 Pin=C1-2
Added Pin To Net: NetName=NetC1_1 Pin=C5-1
Added Pin To Net: NetName=NetC1_2 Pin=C5-2
Added Pin To Net: NetName=NetC1_2 Pin=J-1
Added Pin To Net: NetName=NetC1_1 Pin=J-2
Added Pin To Net: NetName=NetC1_1 Pin=L1-1
Added Pin To Net: NetName=NetC1_2 Pin=L1-2
Added Member To Class: ClassName=LC Member=Component C1 6.8nF
Added Member To Class: ClassName=LC Member=Component C5 6.8nF
Added Member To Class: ClassName=LC Member=Component J1 JET
Added Member To Class: ClassName=LC Member=Component J Header
Added Member To Class: ClassName=LC Member=Component L1 10mH
Added Room: Name=LC
