Added Component: Designator=C1(CAP_0603)
Added Component: Designator=C2(CAP_0603)
Added Component: Designator=C3(CAP_0603)
Added Component: Designator=C4(CAP_0603)
Added Component: Designator=C5(CAP_0603)
Added Component: Designator=C6(CAP_0603)
Added Component: Designator=C7(CAP_0603)
Added Component: Designator=C8(CAP_0603)
Added Component: Designator=F1(F1206)
Added Component: Designator=F2(F1206)
Added Component: Designator=R1(RES_0603)
Added Component: Designator=R2(RES_0603)
Added Component: Designator=R3(RES_0603)
Added Component: Designator=R4(RES_0603)
Added Component: Designator=R5(RES_0603)
Added Component: Designator=R6(RES_0603)
Added Component: Designator=R7(RES_0603)
Added Component: Designator=R8(RES_0603)
Added Component: Designator=U1(SOIC-8_150MIL)
Added Component: Designator=U2(SOIC-8_150MIL)
Added Component: Designator=U3(SOIC-8_150MIL)
Added Component: Designator=U4(SOIC-8_150MIL)
Added Pin To Net: NetName=7.2V Pin=F1-2
Added Pin To Net: NetName=7.2V Pin=F2-2
Added Net: Name=7.2V
Added Pin To Net: NetName=GND Pin=C1-1
Added Pin To Net: NetName=GND Pin=C2-1
Added Pin To Net: NetName=GND Pin=C5-1
Added Pin To Net: NetName=GND Pin=C6-1
Added Pin To Net: NetName=GND Pin=R3-1
Added Pin To Net: NetName=GND Pin=R4-1
Added Pin To Net: NetName=GND Pin=R7-1
Added Pin To Net: NetName=GND Pin=R8-1
Added Pin To Net: NetName=GND Pin=U1-1
Added Pin To Net: NetName=GND Pin=U1-2
Added Pin To Net: NetName=GND Pin=U2-1
Added Pin To Net: NetName=GND Pin=U2-2
Added Pin To Net: NetName=GND Pin=U3-1
Added Pin To Net: NetName=GND Pin=U3-2
Added Pin To Net: NetName=GND Pin=U4-1
Added Pin To Net: NetName=GND Pin=U4-2
Added Net: Name=GND
Added Pin To Net: NetName=NetC1_2 Pin=C1-2
Added Pin To Net: NetName=NetC1_2 Pin=C6-2
Added Pin To Net: NetName=NetC1_2 Pin=F1-1
Added Pin To Net: NetName=NetC1_2 Pin=U1-3
Added Pin To Net: NetName=NetC1_2 Pin=U1-4
Added Pin To Net: NetName=NetC1_2 Pin=U4-3
Added Pin To Net: NetName=NetC1_2 Pin=U4-4
Added Net: Name=NetC1_2
Added Pin To Net: NetName=NetC2_2 Pin=C2-2
Added Pin To Net: NetName=NetC2_2 Pin=C5-2
Added Pin To Net: NetName=NetC2_2 Pin=F2-1
Added Pin To Net: NetName=NetC2_2 Pin=U2-3
Added Pin To Net: NetName=NetC2_2 Pin=U2-4
Added Pin To Net: NetName=NetC2_2 Pin=U3-3
Added Pin To Net: NetName=NetC2_2 Pin=U3-4
Added Net: Name=NetC2_2
Added Pin To Net: NetName=NetC3_2 Pin=C3-2
Added Pin To Net: NetName=NetC3_2 Pin=R3-2
Added Net: Name=NetC3_2
Added Pin To Net: NetName=NetC4_2 Pin=C4-2
Added Pin To Net: NetName=NetC4_2 Pin=R4-2
Added Net: Name=NetC4_2
Added Pin To Net: NetName=NetC7_2 Pin=C7-2
Added Pin To Net: NetName=NetC7_2 Pin=R7-2
Added Net: Name=NetC7_2
Added Pin To Net: NetName=NetC8_2 Pin=C8-2
Added Pin To Net: NetName=NetC8_2 Pin=R8-2
Added Net: Name=NetC8_2
Added Pin To Net: NetName=NetR1_1 Pin=R1-1
Added Pin To Net: NetName=NetR1_1 Pin=U1-8
Added Net: Name=NetR1_1
Added Pin To Net: NetName=NetR2_1 Pin=R2-1
Added Pin To Net: NetName=NetR2_1 Pin=U2-8
Added Net: Name=NetR2_1
Added Pin To Net: NetName=NetR5_1 Pin=R5-1
Added Pin To Net: NetName=NetR5_1 Pin=U3-8
Added Net: Name=NetR5_1
Added Pin To Net: NetName=NetR6_1 Pin=R6-1
Added Pin To Net: NetName=NetR6_1 Pin=U4-8
Added Net: Name=NetR6_1
Added Pin To Net: NetName=VCC3.3_A Pin=C4-1
Added Pin To Net: NetName=VCC3.3_A Pin=R2-2
Added Pin To Net: NetName=VCC3.3_A Pin=U2-5
Added Pin To Net: NetName=VCC3.3_A Pin=U2-6
Added Pin To Net: NetName=VCC3.3_A Pin=U2-7
Added Net: Name=VCC3.3_A
Added Pin To Net: NetName=VCC3.3_B Pin=C7-1
Added Pin To Net: NetName=VCC3.3_B Pin=R5-2
Added Pin To Net: NetName=VCC3.3_B Pin=U3-5
Added Pin To Net: NetName=VCC3.3_B Pin=U3-6
Added Pin To Net: NetName=VCC3.3_B Pin=U3-7
Added Net: Name=VCC3.3_B
Added Pin To Net: NetName=VCC5_A Pin=C3-1
Added Pin To Net: NetName=VCC5_A Pin=R1-2
Added Pin To Net: NetName=VCC5_A Pin=U1-5
Added Pin To Net: NetName=VCC5_A Pin=U1-6
Added Pin To Net: NetName=VCC5_A Pin=U1-7
Added Net: Name=VCC5_A
Added Pin To Net: NetName=VCC5_B Pin=C8-1
Added Pin To Net: NetName=VCC5_B Pin=R6-2
Added Pin To Net: NetName=VCC5_B Pin=U4-5
Added Pin To Net: NetName=VCC5_B Pin=U4-6
Added Pin To Net: NetName=VCC5_B Pin=U4-7
Added Net: Name=VCC5_B
Added Class: Name=MK66MCU
Added Room: Name=MK66MCU
