Removed Pin From Net: NetName=ADC_OUT4 Pin=U5-55
Removed Pin From Net: NetName=ADC_OUT5 Pin=U5-56
Removed Pin From Net: NetName=ADC_OUT1 Pin=U5-67
Removed Pin From Net: NetName=ADC_OUT2 Pin=U5-73
Added Pin To Net: NetName=ADC_OUT1 Pin=U5-55
Added Pin To Net: NetName=ADC_OUT2 Pin=U5-56
Added Pin To Net: NetName=ADC_OUT6 Pin=U5-57
Added Pin To Net: NetName=ADC_OUT5 Pin=U5-67
Added Pin To Net: NetName=ADC_OUT4 Pin=U5-73
Added Member To Class: ClassName=MK66MCU Member=Component C1 22uf
Added Member To Class: ClassName=MK66MCU Member=Component C2 22uf
Added Member To Class: ClassName=MK66MCU Member=Component C4 104
Added Member To Class: ClassName=MK66MCU Member=Component C6 22uf
Added Member To Class: ClassName=MK66MCU Member=Component C7 22uf
Added Member To Class: ClassName=MK66MCU Member=Component C8 104
Added Member To Class: ClassName=MK66MCU Member=Component C9 22uf
Added Member To Class: ClassName=MK66MCU Member=Component D3 ZMM3V3
Added Member To Class: ClassName=MK66MCU Member=Component D4 ZMM3V3
Added Member To Class: ClassName=MK66MCU Member=Component D7 ZMM3V3
Added Member To Class: ClassName=MK66MCU Member=Component R4 100
Added Member To Class: ClassName=MK66MCU Member=Component R6 100
Added Member To Class: ClassName=MK66MCU Member=Component R7 100k
Added Member To Class: ClassName=MK66MCU Member=Component R8 100k
Added Member To Class: ClassName=MK66MCU Member=Component R10 100k
Added Member To Class: ClassName=MK66MCU Member=Component R12 510
Added Member To Class: ClassName=MK66MCU Member=Component R14 510
Added Member To Class: ClassName=MK66MCU Member=Component R15 510
Added Member To Class: ClassName=MK66MCU Member=Component R18 100
Added Member To Class: ClassName=MK66MCU Member=Component R19 100
Added Member To Class: ClassName=MK66MCU Member=Component R20 100k
Added Member To Class: ClassName=MK66MCU Member=Component R21 100k
Added Member To Class: ClassName=MK66MCU Member=Component R22 510
Added Member To Class: ClassName=MK66MCU Member=Component R23 510
Added Member To Class: ClassName=MK66MCU Member=Component R27 10k
Added Member To Class: ClassName=MK66MCU Member=Component U2 LMV358IDR
Added Member To Class: ClassName=MK66MCU Member=Component U3 LMV358IDR
