Removed Pin From Net: NetName=ADC_MOTOR1 Pin=D1-1
Removed Pin From Net: NetName=GND Pin=D1-2
Removed Pin From Net: NetName=ADC_MOTOR2 Pin=D2-1
Removed Pin From Net: NetName=GND Pin=D2-2
Removed Pin From Net: NetName=ADC_MOTOR1_IN Pin=JP1-1
Removed Pin From Net: NetName=ADC_MOTOR2_IN Pin=JP1-2
Removed Pin From Net: NetName=PWM_MOTOR1+ Pin=JP1-4
Removed Pin From Net: NetName=PWM_MOTOR1- Pin=JP1-5
Removed Pin From Net: NetName=PWM_MOTOR2+ Pin=JP1-6
Removed Pin From Net: NetName=PWM_MOTOR2- Pin=JP1-7
Removed Pin From Net: NetName=GND Pin=JP1-8
Removed Pin From Net: NetName=ADC_MOTOR1 Pin=R1-1
Removed Pin From Net: NetName=ADC_MOTOR1_IN Pin=R1-2
Removed Pin From Net: NetName=ADC_MOTOR2 Pin=R2-1
Removed Pin From Net: NetName=ADC_MOTOR2_IN Pin=R2-2
Removed Member From Class: ClassName=MK66MCU Member=D1
Removed Member From Class: ClassName=MK66MCU Member=D2
Removed Member From Class: ClassName=MK66MCU Member=R1
Removed Member From Class: ClassName=MK66MCU Member=R2
Added Component: Designator=D?(LL-34_L3.5-W1.5-RD)
Added Component: Designator=D?(LL-34_L3.5-W1.5-RD)
Added Component: Designator=R?(RES_0603)
Added Component: Designator=R?(RES_0603)
Added Pin To Net: NetName=ADC_MOTOR1 Pin=D?-1
Added Pin To Net: NetName=ADC_MOTOR2 Pin=D?-1
Added Pin To Net: NetName=GND Pin=D?-2
Added Pin To Net: NetName=GND Pin=D?-2
Added Pin To Net: NetName=GND Pin=JP1-1
Added Pin To Net: NetName=PWM_MOTOR2- Pin=JP1-2
Added Pin To Net: NetName=PWM_MOTOR2+ Pin=JP1-3
Added Pin To Net: NetName=PWM_MOTOR1- Pin=JP1-4
Added Pin To Net: NetName=PWM_MOTOR1+ Pin=JP1-5
Added Pin To Net: NetName=ADC_MOTOR2_IN Pin=JP1-7
Added Pin To Net: NetName=ADC_MOTOR1_IN Pin=JP1-8
Added Pin To Net: NetName=ADC_MOTOR1 Pin=R?-1
Added Pin To Net: NetName=ADC_MOTOR2 Pin=R?-1
Added Pin To Net: NetName=ADC_MOTOR1_IN Pin=R?-2
Added Pin To Net: NetName=ADC_MOTOR2_IN Pin=R?-2
Added Member To Class: ClassName=MK66MCU Member=Component D? ZMM3V3
Added Member To Class: ClassName=MK66MCU Member=Component D? ZMM3V3
Added Member To Class: ClassName=MK66MCU Member=Component R? 2k
Added Member To Class: ClassName=MK66MCU Member=Component R? 2k
