Removed Pin From Net: NetName=LC1 Pin=J8-1
Removed Pin From Net: NetName=GND Pin=J8-2
Removed Pin From Net: NetName=LC6 Pin=J9-1
Removed Pin From Net: NetName=GND Pin=J9-2
Removed Pin From Net: NetName=LC2 Pin=J10-1
Removed Pin From Net: NetName=GND Pin=J10-2
Removed Pin From Net: NetName=LC5 Pin=J11-1
Removed Pin From Net: NetName=GND Pin=J11-2
Removed Pin From Net: NetName=LC4 Pin=J12-1
Removed Pin From Net: NetName=GND Pin=J12-2
Removed Pin From Net: NetName=LC3 Pin=J13-1
Removed Pin From Net: NetName=GND Pin=J13-2
Removed Member From Class: ClassName=MK66MCU Member=J9
Removed Member From Class: ClassName=MK66MCU Member=J10
Removed Member From Class: ClassName=MK66MCU Member=J11
Removed Member From Class: ClassName=MK66MCU Member=J12
Removed Member From Class: ClassName=MK66MCU Member=J13
Added Component: Designator=J8(Header 2.54X7)
Added Pin To Net: NetName=LC1 Pin=J8-1
Added Pin To Net: NetName=LC2 Pin=J8-2
Added Pin To Net: NetName=LC3 Pin=J8-3
Added Pin To Net: NetName=LC4 Pin=J8-4
Added Pin To Net: NetName=LC5 Pin=J8-5
Added Pin To Net: NetName=LC6 Pin=J8-6
Added Pin To Net: NetName=GND Pin=J8-7
