Removed Pin From Net: NetName=VCC_5V Pin=C1-1
Removed Pin From Net: NetName=GND Pin=C1-2
Removed Pin From Net: NetName=VCC_5V Pin=C2-1
Removed Pin From Net: NetName=ADC_OUT1 Pin=C3-1
Removed Pin From Net: NetName=GND Pin=C3-2
Removed Pin From Net: NetName=NetC4_1 Pin=C4-1
Removed Pin From Net: NetName=VCC_5V Pin=C7-1
Removed Pin From Net: NetName=GND Pin=C7-2
Removed Pin From Net: NetName=VCC_5V Pin=C8-1
Removed Pin From Net: NetName=GND Pin=C8-2
Removed Pin From Net: NetName=ADC_OUT2 Pin=C9-1
Removed Pin From Net: NetName=GND Pin=C9-2
Removed Pin From Net: NetName=ADC_OUT4 Pin=C11-1
Removed Pin From Net: NetName=GND Pin=C11-2
Removed Pin From Net: NetName=VCC_5V Pin=C13-1
Removed Pin From Net: NetName=GND Pin=C13-2
Removed Pin From Net: NetName=ADC_OUT5 Pin=C14-1
Removed Pin From Net: NetName=GND Pin=C14-2
Removed Pin From Net: NetName=ADC_OUT1 Pin=D3-1
Removed Pin From Net: NetName=GND Pin=D3-2
Removed Pin From Net: NetName=ADC_OUT2 Pin=D5-1
Removed Pin From Net: NetName=GND Pin=D5-2
Removed Pin From Net: NetName=ADC_OUT4 Pin=D6-1
Removed Pin From Net: NetName=GND Pin=D6-2
Removed Pin From Net: NetName=ADC_OUT5 Pin=D7-1
Removed Pin From Net: NetName=GND Pin=D7-2
Removed Pin From Net: NetName=7.2V Pin=D11-2
Removed Pin From Net: NetName=GND Pin=R3-2
Removed Pin From Net: NetName=GND Pin=R4-2
Removed Pin From Net: NetName=GND Pin=R5-2
Removed Pin From Net: NetName=ADC_OUT1 Pin=R6-1
Removed Pin From Net: NetName=NetR6_2 Pin=R6-2
Removed Pin From Net: NetName=GND Pin=R7-2
Removed Pin From Net: NetName=NetC4_1 Pin=R9-2
Removed Pin From Net: NetName=NetR6_2 Pin=R11-2
Removed Pin From Net: NetName=GND Pin=R12-1
Removed Pin From Net: NetName=GND Pin=R17-2
Removed Pin From Net: NetName=GND Pin=R18-2
Removed Pin From Net: NetName=GND Pin=R19-2
Removed Pin From Net: NetName=ADC_OUT2 Pin=R20-1
Removed Pin From Net: NetName=NetR21_1 Pin=R21-1
Removed Pin From Net: NetName=GND Pin=R21-2
Removed Pin From Net: NetName=ADC_OUT4 Pin=R22-1
Removed Pin From Net: NetName=NetR21_1 Pin=R25-1
Removed Pin From Net: NetName=GND Pin=R27-1
Removed Pin From Net: NetName=GND Pin=R29-1
Removed Pin From Net: NetName=GND Pin=R30-2
Removed Pin From Net: NetName=GND Pin=R31-2
Removed Pin From Net: NetName=ADC_OUT5 Pin=R32-1
Removed Pin From Net: NetName=GND Pin=R35-1
Removed Pin From Net: NetName=NetC4_1 Pin=U1-1
Removed Pin From Net: NetName=LC1 Pin=U1-3
Removed Pin From Net: NetName=GND Pin=U1-4
Removed Pin From Net: NetName=NetR6_2 Pin=U1-7
Removed Pin From Net: NetName=VCC_5V Pin=U1-8
Removed Pin From Net: NetName=LC3 Pin=U2-3
Removed Pin From Net: NetName=VCC_5V Pin=U2-8
Removed Pin From Net: NetName=LC2 Pin=U3-3
Removed Pin From Net: NetName=GND Pin=U3-4
Removed Pin From Net: NetName=VCC_5V Pin=U3-8
Removed Pin From Net: NetName=NetR21_1 Pin=U4-2
Removed Pin From Net: NetName=LC4 Pin=U4-3
Removed Pin From Net: NetName=GND Pin=U4-4
Removed Pin From Net: NetName=VCC_5V Pin=U4-8
Removed Pin From Net: NetName=LC5 Pin=U5-3
Removed Pin From Net: NetName=GND Pin=U5-4
Removed Pin From Net: NetName=VCC_5V Pin=U5-8
Removed Member From Class: ClassName=MK66MCU Member=C18
Removed Member From Class: ClassName=MK66MCU Member=C19
Removed Member From Class: ClassName=MK66MCU Member=C20
Removed Member From Class: ClassName=MK66MCU Member=C21
Removed Member From Class: ClassName=MK66MCU Member=C22
Removed Member From Class: ClassName=MK66MCU Member=C23
Removed Member From Class: ClassName=MK66MCU Member=R39
Removed Member From Class: ClassName=MK66MCU Member=R40
Removed Member From Class: ClassName=MK66MCU Member=R41
Removed Member From Class: ClassName=MK66MCU Member=R42
Removed Member From Class: ClassName=MK66MCU Member=R43
Removed Member From Class: ClassName=MK66MCU Member=R44
Removed Member From Class: ClassName=MK66MCU Member=R45
Removed Member From Class: ClassName=MK66MCU Member=R46
Removed Member From Class: ClassName=MK66MCU Member=R47
Removed Member From Class: ClassName=MK66MCU Member=R48
Removed Member From Class: ClassName=MK66MCU Member=R49
Removed Member From Class: ClassName=MK66MCU Member=R50
Removed Member From Class: ClassName=MK66MCU Member=U8
Removed Member From Class: ClassName=MK66MCU Member=U9
Change Component Comment : Designator=R13 Old Comment=10k New Comment=100k
Change Component Designator: OldDesignator=C2 NewDesignator=C3
Change Component Designator: OldDesignator=C16 NewDesignator=C10
Change Component Designator: OldDesignator=C17 NewDesignator=C11
Change Component Designator: OldDesignator=C18 NewDesignator=C12
Change Component Designator: OldDesignator=C19 NewDesignator=C13
Change Component Designator: OldDesignator=C20 NewDesignator=C14
Change Component Designator: OldDesignator=C21 NewDesignator=C15
Change Component Designator: OldDesignator=C22 NewDesignator=C16
Change Component Designator: OldDesignator=C23 NewDesignator=C17
Change Component Designator: OldDesignator=D4 NewDesignator=D5
Change Component Designator: OldDesignator=D8 NewDesignator=D9
Change Component Designator: OldDesignator=D9 NewDesignator=D10
Change Component Designator: OldDesignator=D10 NewDesignator=D11
Change Component Designator: OldDesignator=J9 NewDesignator=J10
Change Component Designator: OldDesignator=J10 NewDesignator=J11
Change Component Designator: OldDesignator=J11 NewDesignator=J12
Change Component Designator: OldDesignator=J12 NewDesignator=J13
Change Component Designator: OldDesignator=R8 NewDesignator=R5
Change Component Designator: OldDesignator=R13 NewDesignator=R9
Change Component Designator: OldDesignator=R14 NewDesignator=R11
Change Component Designator: OldDesignator=R15 NewDesignator=R13
Change Component Designator: OldDesignator=R24 NewDesignator=R17
Change Component Designator: OldDesignator=R36 NewDesignator=R24
Change Component Designator: OldDesignator=R37 NewDesignator=R25
Change Component Designator: OldDesignator=R38 NewDesignator=R26
Change Component Designator: OldDesignator=R39 NewDesignator=R27
Change Component Designator: OldDesignator=R40 NewDesignator=R28
Change Component Designator: OldDesignator=R41 NewDesignator=R29
Change Component Designator: OldDesignator=R42 NewDesignator=R30
Change Component Designator: OldDesignator=R43 NewDesignator=R31
Change Component Designator: OldDesignator=R44 NewDesignator=R32
Change Component Designator: OldDesignator=R45 NewDesignator=R33
Change Component Designator: OldDesignator=R46 NewDesignator=R34
Change Component Designator: OldDesignator=R47 NewDesignator=R35
Change Component Designator: OldDesignator=R48 NewDesignator=R36
Change Component Designator: OldDesignator=R49 NewDesignator=R37
Change Component Designator: OldDesignator=R50 NewDesignator=R38
Change Component Designator: OldDesignator=U2 NewDesignator=U1
Change Component Designator: OldDesignator=U6 NewDesignator=U4
Change Component Designator: OldDesignator=U7 NewDesignator=U5
Change Component Designator: OldDesignator=U8 NewDesignator=U6
Change Component Designator: OldDesignator=U9 NewDesignator=U7
Added Component: Designator=C1(CAP_0603)
Added Component: Designator=C2(CAP_0603)
Added Component: Designator=C4(CAP_0603)
Added Component: Designator=C6(CAP_0603)
Added Component: Designator=C7(CAP_0603)
Added Component: Designator=C8(CAP_0603)
Added Component: Designator=C9(CAP_0603)
Added Component: Designator=D3(LL-34_L3.5-W1.5-RD)
Added Component: Designator=D4(LL-34_L3.5-W1.5-RD)
Added Component: Designator=D6(LL-34_L3.5-W1.5-RD)
Added Component: Designator=D7(LL-34_L3.5-W1.5-RD)
Added Component: Designator=D8(LL-34_L3.5-W1.5-RD)
Added Component: Designator=D12(DO214_SMA)
Added Component: Designator=J9(HX2.54-2)
Added Component: Designator=R3(RES_0603)
Added Component: Designator=R4(RES_0603)
Added Component: Designator=R6(RES_0603)
Added Component: Designator=R7(RES_POT-3296W)
Added Component: Designator=R8(RES_POT-3296W)
Added Component: Designator=R10(RES_POT-3296W)
Added Component: Designator=R12(RES_0603)
Added Component: Designator=R14(RES_0603)
Added Component: Designator=R15(RES_0603)
Added Component: Designator=R18(RES_0603)
Added Component: Designator=R19(RES_0603)
Added Component: Designator=R20(RES_POT-3296W)
Added Component: Designator=R21(RES_POT-3296W)
Added Component: Designator=R22(RES_0603)
Added Component: Designator=R23(RES_0603)
Added Component: Designator=U2(SOIC-8_150MIL)
Added Component: Designator=U3(SOIC-8_150MIL)
Added Pin To Net: NetName=ADC_OUT4 Pin=C1-1
Added Pin To Net: NetName=GND Pin=C1-2
Added Pin To Net: NetName=ADC_OUT5 Pin=C2-1
Added Pin To Net: NetName=GND Pin=C2-2
Added Pin To Net: NetName=NetC4_1 Pin=C4-1
Added Pin To Net: NetName=GND Pin=C4-2
Added Pin To Net: NetName=GND Pin=C6-2
Added Pin To Net: NetName=ADC_OUT2 Pin=C7-1
Added Pin To Net: NetName=GND Pin=C7-2
Added Pin To Net: NetName=GND Pin=C8-2
Added Pin To Net: NetName=ADC_OUT1 Pin=C9-1
Added Pin To Net: NetName=GND Pin=C9-2
Added Pin To Net: NetName=ADC_OUT4 Pin=D3-1
Added Pin To Net: NetName=GND Pin=D3-2
Added Pin To Net: NetName=ADC_OUT5 Pin=D4-1
Added Pin To Net: NetName=GND Pin=D4-2
Added Pin To Net: NetName=GND Pin=D6-2
Added Pin To Net: NetName=ADC_OUT2 Pin=D7-1
Added Pin To Net: NetName=GND Pin=D7-2
Added Pin To Net: NetName=ADC_OUT1 Pin=D8-1
Added Pin To Net: NetName=GND Pin=D8-2
Added Pin To Net: NetName=7.2V Pin=D12-1
Added Pin To Net: NetName=GND Pin=J9-2
Added Pin To Net: NetName=ADC_OUT4 Pin=R3-1
Added Pin To Net: NetName=ADC_OUT5 Pin=R4-1
Added Pin To Net: NetName=NetR6_2 Pin=R6-2
Added Pin To Net: NetName=NetR6_2 Pin=R10-2
Added Pin To Net: NetName=GND Pin=R12-1
Added Pin To Net: NetName=GND Pin=R14-2
Added Pin To Net: NetName=GND Pin=R15-2
Added Pin To Net: NetName=ADC_OUT2 Pin=R18-1
Added Pin To Net: NetName=ADC_OUT1 Pin=R19-1
Added Pin To Net: NetName=NetR21_1 Pin=R21-1
Added Pin To Net: NetName=GND Pin=R22-1
Added Pin To Net: NetName=NetR21_1 Pin=R22-2
Added Pin To Net: NetName=GND Pin=R23-2
Added Pin To Net: NetName=LC4 Pin=U1-3
Added Pin To Net: NetName=LC3 Pin=U1-5
Added Pin To Net: NetName=LC5 Pin=U2-3
Added Pin To Net: NetName=GND Pin=U2-4
Added Pin To Net: NetName=NetR6_2 Pin=U2-7
Added Pin To Net: NetName=NetC4_1 Pin=U2-8
Added Pin To Net: NetName=LC2 Pin=U3-3
Added Pin To Net: NetName=GND Pin=U3-4
Added Pin To Net: NetName=LC1 Pin=U3-5
Added Pin To Net: NetName=NetR21_1 Pin=U3-6
Change Net Name : Old Net Name=NetC21_1 New Net Name=NetC15_1
Change Net Name : Old Net Name=NetC22_2 New Net Name=NetC16_2
Change Net Name : Old Net Name=NetC23_1 New Net Name=NetC17_1
Change Net Name : Old Net Name=NetC23_2 New Net Name=NetC17_2
Change Net Name : Old Net Name=NetD8_1 New Net Name=NetD9_1
Change Net Name : Old Net Name=NetD8_2 New Net Name=NetD9_2
Change Net Name : Old Net Name=NetD9_A New Net Name=NetD10_A
Change Net Name : Old Net Name=NetD10_2 New Net Name=NetD11_2
Change Net Name : Old Net Name=NetR8_2 New Net Name=NetR5_2
Change Net Name : Old Net Name=NetR13_1 New Net Name=NetR9_1
Change Net Name : Old Net Name=NetR42_2 New Net Name=NetR30_2
Change Net Name : Old Net Name=NetR49_1 New Net Name=NetR37_1
Added Pin To Net: NetName=ADC_OUT6 Pin=C6-1
Added Pin To Net: NetName=ADC_OUT6 Pin=D6-1
Added Pin To Net: NetName=ADC_OUT6 Pin=R6-1
Added Net: Name=ADC_OUT6
Added Pin To Net: NetName=LC6 Pin=J9-1
Added Pin To Net: NetName=LC6 Pin=U2-5
Added Net: Name=LC6
Added Pin To Net: NetName=NetC3_1 Pin=C3-1
Added Pin To Net: NetName=NetC3_1 Pin=U1-8
Added Net: Name=NetC3_1
Added Pin To Net: NetName=NetC8_1 Pin=C8-1
Added Pin To Net: NetName=NetC8_1 Pin=U3-8
Added Net: Name=NetC8_1
Added Pin To Net: NetName=NetD12_2 Pin=D12-2
Added Pin To Net: NetName=NetD12_2 Pin=F3-2
Added Net: Name=NetD12_2
Added Pin To Net: NetName=NetR3_2 Pin=R3-2
Added Pin To Net: NetName=NetR3_2 Pin=R7-2
Added Pin To Net: NetName=NetR3_2 Pin=U1-1
Added Net: Name=NetR3_2
Added Pin To Net: NetName=NetR4_2 Pin=R4-2
Added Pin To Net: NetName=NetR4_2 Pin=R8-2
Added Pin To Net: NetName=NetR4_2 Pin=U2-1
Added Net: Name=NetR4_2
Added Pin To Net: NetName=NetR7_3 Pin=R7-3
Added Pin To Net: NetName=NetR7_3 Pin=R14-1
Added Pin To Net: NetName=NetR7_3 Pin=U1-2
Added Net: Name=NetR7_3
Added Pin To Net: NetName=NetR8_3 Pin=R8-3
Added Pin To Net: NetName=NetR8_3 Pin=R15-1
Added Pin To Net: NetName=NetR8_3 Pin=U2-2
Added Net: Name=NetR8_3
Added Pin To Net: NetName=NetR10_1 Pin=R10-1
Added Pin To Net: NetName=NetR10_1 Pin=R12-2
Added Pin To Net: NetName=NetR10_1 Pin=U2-6
Added Net: Name=NetR10_1
Added Pin To Net: NetName=NetR18_2 Pin=R18-2
Added Pin To Net: NetName=NetR18_2 Pin=R20-2
Added Pin To Net: NetName=NetR18_2 Pin=U3-1
Added Net: Name=NetR18_2
Added Pin To Net: NetName=NetR19_2 Pin=R19-2
Added Pin To Net: NetName=NetR19_2 Pin=R21-2
Added Pin To Net: NetName=NetR19_2 Pin=U3-7
Added Net: Name=NetR19_2
Added Pin To Net: NetName=NetR20_3 Pin=R20-3
Added Pin To Net: NetName=NetR20_3 Pin=R23-1
Added Pin To Net: NetName=NetR20_3 Pin=U3-2
Added Net: Name=NetR20_3
Added Member To Class: ClassName=MK66MCU Member=Component D12 SS54/5A/40V
Added Member To Class: ClassName=MK66MCU Member=Component J13 Header
