Change Component Designator: Old Designator=C16 New Designator=C20
Change Component Designator: Old Designator=C17 New Designator=C16
Change Component Designator: Old Designator=C18 New Designator=C17
Change Component Designator: Old Designator=C19 New Designator=C18
Change Component Designator: Old Designator=C20 New Designator=C19
Change Component Designator: Old Designator=D4 New Designator=D3
Change Component Designator: Old Designator=D5 New Designator=D4
Change Component Designator: Old Designator=D10 New Designator=D5
Change Component Designator: Old Designator=D11 New Designator=D6
Change Component Designator: Old Designator=D12 New Designator=D7
Change Component Designator: Old Designator=D13 New Designator=D8
Change Component Designator: Old Designator=D14 New Designator=D9
Change Component Designator: Old Designator=D15 New Designator=D11
Change Component Designator: Old Designator=D16 New Designator=D10
Change Component Designator: Old Designator=J2 New Designator=J1
Change Component Designator: Old Designator=J4 New Designator=J3
Change Component Designator: Old Designator=J6 New Designator=J7
Change Component Designator: Old Designator=J7 New Designator=J2
Change Component Designator: Old Designator=J9 New Designator=J4
Change Component Designator: Old Designator=J10 New Designator=J9
Change Component Designator: Old Designator=J11 New Designator=J10
Change Component Designator: Old Designator=J12 New Designator=J11
Change Component Designator: Old Designator=J13 New Designator=J12
Change Component Designator: Old Designator=J New Designator=J6
Change Component Designator: Old Designator=JP New Designator=JP2
Change Component Designator: Old Designator=R4 New Designator=R2
Change Component Designator: Old Designator=R5 New Designator=R4
Change Component Designator: Old Designator=R6 New Designator=R5
Change Component Designator: Old Designator=R7 New Designator=R6
Change Component Designator: Old Designator=R8 New Designator=R7
Change Component Designator: Old Designator=R9 New Designator=R8
Change Component Designator: Old Designator=R10 New Designator=R45
Change Component Designator: Old Designator=R11 New Designator=R9
Change Component Designator: Old Designator=R12 New Designator=R10
Change Component Designator: Old Designator=R13 New Designator=R46
Change Component Designator: Old Designator=R14 New Designator=R11
Change Component Designator: Old Designator=R15 New Designator=R12
Change Component Designator: Old Designator=R16 New Designator=R13
Change Component Designator: Old Designator=R17 New Designator=R47
Change Component Designator: Old Designator=R18 New Designator=R14
Change Component Designator: Old Designator=R19 New Designator=R17
Change Component Designator: Old Designator=R20 New Designator=R18
Change Component Designator: Old Designator=R21 New Designator=R19
Change Component Designator: Old Designator=R22 New Designator=R20
Change Component Designator: Old Designator=R22 New Designator=R24
Change Component Designator: Old Designator=R23 New Designator=R21
Change Component Designator: Old Designator=R24 New Designator=R22
Change Component Designator: Old Designator=R25 New Designator=R23
Change Component Designator: Old Designator=R26 New Designator=R36
Change Component Designator: Old Designator=R27 New Designator=R25
Change Component Designator: Old Designator=R28 New Designator=R37
Change Component Designator: Old Designator=R29 New Designator=R38
Change Component Designator: Old Designator=R30 New Designator=R39
Change Component Designator: Old Designator=R31 New Designator=R40
Change Component Designator: Old Designator=R32 New Designator=R26
Change Component Designator: Old Designator=R33 New Designator=R27
Change Component Designator: Old Designator=R34 New Designator=R28
Change Component Designator: Old Designator=R35 New Designator=R29
Change Component Designator: Old Designator=R36 New Designator=R15
Change Component Designator: Old Designator=R37 New Designator=R16
Change Component Designator: Old Designator=R38 New Designator=R30
Change Component Designator: Old Designator=R39 New Designator=R31
Change Component Designator: Old Designator=R40 New Designator=R32
Change Component Designator: Old Designator=R41 New Designator=R33
Change Component Designator: Old Designator=R42 New Designator=R34
Change Component Designator: Old Designator=R43 New Designator=R35
Change Component Designator: Old Designator=R44 New Designator=R41
Change Component Designator: Old Designator=R45 New Designator=R42
Change Component Designator: Old Designator=R46 New Designator=R43
Change Component Designator: Old Designator=R47 New Designator=R44
Change Component Designator: Old Designator=RN2 New Designator=RN1
Change Component Designator: Old Designator=SW1 New Designator=SW2
Change Component Designator: Old Designator=SW2 New Designator=SW1
Change Component Designator: Old Designator=U6 New Designator=U7
Change Component Designator: Old Designator=U6 New Designator=U7
Change Component Designator: Old Designator=U6 New Designator=U7
Change Component Designator: Old Designator=U6 New Designator=U7
Change Component Designator: Old Designator=U7 New Designator=U6
