Removed Pin From Net: NetName=VCC_3.3V Pin=Q?-1
Removed Pin From Net: NetName=VCC_3.3V Pin=R?-1
Change Component Designator: OldDesignator=C? NewDesignator=C16
Change Component Designator: OldDesignator=C? NewDesignator=C17
Change Component Designator: OldDesignator=C? NewDesignator=C18
Change Component Designator: OldDesignator=C? NewDesignator=C19
Change Component Designator: OldDesignator=C? NewDesignator=C20
Change Component Designator: OldDesignator=C? NewDesignator=C21
Change Component Designator: OldDesignator=C? NewDesignator=C22
Change Component Designator: OldDesignator=C? NewDesignator=C23
Change Component Designator: OldDesignator=C? NewDesignator=C24
Change Component Designator: OldDesignator=D? NewDesignator=D1
Change Component Designator: OldDesignator=D? NewDesignator=D2
Change Component Designator: OldDesignator=D? NewDesignator=D3
Change Component Designator: OldDesignator=D? NewDesignator=D6
Change Component Designator: OldDesignator=D? NewDesignator=D7
Change Component Designator: OldDesignator=D? NewDesignator=D8
Change Component Designator: OldDesignator=D? NewDesignator=D9
Change Component Designator: OldDesignator=D? NewDesignator=D13
Change Component Designator: OldDesignator=D? NewDesignator=D14
Change Component Designator: OldDesignator=D? NewDesignator=D15
Change Component Designator: OldDesignator=D? NewDesignator=D16
Change Component Designator: OldDesignator=F? NewDesignator=F1
Change Component Designator: OldDesignator=F? NewDesignator=F2
Change Component Designator: OldDesignator=F? NewDesignator=F3
Change Component Designator: OldDesignator=FM? NewDesignator=FM1
Change Component Designator: OldDesignator=J? NewDesignator=J1
Change Component Designator: OldDesignator=J? NewDesignator=J2
Change Component Designator: OldDesignator=J? NewDesignator=J3
Change Component Designator: OldDesignator=J? NewDesignator=J4
Change Component Designator: OldDesignator=J? NewDesignator=J5
Change Component Designator: OldDesignator=J? NewDesignator=J6
Change Component Designator: OldDesignator=J? NewDesignator=J7
Change Component Designator: OldDesignator=J? NewDesignator=J9
Change Component Designator: OldDesignator=JP? NewDesignator=JP1
Change Component Designator: OldDesignator=K? NewDesignator=K1
Change Component Designator: OldDesignator=K? NewDesignator=K2
Change Component Designator: OldDesignator=K? NewDesignator=K3
Change Component Designator: OldDesignator=K? NewDesignator=K4
Change Component Designator: OldDesignator=K? NewDesignator=K5
Change Component Designator: OldDesignator=L? NewDesignator=L1
Change Component Designator: OldDesignator=P? NewDesignator=P1
Change Component Designator: OldDesignator=Q? NewDesignator=Q1
Change Component Designator: OldDesignator=R? NewDesignator=R1
Change Component Designator: OldDesignator=R? NewDesignator=R2
Change Component Designator: OldDesignator=R? NewDesignator=R3
Change Component Designator: OldDesignator=R? NewDesignator=R13
Change Component Designator: OldDesignator=R? NewDesignator=R17
Change Component Designator: OldDesignator=R? NewDesignator=R26
Change Component Designator: OldDesignator=R? NewDesignator=R28
Change Component Designator: OldDesignator=R? NewDesignator=R29
Change Component Designator: OldDesignator=R? NewDesignator=R30
Change Component Designator: OldDesignator=R? NewDesignator=R31
Change Component Designator: OldDesignator=R? NewDesignator=R36
Change Component Designator: OldDesignator=R? NewDesignator=R37
Change Component Designator: OldDesignator=R? NewDesignator=R44
Change Component Designator: OldDesignator=R? NewDesignator=R45
Change Component Designator: OldDesignator=R? NewDesignator=R46
Change Component Designator: OldDesignator=R? NewDesignator=R47
Change Component Designator: OldDesignator=R? NewDesignator=R48
Change Component Designator: OldDesignator=R? NewDesignator=R49
Change Component Designator: OldDesignator=R? NewDesignator=R50
Change Component Designator: OldDesignator=RN? NewDesignator=RN1
Change Component Designator: OldDesignator=RN? NewDesignator=RN2
Change Component Designator: OldDesignator=SW? NewDesignator=SW1
Change Component Designator: OldDesignator=SW? NewDesignator=SW2
Change Component Designator: OldDesignator=U? NewDesignator=U7
Change Component Designator: OldDesignator=U? NewDesignator=U8
Change Component Designator: OldDesignator=U? NewDesignator=U9
Added Component: Designator=C1(CAP_0603)
Added Component: Designator=C2(CAP_0603)
Added Component: Designator=C3(CAP_0603)
Added Component: Designator=C4(CAP_0603)
Added Component: Designator=C5(CAP_0603)
Added Component: Designator=C6(CAP_0603)
Added Component: Designator=C7(CAP_0603)
Added Component: Designator=C8(CAP_0603)
Added Component: Designator=C9(CAP_0603)
Added Component: Designator=C10(CAP_0603)
Added Component: Designator=C11(CAP_0603)
Added Component: Designator=C12(CAP_0603)
Added Component: Designator=C13(CAP_0603)
Added Component: Designator=C14(CAP_0603)
Added Component: Designator=C15(CAP_0603)
Added Component: Designator=D4(LL-34_L3.5-W1.5-RD)
Added Component: Designator=D5(LL-34_L3.5-W1.5-RD)
Added Component: Designator=D10(LL-34_L3.5-W1.5-RD)
Added Component: Designator=D11(LL-34_L3.5-W1.5-RD)
Added Component: Designator=D12(LL-34_L3.5-W1.5-RD)
Added Component: Designator=J8(HX2.54-2)
Added Component: Designator=J10(HX2.54-2)
Added Component: Designator=J11(HX2.54-2)
Added Component: Designator=J12(HX2.54-2)
Added Component: Designator=J13(HX2.54-2)
Added Component: Designator=R4(RES_0603)
Added Component: Designator=R5(RES_0603)
Added Component: Designator=R6(RES_0603)
Added Component: Designator=R7(RES_0603)
Added Component: Designator=R8(RES_0603)
Added Component: Designator=R9(RES_0603)
Added Component: Designator=R10(RES_0603)
Added Component: Designator=R11(RES_0603)
Added Component: Designator=R12(RES_0603)
Added Component: Designator=R14(RES_POT-3296W)
Added Component: Designator=R15(RES_0603)
Added Component: Designator=R16(RES_POT-3296W)
Added Component: Designator=R18(RES_0603)
Added Component: Designator=R19(RES_0603)
Added Component: Designator=R20(RES_0603)
Added Component: Designator=R21(RES_0603)
Added Component: Designator=R22(RES_0603)
Added Component: Designator=R23(RES_0603)
Added Component: Designator=R24(RES_0603)
Added Component: Designator=R25(RES_0603)
Added Component: Designator=R27(RES_0603)
Added Component: Designator=R32(RES_POT-3296W)
Added Component: Designator=R33(RES_0603)
Added Component: Designator=R34(RES_POT-3296W)
Added Component: Designator=R35(RES_0603)
Added Component: Designator=R38(RES_0603)
Added Component: Designator=R39(RES_0603)
Added Component: Designator=R40(RES_0603)
Added Component: Designator=R41(RES_0603)
Added Component: Designator=R42(RES_POT-3296W)
Added Component: Designator=R43(RES_0603)
Added Component: Designator=U1(SOIC-8_150MIL)
Added Component: Designator=U2(SOIC-8_150MIL)
Added Component: Designator=U3(SOIC-8_150MIL)
Added Component: Designator=U4(SOIC-8_150MIL)
Added Component: Designator=U5(SOIC-8_150MIL)
Added Component: Designator=U6(MK66_MCU)
Added Pin To Net: NetName=VCC_5V Pin=C1-1
Added Pin To Net: NetName=GND Pin=C1-2
Added Pin To Net: NetName=VCC_5V Pin=C2-1
Added Pin To Net: NetName=GND Pin=C2-2
Added Pin To Net: NetName=GND Pin=C3-2
Added Pin To Net: NetName=GND Pin=C5-2
Added Pin To Net: NetName=VCC_5V Pin=C7-1
Added Pin To Net: NetName=GND Pin=C7-2
Added Pin To Net: NetName=VCC_5V Pin=C8-1
Added Pin To Net: NetName=GND Pin=C8-2
Added Pin To Net: NetName=GND Pin=C9-2
Added Pin To Net: NetName=GND Pin=C11-2
Added Pin To Net: NetName=VCC_5V Pin=C13-1
Added Pin To Net: NetName=GND Pin=C13-2
Added Pin To Net: NetName=GND Pin=C14-2
Added Pin To Net: NetName=GND Pin=D4-2
Added Pin To Net: NetName=GND Pin=D5-2
Added Pin To Net: NetName=GND Pin=D10-2
Added Pin To Net: NetName=GND Pin=D11-2
Added Pin To Net: NetName=GND Pin=D12-2
Added Pin To Net: NetName=GND Pin=J8-2
Added Pin To Net: NetName=GND Pin=J10-2
Added Pin To Net: NetName=GND Pin=J11-2
Added Pin To Net: NetName=GND Pin=J12-2
Added Pin To Net: NetName=GND Pin=J13-2
Added Pin To Net: NetName=GND Pin=R4-2
Added Pin To Net: NetName=GND Pin=R5-2
Added Pin To Net: NetName=GND Pin=R6-2
Added Pin To Net: NetName=GND Pin=R8-2
Added Pin To Net: NetName=VCC_5V Pin=R10-1
Added Pin To Net: NetName=GND Pin=R15-1
Added Pin To Net: NetName=GND Pin=R18-1
Added Pin To Net: NetName=GND Pin=R19-2
Added Pin To Net: NetName=GND Pin=R20-2
Added Pin To Net: NetName=GND Pin=R21-2
Added Pin To Net: NetName=GND Pin=R23-2
Added Pin To Net: NetName=GND Pin=R33-1
Added Pin To Net: NetName=GND Pin=R35-1
Added Pin To Net: NetName=GND Pin=R38-2
Added Pin To Net: NetName=GND Pin=R39-2
Added Pin To Net: NetName=GND Pin=R43-1
Added Pin To Net: NetName=GND Pin=U1-4
Added Pin To Net: NetName=VCC_5V Pin=U1-8
Added Pin To Net: NetName=GND Pin=U2-4
Added Pin To Net: NetName=VCC_5V Pin=U2-8
Added Pin To Net: NetName=GND Pin=U3-4
Added Pin To Net: NetName=VCC_5V Pin=U3-8
Added Pin To Net: NetName=GND Pin=U4-4
Added Pin To Net: NetName=VCC_5V Pin=U4-8
Added Pin To Net: NetName=GND Pin=U5-4
Added Pin To Net: NetName=VCC_5V Pin=U5-8
Change Net Name : Old Net Name=NetC?_1 New Net Name=NetC21_1
Change Net Name : Old Net Name=NetC?_2 New Net Name=NetC24_2
Change Net Name : Old Net Name=NetD?_1 New Net Name=NetD13_1
Change Net Name : Old Net Name=NetD?_2 New Net Name=NetD16_2
Change Net Name : Old Net Name=NetD?_A New Net Name=NetD14_A
Change Net Name : Old Net Name=NetFM?_1 New Net Name=NetFM1_1
Change Net Name : Old Net Name=NetJ?_3 New Net Name=NetJ5_3
Change Net Name : Old Net Name=NetJ?_4 New Net Name=NetJ5_4
Change Net Name : Old Net Name=NetJ?_5 New Net Name=NetJ3_5
Change Net Name : Old Net Name=NetJ?_6 New Net Name=NetJ3_6
Change Net Name : Old Net Name=NetQ?_2 New Net Name=NetQ1_2
Change Net Name : Old Net Name=NetR?_1 New Net Name=NetR45_2
Added Pin To Net: NetName=LC1 Pin=J8-1
Added Pin To Net: NetName=LC1 Pin=U1-3
Added Net: Name=LC1
Added Pin To Net: NetName=LC2 Pin=J10-1
Added Pin To Net: NetName=LC2 Pin=U3-3
Added Net: Name=LC2
Added Pin To Net: NetName=LC3 Pin=J13-1
Added Pin To Net: NetName=LC3 Pin=U2-3
Added Net: Name=LC3
Added Pin To Net: NetName=LC4 Pin=J12-1
Added Pin To Net: NetName=LC4 Pin=U4-3
Added Net: Name=LC4
Added Pin To Net: NetName=LC5 Pin=J11-1
Added Pin To Net: NetName=LC5 Pin=U5-3
Added Net: Name=LC5
Added Pin To Net: NetName=NetC3_1 Pin=C3-1
Added Pin To Net: NetName=NetC3_1 Pin=D4-1
Added Pin To Net: NetName=NetC3_1 Pin=R7-1
Added Net: Name=NetC3_1
Added Pin To Net: NetName=NetC4_1 Pin=C4-1
Added Pin To Net: NetName=NetC4_1 Pin=R11-2
Added Pin To Net: NetName=NetC4_1 Pin=U1-1
Added Net: Name=NetC4_1
Added Pin To Net: NetName=NetC4_2 Pin=C4-2
Added Pin To Net: NetName=NetC4_2 Pin=R4-1
Added Pin To Net: NetName=NetC4_2 Pin=U1-5
Added Net: Name=NetC4_2
Added Pin To Net: NetName=NetC5_1 Pin=C5-1
Added Pin To Net: NetName=NetC5_1 Pin=D5-1
Added Pin To Net: NetName=NetC5_1 Pin=R9-1
Added Net: Name=NetC5_1
Added Pin To Net: NetName=NetC6_1 Pin=C6-1
Added Pin To Net: NetName=NetC6_1 Pin=R12-2
Added Pin To Net: NetName=NetC6_1 Pin=U2-1
Added Net: Name=NetC6_1
Added Pin To Net: NetName=NetC6_2 Pin=C6-2
Added Pin To Net: NetName=NetC6_2 Pin=R5-1
Added Pin To Net: NetName=NetC6_2 Pin=U2-5
Added Net: Name=NetC6_2
Added Pin To Net: NetName=NetC9_1 Pin=C9-1
Added Pin To Net: NetName=NetC9_1 Pin=D10-1
Added Pin To Net: NetName=NetC9_1 Pin=R22-1
Added Net: Name=NetC9_1
Added Pin To Net: NetName=NetC10_1 Pin=C10-1
Added Pin To Net: NetName=NetC10_1 Pin=R25-2
Added Pin To Net: NetName=NetC10_1 Pin=U3-1
Added Net: Name=NetC10_1
Added Pin To Net: NetName=NetC10_2 Pin=C10-2
Added Pin To Net: NetName=NetC10_2 Pin=R19-1
Added Pin To Net: NetName=NetC10_2 Pin=U3-5
Added Net: Name=NetC10_2
Added Pin To Net: NetName=NetC11_1 Pin=C11-1
Added Pin To Net: NetName=NetC11_1 Pin=D11-1
Added Pin To Net: NetName=NetC11_1 Pin=R24-1
Added Net: Name=NetC11_1
Added Pin To Net: NetName=NetC12_1 Pin=C12-1
Added Pin To Net: NetName=NetC12_1 Pin=R27-2
Added Pin To Net: NetName=NetC12_1 Pin=U4-1
Added Net: Name=NetC12_1
Added Pin To Net: NetName=NetC12_2 Pin=C12-2
Added Pin To Net: NetName=NetC12_2 Pin=R20-1
Added Pin To Net: NetName=NetC12_2 Pin=U4-5
Added Net: Name=NetC12_2
Added Pin To Net: NetName=NetC14_1 Pin=C14-1
Added Pin To Net: NetName=NetC14_1 Pin=D12-1
Added Pin To Net: NetName=NetC14_1 Pin=R40-1
Added Net: Name=NetC14_1
Added Pin To Net: NetName=NetC15_1 Pin=C15-1
Added Pin To Net: NetName=NetC15_1 Pin=R41-2
Added Pin To Net: NetName=NetC15_1 Pin=U5-1
Added Net: Name=NetC15_1
Added Pin To Net: NetName=NetC15_2 Pin=C15-2
Added Pin To Net: NetName=NetC15_2 Pin=R38-1
Added Pin To Net: NetName=NetC15_2 Pin=U5-5
Added Net: Name=NetC15_2
Added Pin To Net: NetName=NetC22_2 Pin=C22-2
Added Pin To Net: NetName=NetC22_2 Pin=F3-1
Added Pin To Net: NetName=NetC22_2 Pin=U9-3
Added Pin To Net: NetName=NetC22_2 Pin=U9-4
Added Net: Name=NetC22_2
Added Pin To Net: NetName=NetC23_1 Pin=C23-1
Added Pin To Net: NetName=NetC23_1 Pin=C24-1
Added Pin To Net: NetName=NetC23_1 Pin=R48-1
Added Pin To Net: NetName=NetC23_1 Pin=R49-2
Added Pin To Net: NetName=NetC23_1 Pin=U9-5
Added Pin To Net: NetName=NetC23_1 Pin=U9-6
Added Pin To Net: NetName=NetC23_1 Pin=U9-7
Added Net: Name=NetC23_1
Added Pin To Net: NetName=NetD13_2 Pin=D13-2
Added Pin To Net: NetName=NetD13_2 Pin=F1-1
Added Net: Name=NetD13_2
Added Pin To Net: NetName=NetD15_1 Pin=D15-1
Added Pin To Net: NetName=NetD15_1 Pin=F3-2
Added Net: Name=NetD15_1
Added Pin To Net: NetName=NetJ1_3 Pin=J1-3
Added Pin To Net: NetName=NetJ1_3 Pin=R2-2
Added Net: Name=NetJ1_3
Added Pin To Net: NetName=NetJ3_3 Pin=J3-3
Added Pin To Net: NetName=NetJ3_3 Pin=RN1-4
Added Net: Name=NetJ3_3
Added Pin To Net: NetName=NetJ3_4 Pin=J3-4
Added Pin To Net: NetName=NetJ3_4 Pin=RN1-3
Added Net: Name=NetJ3_4
Added Pin To Net: NetName=NetQ1_1 Pin=Q1-1
Added Pin To Net: NetName=NetQ1_1 Pin=R10-2
Added Pin To Net: NetName=NetQ1_1 Pin=R13-1
Added Net: Name=NetQ1_1
Added Pin To Net: NetName=NetR6_1 Pin=R6-1
Added Pin To Net: NetName=NetR6_1 Pin=R11-1
Added Pin To Net: NetName=NetR6_1 Pin=U1-2
Added Net: Name=NetR6_1
Added Pin To Net: NetName=NetR7_2 Pin=R7-2
Added Pin To Net: NetName=NetR7_2 Pin=R14-2
Added Pin To Net: NetName=NetR7_2 Pin=U1-7
Added Net: Name=NetR7_2
Added Pin To Net: NetName=NetR8_1 Pin=R8-1
Added Pin To Net: NetName=NetR8_1 Pin=R12-1
Added Pin To Net: NetName=NetR8_1 Pin=U2-2
Added Net: Name=NetR8_1
Added Pin To Net: NetName=NetR9_2 Pin=R9-2
Added Pin To Net: NetName=NetR9_2 Pin=R16-2
Added Pin To Net: NetName=NetR9_2 Pin=U2-7
Added Net: Name=NetR9_2
Added Pin To Net: NetName=NetR14_1 Pin=R14-1
Added Pin To Net: NetName=NetR14_1 Pin=R15-2
Added Pin To Net: NetName=NetR14_1 Pin=U1-6
Added Net: Name=NetR14_1
Added Pin To Net: NetName=NetR16_1 Pin=R16-1
Added Pin To Net: NetName=NetR16_1 Pin=R18-2
Added Pin To Net: NetName=NetR16_1 Pin=U2-6
Added Net: Name=NetR16_1
Added Pin To Net: NetName=NetR21_1 Pin=R21-1
Added Pin To Net: NetName=NetR21_1 Pin=R25-1
Added Pin To Net: NetName=NetR21_1 Pin=U3-2
Added Net: Name=NetR21_1
Added Pin To Net: NetName=NetR22_2 Pin=R22-2
Added Pin To Net: NetName=NetR22_2 Pin=R32-2
Added Pin To Net: NetName=NetR22_2 Pin=U3-7
Added Net: Name=NetR22_2
Added Pin To Net: NetName=NetR23_1 Pin=R23-1
Added Pin To Net: NetName=NetR23_1 Pin=R27-1
Added Pin To Net: NetName=NetR23_1 Pin=U4-2
Added Net: Name=NetR23_1
Added Pin To Net: NetName=NetR24_2 Pin=R24-2
Added Pin To Net: NetName=NetR24_2 Pin=R34-2
Added Pin To Net: NetName=NetR24_2 Pin=U4-7
Added Net: Name=NetR24_2
Added Pin To Net: NetName=NetR32_1 Pin=R32-1
Added Pin To Net: NetName=NetR32_1 Pin=R33-2
Added Pin To Net: NetName=NetR32_1 Pin=U3-6
Added Net: Name=NetR32_1
Added Pin To Net: NetName=NetR34_1 Pin=R34-1
Added Pin To Net: NetName=NetR34_1 Pin=R35-2
Added Pin To Net: NetName=NetR34_1 Pin=U4-6
Added Net: Name=NetR34_1
Added Pin To Net: NetName=NetR39_1 Pin=R39-1
Added Pin To Net: NetName=NetR39_1 Pin=R41-1
Added Pin To Net: NetName=NetR39_1 Pin=U5-2
Added Net: Name=NetR39_1
Added Pin To Net: NetName=NetR40_2 Pin=R40-2
Added Pin To Net: NetName=NetR40_2 Pin=R42-2
Added Pin To Net: NetName=NetR40_2 Pin=U5-7
Added Net: Name=NetR40_2
Added Pin To Net: NetName=NetR42_1 Pin=R42-1
Added Pin To Net: NetName=NetR42_1 Pin=R43-2
Added Pin To Net: NetName=NetR42_1 Pin=U5-6
Added Net: Name=NetR42_1
Added Pin To Net: NetName=NetR49_1 Pin=R49-1
Added Pin To Net: NetName=NetR49_1 Pin=U9-8
Added Net: Name=NetR49_1
Added Member To Class: ClassName=MK66MCU Member=Component C1 104
Added Member To Class: ClassName=MK66MCU Member=Component C2 104
Added Member To Class: ClassName=MK66MCU Member=Component C3 22uf
Added Member To Class: ClassName=MK66MCU Member=Component C4 2.2nf
Added Member To Class: ClassName=MK66MCU Member=Component C5 22uf
Added Member To Class: ClassName=MK66MCU Member=Component C6 2.2nf
Added Member To Class: ClassName=MK66MCU Member=Component C7 104
Added Member To Class: ClassName=MK66MCU Member=Component C8 104
Added Member To Class: ClassName=MK66MCU Member=Component C9 22uf
Added Member To Class: ClassName=MK66MCU Member=Component C10 2.2nf
Added Member To Class: ClassName=MK66MCU Member=Component C11 22uf
Added Member To Class: ClassName=MK66MCU Member=Component C12 2.2nf
Added Member To Class: ClassName=MK66MCU Member=Component C13 104
Added Member To Class: ClassName=MK66MCU Member=Component C14 22uf
Added Member To Class: ClassName=MK66MCU Member=Component C15 2.2nf
Added Member To Class: ClassName=MK66MCU Member=Component C16 1000uF/35V
Added Member To Class: ClassName=MK66MCU Member=Component C17 106
Added Member To Class: ClassName=MK66MCU Member=Component C18 104
Added Member To Class: ClassName=MK66MCU Member=Component C19 106
Added Member To Class: ClassName=MK66MCU Member=Component C20 470uF/35V
Added Member To Class: ClassName=MK66MCU Member=Component C21 220uF/25V
Added Member To Class: ClassName=MK66MCU Member=Component C22 104
Added Member To Class: ClassName=MK66MCU Member=Component C23 470uF/35V
Added Member To Class: ClassName=MK66MCU Member=Component D1 ZMM3V3
Added Member To Class: ClassName=MK66MCU Member=Component D2 ZMM3V3
Added Member To Class: ClassName=MK66MCU Member=Component D4 ZMM3V3
Added Member To Class: ClassName=MK66MCU Member=Component D5 ZMM3V3
Added Member To Class: ClassName=MK66MCU Member=Component D6 ZMM3V3
Added Member To Class: ClassName=MK66MCU Member=Component D7 ZMM3V3
Added Member To Class: ClassName=MK66MCU Member=Component D8 ZMM3V3
Added Member To Class: ClassName=MK66MCU Member=Component D9 ZMM3V3
Added Member To Class: ClassName=MK66MCU Member=Component D10 ZMM3V3
Added Member To Class: ClassName=MK66MCU Member=Component D11 ZMM3V3
Added Member To Class: ClassName=MK66MCU Member=Component D12 ZMM3V3
Added Member To Class: ClassName=MK66MCU Member=Component D13 SS54/5A/40V
Added Member To Class: ClassName=MK66MCU Member=Component D14 LED
Added Member To Class: ClassName=MK66MCU Member=Component D15 SS54/5A/40V
Added Member To Class: ClassName=MK66MCU Member=Component D16 SS54/5A/40V
Added Member To Class: ClassName=MK66MCU Member=Component F1 3A/16V
Added Member To Class: ClassName=MK66MCU Member=Component F2 JK-NSMD100-16V
Added Member To Class: ClassName=MK66MCU Member=Component J1 Header
Added Member To Class: ClassName=MK66MCU Member=Component J3 Header
Added Member To Class: ClassName=MK66MCU Member=Component J4 Header
Added Member To Class: ClassName=MK66MCU Member=Component J5 Header
Added Member To Class: ClassName=MK66MCU Member=Component J6 Header
Added Member To Class: ClassName=MK66MCU Member=Component J7 Header
Added Member To Class: ClassName=MK66MCU Member=Component J8 Header
Added Member To Class: ClassName=MK66MCU Member=Component J9 Header
Added Member To Class: ClassName=MK66MCU Member=Component J10 Header
Added Member To Class: ClassName=MK66MCU Member=Component J11 Header
Added Member To Class: ClassName=MK66MCU Member=Component J12 Header
Added Member To Class: ClassName=MK66MCU Member=Component J13 Header
Added Member To Class: ClassName=MK66MCU Member=Component K2 TS-Button_2P
Added Member To Class: ClassName=MK66MCU Member=Component K3 TS-Button_2P
Added Member To Class: ClassName=MK66MCU Member=Component K4 TS-Button_2P
Added Member To Class: ClassName=MK66MCU Member=Component K5 TS-Button_2P
Added Member To Class: ClassName=MK66MCU Member=Component R1 2k
Added Member To Class: ClassName=MK66MCU Member=Component R2 2k
Added Member To Class: ClassName=MK66MCU Member=Component R3 2k
Added Member To Class: ClassName=MK66MCU Member=Component R4 10k
Added Member To Class: ClassName=MK66MCU Member=Component R5 10k
Added Member To Class: ClassName=MK66MCU Member=Component R6 1k
Added Member To Class: ClassName=MK66MCU Member=Component R7 100
Added Member To Class: ClassName=MK66MCU Member=Component R8 1k
Added Member To Class: ClassName=MK66MCU Member=Component R9 100
Added Member To Class: ClassName=MK66MCU Member=Component R10 100
Added Member To Class: ClassName=MK66MCU Member=Component R11 30k
Added Member To Class: ClassName=MK66MCU Member=Component R12 30k
Added Member To Class: ClassName=MK66MCU Member=Component R13 10k
Added Member To Class: ClassName=MK66MCU Member=Component R14 10k
Added Member To Class: ClassName=MK66MCU Member=Component R15 510
Added Member To Class: ClassName=MK66MCU Member=Component R16 10k
Added Member To Class: ClassName=MK66MCU Member=Component R17 1k
Added Member To Class: ClassName=MK66MCU Member=Component R18 510
Added Member To Class: ClassName=MK66MCU Member=Component R19 10k
Added Member To Class: ClassName=MK66MCU Member=Component R20 10k
Added Member To Class: ClassName=MK66MCU Member=Component R21 1k
Added Member To Class: ClassName=MK66MCU Member=Component R22 100
Added Member To Class: ClassName=MK66MCU Member=Component R23 1k
Added Member To Class: ClassName=MK66MCU Member=Component R24 100
Added Member To Class: ClassName=MK66MCU Member=Component R25 30k
Added Member To Class: ClassName=MK66MCU Member=Component R26 10k
Added Member To Class: ClassName=MK66MCU Member=Component R27 30k
Added Member To Class: ClassName=MK66MCU Member=Component R28 10k
Added Member To Class: ClassName=MK66MCU Member=Component R29 10k
Added Member To Class: ClassName=MK66MCU Member=Component R30 10k
Added Member To Class: ClassName=MK66MCU Member=Component R31 10k
Added Member To Class: ClassName=MK66MCU Member=Component R32 10k
Added Member To Class: ClassName=MK66MCU Member=Component R33 510
Added Member To Class: ClassName=MK66MCU Member=Component R34 10k
Added Member To Class: ClassName=MK66MCU Member=Component R35 510
Added Member To Class: ClassName=MK66MCU Member=Component R36 1k
Added Member To Class: ClassName=MK66MCU Member=Component R37 1k
Added Member To Class: ClassName=MK66MCU Member=Component R38 10k
Added Member To Class: ClassName=MK66MCU Member=Component R39 1k
Added Member To Class: ClassName=MK66MCU Member=Component R40 100
Added Member To Class: ClassName=MK66MCU Member=Component R41 30k
Added Member To Class: ClassName=MK66MCU Member=Component R42 10k
Added Member To Class: ClassName=MK66MCU Member=Component R43 510
Added Member To Class: ClassName=MK66MCU Member=Component R44 2k
Added Member To Class: ClassName=MK66MCU Member=Component R45 4.7k
Added Member To Class: ClassName=MK66MCU Member=Component R46 2k
Added Member To Class: ClassName=MK66MCU Member=Component R47 1k
Added Member To Class: ClassName=MK66MCU Member=Component R48 0¦¸
Added Member To Class: ClassName=MK66MCU Member=Component R50 1¦¸
Added Member To Class: ClassName=MK66MCU Member=Component RN1 2k
Added Member To Class: ClassName=MK66MCU Member=Component SW1 ²¦Âë¿ª¹Ø4P
Added Member To Class: ClassName=MK66MCU Member=Component U1 LMV358IDR
Added Member To Class: ClassName=MK66MCU Member=Component U2 LMV358IDR
Added Member To Class: ClassName=MK66MCU Member=Component U3 LMV358IDR
Added Member To Class: ClassName=MK66MCU Member=Component U4 LMV358IDR
Added Member To Class: ClassName=MK66MCU Member=Component U5 LMV358IDR
Added Member To Class: ClassName=MK66MCU Member=Component U6 MK66CoreBoard
Added Member To Class: ClassName=MK66MCU Member=Component U7 AMS1117-3.3
Added Member To Class: ClassName=MK66MCU Member=Component U8 LM2596S-5.0/TR_C340931
Added Room: Name=MK66MCU
