Removed Pin From Net: NetName=7.2V Pin=C14-1
Removed Pin From Net: NetName=GND Pin=C14-2
Removed Pin From Net: NetName=7.2V Pin=F1-2
Removed Pin From Net: NetName=NetC16_2 Pin=F3-1
Removed Pin From Net: NetName=GND Pin=J3-1
Removed Pin From Net: NetName=ENCODE1_LSB Pin=J3-2
Removed Pin From Net: NetName=ENCODE1_DIR Pin=J3-5
Removed Pin From Net: NetName=VCC_5V Pin=J3-6
Removed Pin From Net: NetName=GND Pin=J4-1
Removed Pin From Net: NetName=ENCODE2_LSB Pin=J4-2
Removed Pin From Net: NetName=ENCODE2_DIR Pin=J4-5
Removed Pin From Net: NetName=VCC_5V Pin=J4-6
Removed Pin From Net: NetName=GND Pin=P1-2
Removed Member From Class: ClassName=MK66MCU Member=C17
Removed Member From Class: ClassName=MK66MCU Member=D12
Removed Member From Class: ClassName=MK66MCU Member=F3
Change Component Footprint: Designator=J1 Old Footprint=Header H 2.54X4 New Footprint=Header 2.54X4
Change Component Designator: OldDesignator=C15 NewDesignator=C14
Change Component Designator: OldDesignator=C16 NewDesignator=C15
Change Component Designator: OldDesignator=C17 NewDesignator=C16
Change Component Designator: OldDesignator=D10 NewDesignator=D9
Change Component Designator: OldDesignator=D11 NewDesignator=D10
Change Component Designator: OldDesignator=D12 NewDesignator=D11
Change Component Designator: OldDesignator=Q1 NewDesignator=Q2
Added Component: Designator=C12(CAP_0603)
Added Component: Designator=F1(FUSE_1210)
Added Component: Designator=J3(IDC_6P)
Added Component: Designator=J4(IDC_6P)
Added Component: Designator=J12(IDC_10P)
Added Component: Designator=J13(IDC_10P)
Added Component: Designator=JP3(XT60PW)
Added Component: Designator=K6(SW_SMD_6.1*3.7)
Added Component: Designator=Q1(TO-252-2)
Added Pin To Net: NetName=7.2V Pin=C12-1
Added Pin To Net: NetName=GND Pin=C12-2
Added Pin To Net: NetName=NetC16_2 Pin=D11-2
Added Pin To Net: NetName=7.2V Pin=F1-1
Added Pin To Net: NetName=GND Pin=J3-1
Added Pin To Net: NetName=ENCODE1_LSB Pin=J3-2
Added Pin To Net: NetName=ENCODE1_DIR Pin=J3-5
Added Pin To Net: NetName=VCC_5V Pin=J3-6
Added Pin To Net: NetName=GND Pin=J4-1
Added Pin To Net: NetName=ENCODE2_LSB Pin=J4-2
Added Pin To Net: NetName=ENCODE2_DIR Pin=J4-5
Added Pin To Net: NetName=VCC_5V Pin=J4-6
Added Pin To Net: NetName=DC_POWERIN Pin=JP3-1
Added Pin To Net: NetName=DC_POWERIN Pin=Q1-1
Added Pin To Net: NetName=GND Pin=Q1-3
Change Net Name : Old Net Name=NetC15_1 New Net Name=NetC14_1
Change Net Name : Old Net Name=NetC16_2 New Net Name=NetC15_2
Change Net Name : Old Net Name=NetC17_1 New Net Name=NetC16_1
Change Net Name : Old Net Name=NetC17_2 New Net Name=NetC16_2
Change Net Name : Old Net Name=NetD10_A New Net Name=NetD9_A
Change Net Name : Old Net Name=NetD11_2 New Net Name=NetD10_2
Change Net Name : Old Net Name=NetQ1_2 New Net Name=NetQ2_2
Added Pin To Net: NetName=NetF1_2 Pin=F1-2
Added Pin To Net: NetName=NetF1_2 Pin=SW1-2
Added Net: Name=NetF1_2
Added Pin To Net: NetName=VEE Pin=JP3-2
Added Pin To Net: NetName=VEE Pin=P1-2
Added Pin To Net: NetName=VEE Pin=Q1-4
Added Net: Name=VEE
Added Member To Class: ClassName=MK66MCU Member=Component C12 106
Added Member To Class: ClassName=MK66MCU Member=Component J12 Header 2.54_2X5
Added Member To Class: ClassName=MK66MCU Member=Component J13 Header 2.54_2X5
Added Member To Class: ClassName=MK66MCU Member=Component JP3 XT60PW
Added Member To Class: ClassName=MK66MCU Member=Component K6 TS-Button_2P
Added Member To Class: ClassName=MK66MCU Member=Component Q2 2N3906
Added Member To Class: ClassName=MK66MCU Member=Component U5 MK66CoreBoard
